<?xml version="1.0" encoding="UTF-8"?>
<testsuites name="jest tests" tests="13" failures="9" errors="0" time="24.131">
  <testsuite name="AIService" errors="0" failures="4" skipped="0" timestamp="2024-06-16T22:49:01" time="21.451" tests="4">
    <testcase classname="AIService should evaluate a single rule correctly" name="AIService should evaluate a single rule correctly" time="5.003">
      <failure>Error: thrown: &quot;Exceeded timeout of 5000 ms for a test.
Add a timeout value to this test to increase the timeout, if this is a long-running test. See https://jestjs.io/docs/api#testname-fn-timeout.&quot;
    at test (/Users/pejmanhaghighatnia/Bleu.js/backend/tests/aiTests.test.js:10:3)
    at _dispatchDescribe (/Users/pejmanhaghighatnia/Bleu.js/node_modules/.pnpm/jest-circus@29.7.0/node_modules/jest-circus/build/index.js:91:26)
    at describe (/Users/pejmanhaghighatnia/Bleu.js/node_modules/.pnpm/jest-circus@29.7.0/node_modules/jest-circus/build/index.js:55:5)
    at Object.describe (/Users/pejmanhaghighatnia/Bleu.js/backend/tests/aiTests.test.js:3:1)
    at Runtime._execModule (/Users/pejmanhaghighatnia/Bleu.js/node_modules/.pnpm/jest-runtime@29.7.0/node_modules/jest-runtime/build/index.js:1439:24)
    at Runtime._loadModule (/Users/pejmanhaghighatnia/Bleu.js/node_modules/.pnpm/jest-runtime@29.7.0/node_modules/jest-runtime/build/index.js:1022:12)
    at Runtime.requireModule (/Users/pejmanhaghighatnia/Bleu.js/node_modules/.pnpm/jest-runtime@29.7.0/node_modules/jest-runtime/build/index.js:882:12)
    at jestAdapter (/Users/pejmanhaghighatnia/Bleu.js/node_modules/.pnpm/jest-circus@29.7.0/node_modules/jest-circus/build/legacy-code-todo-rewrite/jestAdapter.js:77:13)
    at processTicksAndRejections (node:internal/process/task_queues:95:5)
    at runTestInternal (/Users/pejmanhaghighatnia/Bleu.js/node_modules/.pnpm/jest-runner@29.7.0/node_modules/jest-runner/build/runTest.js:367:16)
    at runTest (/Users/pejmanhaghighatnia/Bleu.js/node_modules/.pnpm/jest-runner@29.7.0/node_modules/jest-runner/build/runTest.js:444:34)</failure>
    </testcase>
    <testcase classname="AIService should evaluate multiple rules correctly" name="AIService should evaluate multiple rules correctly" time="5.001">
      <failure>Error: thrown: &quot;Exceeded timeout of 5000 ms for a test.
Add a timeout value to this test to increase the timeout, if this is a long-running test. See https://jestjs.io/docs/api#testname-fn-timeout.&quot;
    at test (/Users/pejmanhaghighatnia/Bleu.js/backend/tests/aiTests.test.js:22:3)
    at _dispatchDescribe (/Users/pejmanhaghighatnia/Bleu.js/node_modules/.pnpm/jest-circus@29.7.0/node_modules/jest-circus/build/index.js:91:26)
    at describe (/Users/pejmanhaghighatnia/Bleu.js/node_modules/.pnpm/jest-circus@29.7.0/node_modules/jest-circus/build/index.js:55:5)
    at Object.describe (/Users/pejmanhaghighatnia/Bleu.js/backend/tests/aiTests.test.js:3:1)
    at Runtime._execModule (/Users/pejmanhaghighatnia/Bleu.js/node_modules/.pnpm/jest-runtime@29.7.0/node_modules/jest-runtime/build/index.js:1439:24)
    at Runtime._loadModule (/Users/pejmanhaghighatnia/Bleu.js/node_modules/.pnpm/jest-runtime@29.7.0/node_modules/jest-runtime/build/index.js:1022:12)
    at Runtime.requireModule (/Users/pejmanhaghighatnia/Bleu.js/node_modules/.pnpm/jest-runtime@29.7.0/node_modules/jest-runtime/build/index.js:882:12)
    at jestAdapter (/Users/pejmanhaghighatnia/Bleu.js/node_modules/.pnpm/jest-circus@29.7.0/node_modules/jest-circus/build/legacy-code-todo-rewrite/jestAdapter.js:77:13)
    at processTicksAndRejections (node:internal/process/task_queues:95:5)
    at runTestInternal (/Users/pejmanhaghighatnia/Bleu.js/node_modules/.pnpm/jest-runner@29.7.0/node_modules/jest-runner/build/runTest.js:367:16)
    at runTest (/Users/pejmanhaghighatnia/Bleu.js/node_modules/.pnpm/jest-runner@29.7.0/node_modules/jest-runner/build/runTest.js:444:34)</failure>
    </testcase>
    <testcase classname="AIService should return null when no rules match" name="AIService should return null when no rules match" time="5.005">
      <failure>Error: thrown: &quot;Exceeded timeout of 5000 ms for a test.
Add a timeout value to this test to increase the timeout, if this is a long-running test. See https://jestjs.io/docs/api#testname-fn-timeout.&quot;
    at test (/Users/pejmanhaghighatnia/Bleu.js/backend/tests/aiTests.test.js:42:3)
    at _dispatchDescribe (/Users/pejmanhaghighatnia/Bleu.js/node_modules/.pnpm/jest-circus@29.7.0/node_modules/jest-circus/build/index.js:91:26)
    at describe (/Users/pejmanhaghighatnia/Bleu.js/node_modules/.pnpm/jest-circus@29.7.0/node_modules/jest-circus/build/index.js:55:5)
    at Object.describe (/Users/pejmanhaghighatnia/Bleu.js/backend/tests/aiTests.test.js:3:1)
    at Runtime._execModule (/Users/pejmanhaghighatnia/Bleu.js/node_modules/.pnpm/jest-runtime@29.7.0/node_modules/jest-runtime/build/index.js:1439:24)
    at Runtime._loadModule (/Users/pejmanhaghighatnia/Bleu.js/node_modules/.pnpm/jest-runtime@29.7.0/node_modules/jest-runtime/build/index.js:1022:12)
    at Runtime.requireModule (/Users/pejmanhaghighatnia/Bleu.js/node_modules/.pnpm/jest-runtime@29.7.0/node_modules/jest-runtime/build/index.js:882:12)
    at jestAdapter (/Users/pejmanhaghighatnia/Bleu.js/node_modules/.pnpm/jest-circus@29.7.0/node_modules/jest-circus/build/legacy-code-todo-rewrite/jestAdapter.js:77:13)
    at processTicksAndRejections (node:internal/process/task_queues:95:5)
    at runTestInternal (/Users/pejmanhaghighatnia/Bleu.js/node_modules/.pnpm/jest-runner@29.7.0/node_modules/jest-runner/build/runTest.js:367:16)
    at runTest (/Users/pejmanhaghighatnia/Bleu.js/node_modules/.pnpm/jest-runner@29.7.0/node_modules/jest-runner/build/runTest.js:444:34)</failure>
    </testcase>
    <testcase classname="AIService should execute action functions correctly" name="AIService should execute action functions correctly" time="5.004">
      <failure>Error: thrown: &quot;Exceeded timeout of 5000 ms for a test.
Add a timeout value to this test to increase the timeout, if this is a long-running test. See https://jestjs.io/docs/api#testname-fn-timeout.&quot;
    at test (/Users/pejmanhaghighatnia/Bleu.js/backend/tests/aiTests.test.js:54:3)
    at _dispatchDescribe (/Users/pejmanhaghighatnia/Bleu.js/node_modules/.pnpm/jest-circus@29.7.0/node_modules/jest-circus/build/index.js:91:26)
    at describe (/Users/pejmanhaghighatnia/Bleu.js/node_modules/.pnpm/jest-circus@29.7.0/node_modules/jest-circus/build/index.js:55:5)
    at Object.describe (/Users/pejmanhaghighatnia/Bleu.js/backend/tests/aiTests.test.js:3:1)
    at Runtime._execModule (/Users/pejmanhaghighatnia/Bleu.js/node_modules/.pnpm/jest-runtime@29.7.0/node_modules/jest-runtime/build/index.js:1439:24)
    at Runtime._loadModule (/Users/pejmanhaghighatnia/Bleu.js/node_modules/.pnpm/jest-runtime@29.7.0/node_modules/jest-runtime/build/index.js:1022:12)
    at Runtime.requireModule (/Users/pejmanhaghighatnia/Bleu.js/node_modules/.pnpm/jest-runtime@29.7.0/node_modules/jest-runtime/build/index.js:882:12)
    at jestAdapter (/Users/pejmanhaghighatnia/Bleu.js/node_modules/.pnpm/jest-circus@29.7.0/node_modules/jest-circus/build/legacy-code-todo-rewrite/jestAdapter.js:77:13)
    at processTicksAndRejections (node:internal/process/task_queues:95:5)
    at runTestInternal (/Users/pejmanhaghighatnia/Bleu.js/node_modules/.pnpm/jest-runner@29.7.0/node_modules/jest-runner/build/runTest.js:367:16)
    at runTest (/Users/pejmanhaghighatnia/Bleu.js/node_modules/.pnpm/jest-runner@29.7.0/node_modules/jest-runner/build/runTest.js:444:34)</failure>
    </testcase>
  </testsuite>
  <testsuite name="AIService" errors="0" failures="5" skipped="0" timestamp="2024-06-16T22:49:22" time="0.494" tests="5">
    <testcase classname="AIService should fetch rules" name="AIService should fetch rules" time="0.001">
      <failure>TypeError: this.logger.error is not a function
    at AIService.error [as getRules] (/Users/pejmanhaghighatnia/Bleu.js/backend/services/aiService.js:15:19)
    at Object.&lt;anonymous&gt; (/Users/pejmanhaghighatnia/Bleu.js/backend/tests/aiService.test.js:30:19)</failure>
    </testcase>
    <testcase classname="AIService should add a rule" name="AIService should add a rule" time="0">
      <failure>TypeError: this.logger.error is not a function
    at AIService.error [as addRule] (/Users/pejmanhaghighatnia/Bleu.js/backend/services/aiService.js:27:19)
    at Object.addRule (/Users/pejmanhaghighatnia/Bleu.js/backend/tests/aiService.test.js:36:38)
    at Promise.then.completed (/Users/pejmanhaghighatnia/Bleu.js/node_modules/.pnpm/jest-circus@29.7.0/node_modules/jest-circus/build/utils.js:298:28)
    at new Promise (&lt;anonymous&gt;)
    at callAsyncCircusFn (/Users/pejmanhaghighatnia/Bleu.js/node_modules/.pnpm/jest-circus@29.7.0/node_modules/jest-circus/build/utils.js:231:10)
    at _callCircusTest (/Users/pejmanhaghighatnia/Bleu.js/node_modules/.pnpm/jest-circus@29.7.0/node_modules/jest-circus/build/run.js:316:40)
    at _runTest (/Users/pejmanhaghighatnia/Bleu.js/node_modules/.pnpm/jest-circus@29.7.0/node_modules/jest-circus/build/run.js:252:3)
    at _runTestsForDescribeBlock (/Users/pejmanhaghighatnia/Bleu.js/node_modules/.pnpm/jest-circus@29.7.0/node_modules/jest-circus/build/run.js:126:9)
    at _runTestsForDescribeBlock (/Users/pejmanhaghighatnia/Bleu.js/node_modules/.pnpm/jest-circus@29.7.0/node_modules/jest-circus/build/run.js:121:9)
    at run (/Users/pejmanhaghighatnia/Bleu.js/node_modules/.pnpm/jest-circus@29.7.0/node_modules/jest-circus/build/run.js:71:3)
    at runAndTransformResultsToJestFormat (/Users/pejmanhaghighatnia/Bleu.js/node_modules/.pnpm/jest-circus@29.7.0/node_modules/jest-circus/build/legacy-code-todo-rewrite/jestAdapterInit.js:122:21)
    at jestAdapter (/Users/pejmanhaghighatnia/Bleu.js/node_modules/.pnpm/jest-circus@29.7.0/node_modules/jest-circus/build/legacy-code-todo-rewrite/jestAdapter.js:79:19)
    at runTestInternal (/Users/pejmanhaghighatnia/Bleu.js/node_modules/.pnpm/jest-runner@29.7.0/node_modules/jest-runner/build/runTest.js:367:16)
    at runTest (/Users/pejmanhaghighatnia/Bleu.js/node_modules/.pnpm/jest-runner@29.7.0/node_modules/jest-runner/build/runTest.js:444:34)</failure>
    </testcase>
    <testcase classname="AIService should remove a rule" name="AIService should remove a rule" time="0.001">
      <failure>TypeError: this.logger.error is not a function
    at AIService.error [as removeRule] (/Users/pejmanhaghighatnia/Bleu.js/backend/services/aiService.js:38:19)
    at Object.&lt;anonymous&gt; (/Users/pejmanhaghighatnia/Bleu.js/backend/tests/aiService.test.js:42:22)</failure>
    </testcase>
    <testcase classname="AIService should update a rule" name="AIService should update a rule" time="0">
      <failure>TypeError: this.logger.error is not a function
    at AIService.error [as updateRule] (/Users/pejmanhaghighatnia/Bleu.js/backend/services/aiService.js:49:19)
    at Object.&lt;anonymous&gt; (/Users/pejmanhaghighatnia/Bleu.js/backend/tests/aiService.test.js:48:22)</failure>
    </testcase>
    <testcase classname="AIService should evaluate rules" name="AIService should evaluate rules" time="0.001">
      <failure>TypeError: this.logger.error is not a function
    at AIService.error [as evaluateRules] (/Users/pejmanhaghighatnia/Bleu.js/backend/services/aiService.js:60:19)
    at Object.evaluateRules (/Users/pejmanhaghighatnia/Bleu.js/backend/tests/aiService.test.js:53:36)
    at Promise.then.completed (/Users/pejmanhaghighatnia/Bleu.js/node_modules/.pnpm/jest-circus@29.7.0/node_modules/jest-circus/build/utils.js:298:28)
    at new Promise (&lt;anonymous&gt;)
    at callAsyncCircusFn (/Users/pejmanhaghighatnia/Bleu.js/node_modules/.pnpm/jest-circus@29.7.0/node_modules/jest-circus/build/utils.js:231:10)
    at _callCircusTest (/Users/pejmanhaghighatnia/Bleu.js/node_modules/.pnpm/jest-circus@29.7.0/node_modules/jest-circus/build/run.js:316:40)
    at _runTest (/Users/pejmanhaghighatnia/Bleu.js/node_modules/.pnpm/jest-circus@29.7.0/node_modules/jest-circus/build/run.js:252:3)
    at _runTestsForDescribeBlock (/Users/pejmanhaghighatnia/Bleu.js/node_modules/.pnpm/jest-circus@29.7.0/node_modules/jest-circus/build/run.js:126:9)
    at _runTestsForDescribeBlock (/Users/pejmanhaghighatnia/Bleu.js/node_modules/.pnpm/jest-circus@29.7.0/node_modules/jest-circus/build/run.js:121:9)
    at run (/Users/pejmanhaghighatnia/Bleu.js/node_modules/.pnpm/jest-circus@29.7.0/node_modules/jest-circus/build/run.js:71:3)
    at runAndTransformResultsToJestFormat (/Users/pejmanhaghighatnia/Bleu.js/node_modules/.pnpm/jest-circus@29.7.0/node_modules/jest-circus/build/legacy-code-todo-rewrite/jestAdapterInit.js:122:21)
    at jestAdapter (/Users/pejmanhaghighatnia/Bleu.js/node_modules/.pnpm/jest-circus@29.7.0/node_modules/jest-circus/build/legacy-code-todo-rewrite/jestAdapter.js:79:19)
    at runTestInternal (/Users/pejmanhaghighatnia/Bleu.js/node_modules/.pnpm/jest-runner@29.7.0/node_modules/jest-runner/build/runTest.js:367:16)
    at runTest (/Users/pejmanhaghighatnia/Bleu.js/node_modules/.pnpm/jest-runner@29.7.0/node_modules/jest-runner/build/runTest.js:444:34)</failure>
    </testcase>
  </testsuite>
  <testsuite name="DecisionTree" errors="0" failures="0" skipped="0" timestamp="2024-06-16T22:49:23" time="0.182" tests="4">
    <testcase classname="DecisionTree should build a tree and evaluate data" name="DecisionTree should build a tree and evaluate data" time="0.002">
    </testcase>
    <testcase classname="DecisionTree should return majority class when max depth is reached" name="DecisionTree should return majority class when max depth is reached" time="0.001">
    </testcase>
    <testcase classname="DecisionTree should return null for empty data" name="DecisionTree should return null for empty data" time="0">
    </testcase>
    <testcase classname="DecisionTree should correctly calculate Gini impurity" name="DecisionTree should correctly calculate Gini impurity" time="0.001">
    </testcase>
  </testsuite>
</testsuites>