{"/Users/pejmanhaghighatnia/Desktop/Bleu.js/backend/models/ruleModel.js": {"path":"/Users/pejmanhaghighatnia/Desktop/Bleu.js/backend/models/ruleModel.js","statementMap":{"0":{"start":{"line":1,"column":17},"end":{"line":1,"column":36}},"1":{"start":{"line":2,"column":19},"end":{"line":2,"column":27}},"2":{"start":{"line":4,"column":19},"end":{"line":58,"column":2}},"3":{"start":{"line":61,"column":0},"end":{"line":64,"column":3}},"4":{"start":{"line":62,"column":2},"end":{"line":62,"column":30}},"5":{"start":{"line":63,"column":2},"end":{"line":63,"column":9}},"6":{"start":{"line":67,"column":0},"end":{"line":78,"column":2}},"7":{"start":{"line":69,"column":2},"end":{"line":77,"column":5}},"8":{"start":{"line":70,"column":4},"end":{"line":76,"column":5}},"9":{"start":{"line":72,"column":6},"end":{"line":72,"column":29}},"10":{"start":{"line":74,"column":6},"end":{"line":74,"column":71}},"11":{"start":{"line":75,"column":6},"end":{"line":75,"column":19}},"12":{"start":{"line":81,"column":0},"end":{"line":87,"column":2}},"13":{"start":{"line":83,"column":2},"end":{"line":86,"column":5}},"14":{"start":{"line":84,"column":4},"end":{"line":84,"column":64}},"15":{"start":{"line":85,"column":4},"end":{"line":85,"column":33}},"16":{"start":{"line":90,"column":0},"end":{"line":107,"column":2}},"17":{"start":{"line":91,"column":2},"end":{"line":94,"column":3}},"18":{"start":{"line":92,"column":4},"end":{"line":92,"column":51}},"19":{"start":{"line":93,"column":4},"end":{"line":93,"column":16}},"20":{"start":{"line":96,"column":24},"end":{"line":96,"column":82}},"21":{"start":{"line":97,"column":2},"end":{"line":106,"column":3}},"22":{"start":{"line":98,"column":20},"end":{"line":98,"column":71}},"23":{"start":{"line":99,"column":4},"end":{"line":99,"column":75}},"24":{"start":{"line":100,"column":4},"end":{"line":100,"column":22}},"25":{"start":{"line":101,"column":4},"end":{"line":101,"column":19}},"26":{"start":{"line":103,"column":4},"end":{"line":103,"column":72}},"27":{"start":{"line":104,"column":4},"end":{"line":104,"column":22}},"28":{"start":{"line":105,"column":4},"end":{"line":105,"column":16}},"29":{"start":{"line":109,"column":13},"end":{"line":109,"column":47}},"30":{"start":{"line":111,"column":0},"end":{"line":111,"column":22}}},"fnMap":{"0":{"name":"(anonymous_0)","decl":{"start":{"line":61,"column":23},"end":{"line":61,"column":24}},"loc":{"start":{"line":61,"column":39},"end":{"line":64,"column":1}},"line":61},"1":{"name":"(anonymous_1)","decl":{"start":{"line":67,"column":40},"end":{"line":67,"column":41}},"loc":{"start":{"line":67,"column":68},"end":{"line":78,"column":1}},"line":67},"2":{"name":"(anonymous_2)","decl":{"start":{"line":69,"column":26},"end":{"line":69,"column":27}},"loc":{"start":{"line":69,"column":39},"end":{"line":77,"column":3}},"line":69},"3":{"name":"(anonymous_3)","decl":{"start":{"line":81,"column":36},"end":{"line":81,"column":37}},"loc":{"start":{"line":81,"column":61},"end":{"line":87,"column":1}},"line":81},"4":{"name":"(anonymous_4)","decl":{"start":{"line":83,"column":21},"end":{"line":83,"column":22}},"loc":{"start":{"line":83,"column":31},"end":{"line":86,"column":3}},"line":83},"5":{"name":"(anonymous_5)","decl":{"start":{"line":90,"column":31},"end":{"line":90,"column":32}},"loc":{"start":{"line":90,"column":53},"end":{"line":107,"column":1}},"line":90}},"branchMap":{"0":{"loc":{"start":{"line":91,"column":2},"end":{"line":94,"column":3}},"type":"if","locations":[{"start":{"line":91,"column":2},"end":{"line":94,"column":3}},{"start":{},"end":{}}],"line":91},"1":{"loc":{"start":{"line":97,"column":2},"end":{"line":106,"column":3}},"type":"if","locations":[{"start":{"line":97,"column":2},"end":{"line":106,"column":3}},{"start":{"line":102,"column":9},"end":{"line":106,"column":3}}],"line":97}},"s":{"0":0,"1":0,"2":0,"3":0,"4":0,"5":0,"6":0,"7":0,"8":0,"9":0,"10":0,"11":0,"12":0,"13":0,"14":0,"15":0,"16":0,"17":0,"18":0,"19":0,"20":0,"21":0,"22":0,"23":0,"24":0,"25":0,"26":0,"27":0,"28":0,"29":0,"30":0},"f":{"0":0,"1":0,"2":0,"3":0,"4":0,"5":0},"b":{"0":[0,0],"1":[0,0]}}
,"/Users/pejmanhaghighatnia/Desktop/Bleu.js/backend/routes/apiRoutes.js": {"path":"/Users/pejmanhaghighatnia/Desktop/Bleu.js/backend/routes/apiRoutes.js","statementMap":{"0":{"start":{"line":7,"column":15},"end":{"line":7,"column":31}},"1":{"start":{"line":8,"column":18},"end":{"line":8,"column":33}},"2":{"start":{"line":10,"column":24},"end":{"line":19,"column":1}},"3":{"start":{"line":11,"column":2},"end":{"line":18,"column":4}},"4":{"start":{"line":12,"column":4},"end":{"line":12,"column":74}},"5":{"start":{"line":12,"column":52},"end":{"line":12,"column":71}},"6":{"start":{"line":13,"column":19},"end":{"line":13,"column":40}},"7":{"start":{"line":14,"column":4},"end":{"line":16,"column":5}},"8":{"start":{"line":15,"column":6},"end":{"line":15,"column":62}},"9":{"start":{"line":17,"column":4},"end":{"line":17,"column":11}},"10":{"start":{"line":22,"column":0},"end":{"line":29,"column":3}},"11":{"start":{"line":27,"column":19},"end":{"line":27,"column":57}},"12":{"start":{"line":28,"column":4},"end":{"line":28,"column":37}},"13":{"start":{"line":31,"column":0},"end":{"line":38,"column":3}},"14":{"start":{"line":36,"column":19},"end":{"line":36,"column":59}},"15":{"start":{"line":37,"column":4},"end":{"line":37,"column":37}},"16":{"start":{"line":40,"column":0},"end":{"line":47,"column":3}},"17":{"start":{"line":45,"column":19},"end":{"line":45,"column":55}},"18":{"start":{"line":46,"column":4},"end":{"line":46,"column":37}},"19":{"start":{"line":50,"column":0},"end":{"line":66,"column":3}},"20":{"start":{"line":58,"column":4},"end":{"line":65,"column":5}},"21":{"start":{"line":59,"column":19},"end":{"line":59,"column":37}},"22":{"start":{"line":60,"column":6},"end":{"line":60,"column":24}},"23":{"start":{"line":61,"column":6},"end":{"line":61,"column":62}},"24":{"start":{"line":63,"column":6},"end":{"line":63,"column":51}},"25":{"start":{"line":64,"column":6},"end":{"line":64,"column":65}},"26":{"start":{"line":68,"column":0},"end":{"line":86,"column":3}},"27":{"start":{"line":76,"column":4},"end":{"line":85,"column":5}},"28":{"start":{"line":77,"column":19},"end":{"line":77,"column":87}},"29":{"start":{"line":78,"column":6},"end":{"line":80,"column":7}},"30":{"start":{"line":79,"column":8},"end":{"line":79,"column":67}},"31":{"start":{"line":81,"column":6},"end":{"line":81,"column":62}},"32":{"start":{"line":83,"column":6},"end":{"line":83,"column":51}},"33":{"start":{"line":84,"column":6},"end":{"line":84,"column":65}},"34":{"start":{"line":88,"column":0},"end":{"line":99,"column":3}},"35":{"start":{"line":89,"column":2},"end":{"line":98,"column":3}},"36":{"start":{"line":90,"column":17},"end":{"line":90,"column":60}},"37":{"start":{"line":91,"column":4},"end":{"line":93,"column":5}},"38":{"start":{"line":92,"column":6},"end":{"line":92,"column":65}},"39":{"start":{"line":94,"column":4},"end":{"line":94,"column":54}},"40":{"start":{"line":96,"column":4},"end":{"line":96,"column":49}},"41":{"start":{"line":97,"column":4},"end":{"line":97,"column":63}},"42":{"start":{"line":101,"column":0},"end":{"line":109,"column":3}},"43":{"start":{"line":102,"column":2},"end":{"line":108,"column":3}},"44":{"start":{"line":103,"column":18},"end":{"line":103,"column":35}},"45":{"start":{"line":104,"column":4},"end":{"line":104,"column":36}},"46":{"start":{"line":106,"column":4},"end":{"line":106,"column":50}},"47":{"start":{"line":107,"column":4},"end":{"line":107,"column":63}},"48":{"start":{"line":111,"column":0},"end":{"line":122,"column":3}},"49":{"start":{"line":112,"column":2},"end":{"line":121,"column":3}},"50":{"start":{"line":113,"column":17},"end":{"line":113,"column":51}},"51":{"start":{"line":114,"column":4},"end":{"line":116,"column":5}},"52":{"start":{"line":115,"column":6},"end":{"line":115,"column":65}},"53":{"start":{"line":117,"column":4},"end":{"line":117,"column":35}},"54":{"start":{"line":119,"column":4},"end":{"line":119,"column":49}},"55":{"start":{"line":120,"column":4},"end":{"line":120,"column":63}},"56":{"start":{"line":124,"column":0},"end":{"line":135,"column":3}},"57":{"start":{"line":125,"column":2},"end":{"line":134,"column":3}},"58":{"start":{"line":126,"column":17},"end":{"line":126,"column":51}},"59":{"start":{"line":127,"column":4},"end":{"line":129,"column":5}},"60":{"start":{"line":128,"column":6},"end":{"line":128,"column":65}},"61":{"start":{"line":130,"column":4},"end":{"line":130,"column":46}},"62":{"start":{"line":132,"column":4},"end":{"line":132,"column":54}},"63":{"start":{"line":133,"column":4},"end":{"line":133,"column":63}},"64":{"start":{"line":138,"column":0},"end":{"line":153,"column":3}},"65":{"start":{"line":145,"column":4},"end":{"line":152,"column":5}},"66":{"start":{"line":146,"column":19},"end":{"line":146,"column":37}},"67":{"start":{"line":147,"column":6},"end":{"line":147,"column":24}},"68":{"start":{"line":148,"column":6},"end":{"line":148,"column":62}},"69":{"start":{"line":150,"column":6},"end":{"line":150,"column":51}},"70":{"start":{"line":151,"column":6},"end":{"line":151,"column":65}},"71":{"start":{"line":155,"column":0},"end":{"line":172,"column":3}},"72":{"start":{"line":162,"column":4},"end":{"line":171,"column":5}},"73":{"start":{"line":163,"column":19},"end":{"line":163,"column":87}},"74":{"start":{"line":164,"column":6},"end":{"line":166,"column":7}},"75":{"start":{"line":165,"column":8},"end":{"line":165,"column":67}},"76":{"start":{"line":167,"column":6},"end":{"line":167,"column":62}},"77":{"start":{"line":169,"column":6},"end":{"line":169,"column":51}},"78":{"start":{"line":170,"column":6},"end":{"line":170,"column":65}},"79":{"start":{"line":174,"column":0},"end":{"line":185,"column":3}},"80":{"start":{"line":175,"column":2},"end":{"line":184,"column":3}},"81":{"start":{"line":176,"column":17},"end":{"line":176,"column":60}},"82":{"start":{"line":177,"column":4},"end":{"line":179,"column":5}},"83":{"start":{"line":178,"column":6},"end":{"line":178,"column":65}},"84":{"start":{"line":180,"column":4},"end":{"line":180,"column":54}},"85":{"start":{"line":182,"column":4},"end":{"line":182,"column":49}},"86":{"start":{"line":183,"column":4},"end":{"line":183,"column":63}},"87":{"start":{"line":187,"column":0},"end":{"line":195,"column":3}},"88":{"start":{"line":188,"column":2},"end":{"line":194,"column":3}},"89":{"start":{"line":189,"column":18},"end":{"line":189,"column":35}},"90":{"start":{"line":190,"column":4},"end":{"line":190,"column":36}},"91":{"start":{"line":192,"column":4},"end":{"line":192,"column":50}},"92":{"start":{"line":193,"column":4},"end":{"line":193,"column":63}},"93":{"start":{"line":197,"column":0},"end":{"line":208,"column":3}},"94":{"start":{"line":198,"column":2},"end":{"line":207,"column":3}},"95":{"start":{"line":199,"column":17},"end":{"line":199,"column":51}},"96":{"start":{"line":200,"column":4},"end":{"line":202,"column":5}},"97":{"start":{"line":201,"column":6},"end":{"line":201,"column":65}},"98":{"start":{"line":203,"column":4},"end":{"line":203,"column":35}},"99":{"start":{"line":205,"column":4},"end":{"line":205,"column":49}},"100":{"start":{"line":206,"column":4},"end":{"line":206,"column":63}}},"fnMap":{"0":{"name":"(anonymous_0)","decl":{"start":{"line":10,"column":24},"end":{"line":10,"column":25}},"loc":{"start":{"line":10,"column":41},"end":{"line":19,"column":1}},"line":10},"1":{"name":"(anonymous_1)","decl":{"start":{"line":11,"column":9},"end":{"line":11,"column":10}},"loc":{"start":{"line":11,"column":35},"end":{"line":18,"column":3}},"line":11},"2":{"name":"(anonymous_2)","decl":{"start":{"line":12,"column":38},"end":{"line":12,"column":39}},"loc":{"start":{"line":12,"column":52},"end":{"line":12,"column":71}},"line":12},"3":{"name":"(anonymous_3)","decl":{"start":{"line":26,"column":2},"end":{"line":26,"column":3}},"loc":{"start":{"line":26,"column":16},"end":{"line":29,"column":1}},"line":26},"4":{"name":"(anonymous_4)","decl":{"start":{"line":35,"column":2},"end":{"line":35,"column":3}},"loc":{"start":{"line":35,"column":16},"end":{"line":38,"column":1}},"line":35},"5":{"name":"(anonymous_5)","decl":{"start":{"line":44,"column":2},"end":{"line":44,"column":3}},"loc":{"start":{"line":44,"column":16},"end":{"line":47,"column":1}},"line":44},"6":{"name":"(anonymous_6)","decl":{"start":{"line":57,"column":2},"end":{"line":57,"column":3}},"loc":{"start":{"line":57,"column":22},"end":{"line":66,"column":1}},"line":57},"7":{"name":"(anonymous_7)","decl":{"start":{"line":75,"column":2},"end":{"line":75,"column":3}},"loc":{"start":{"line":75,"column":22},"end":{"line":86,"column":1}},"line":75},"8":{"name":"(anonymous_8)","decl":{"start":{"line":88,"column":28},"end":{"line":88,"column":29}},"loc":{"start":{"line":88,"column":48},"end":{"line":99,"column":1}},"line":88},"9":{"name":"(anonymous_9)","decl":{"start":{"line":101,"column":21},"end":{"line":101,"column":22}},"loc":{"start":{"line":101,"column":41},"end":{"line":109,"column":1}},"line":101},"10":{"name":"(anonymous_10)","decl":{"start":{"line":111,"column":25},"end":{"line":111,"column":26}},"loc":{"start":{"line":111,"column":45},"end":{"line":122,"column":1}},"line":111},"11":{"name":"(anonymous_11)","decl":{"start":{"line":124,"column":30},"end":{"line":124,"column":31}},"loc":{"start":{"line":124,"column":50},"end":{"line":135,"column":1}},"line":124},"12":{"name":"(anonymous_12)","decl":{"start":{"line":144,"column":2},"end":{"line":144,"column":3}},"loc":{"start":{"line":144,"column":22},"end":{"line":153,"column":1}},"line":144},"13":{"name":"(anonymous_13)","decl":{"start":{"line":161,"column":2},"end":{"line":161,"column":3}},"loc":{"start":{"line":161,"column":22},"end":{"line":172,"column":1}},"line":161},"14":{"name":"(anonymous_14)","decl":{"start":{"line":174,"column":28},"end":{"line":174,"column":29}},"loc":{"start":{"line":174,"column":48},"end":{"line":185,"column":1}},"line":174},"15":{"name":"(anonymous_15)","decl":{"start":{"line":187,"column":21},"end":{"line":187,"column":22}},"loc":{"start":{"line":187,"column":41},"end":{"line":195,"column":1}},"line":187},"16":{"name":"(anonymous_16)","decl":{"start":{"line":197,"column":25},"end":{"line":197,"column":26}},"loc":{"start":{"line":197,"column":45},"end":{"line":208,"column":1}},"line":197}},"branchMap":{"0":{"loc":{"start":{"line":14,"column":4},"end":{"line":16,"column":5}},"type":"if","locations":[{"start":{"line":14,"column":4},"end":{"line":16,"column":5}},{"start":{},"end":{}}],"line":14},"1":{"loc":{"start":{"line":78,"column":6},"end":{"line":80,"column":7}},"type":"if","locations":[{"start":{"line":78,"column":6},"end":{"line":80,"column":7}},{"start":{},"end":{}}],"line":78},"2":{"loc":{"start":{"line":91,"column":4},"end":{"line":93,"column":5}},"type":"if","locations":[{"start":{"line":91,"column":4},"end":{"line":93,"column":5}},{"start":{},"end":{}}],"line":91},"3":{"loc":{"start":{"line":114,"column":4},"end":{"line":116,"column":5}},"type":"if","locations":[{"start":{"line":114,"column":4},"end":{"line":116,"column":5}},{"start":{},"end":{}}],"line":114},"4":{"loc":{"start":{"line":127,"column":4},"end":{"line":129,"column":5}},"type":"if","locations":[{"start":{"line":127,"column":4},"end":{"line":129,"column":5}},{"start":{},"end":{}}],"line":127},"5":{"loc":{"start":{"line":164,"column":6},"end":{"line":166,"column":7}},"type":"if","locations":[{"start":{"line":164,"column":6},"end":{"line":166,"column":7}},{"start":{},"end":{}}],"line":164},"6":{"loc":{"start":{"line":177,"column":4},"end":{"line":179,"column":5}},"type":"if","locations":[{"start":{"line":177,"column":4},"end":{"line":179,"column":5}},{"start":{},"end":{}}],"line":177},"7":{"loc":{"start":{"line":200,"column":4},"end":{"line":202,"column":5}},"type":"if","locations":[{"start":{"line":200,"column":4},"end":{"line":202,"column":5}},{"start":{},"end":{}}],"line":200}},"s":{"0":0,"1":0,"2":0,"3":0,"4":0,"5":0,"6":0,"7":0,"8":0,"9":0,"10":0,"11":0,"12":0,"13":0,"14":0,"15":0,"16":0,"17":0,"18":0,"19":0,"20":0,"21":0,"22":0,"23":0,"24":0,"25":0,"26":0,"27":0,"28":0,"29":0,"30":0,"31":0,"32":0,"33":0,"34":0,"35":0,"36":0,"37":0,"38":0,"39":0,"40":0,"41":0,"42":0,"43":0,"44":0,"45":0,"46":0,"47":0,"48":0,"49":0,"50":0,"51":0,"52":0,"53":0,"54":0,"55":0,"56":0,"57":0,"58":0,"59":0,"60":0,"61":0,"62":0,"63":0,"64":0,"65":0,"66":0,"67":0,"68":0,"69":0,"70":0,"71":0,"72":0,"73":0,"74":0,"75":0,"76":0,"77":0,"78":0,"79":0,"80":0,"81":0,"82":0,"83":0,"84":0,"85":0,"86":0,"87":0,"88":0,"89":0,"90":0,"91":0,"92":0,"93":0,"94":0,"95":0,"96":0,"97":0,"98":0,"99":0,"100":0},"f":{"0":0,"1":0,"2":0,"3":0,"4":0,"5":0,"6":0,"7":0,"8":0,"9":0,"10":0,"11":0,"12":0,"13":0,"14":0,"15":0,"16":0},"b":{"0":[0,0],"1":[0,0],"2":[0,0],"3":[0,0],"4":[0,0],"5":[0,0],"6":[0,0],"7":[0,0]}}
,"/Users/pejmanhaghighatnia/Desktop/Bleu.js/backend/services/aiService.js": {"path":"/Users/pejmanhaghighatnia/Desktop/Bleu.js/backend/services/aiService.js","statementMap":{"0":{"start":{"line":1,"column":21},"end":{"line":1,"column":50}},"1":{"start":{"line":2,"column":20},"end":{"line":2,"column":48}},"2":{"start":{"line":3,"column":21},"end":{"line":3,"column":50}},"3":{"start":{"line":4,"column":13},"end":{"line":4,"column":43}},"4":{"start":{"line":5,"column":15},"end":{"line":5,"column":41}},"5":{"start":{"line":7,"column":19},"end":{"line":18,"column":1}},"6":{"start":{"line":9,"column":23},"end":{"line":9,"column":41}},"7":{"start":{"line":22,"column":4},"end":{"line":22,"column":41}},"8":{"start":{"line":23,"column":4},"end":{"line":23,"column":53}},"9":{"start":{"line":24,"column":4},"end":{"line":24,"column":31}},"10":{"start":{"line":28,"column":4},"end":{"line":36,"column":5}},"11":{"start":{"line":29,"column":19},"end":{"line":29,"column":37}},"12":{"start":{"line":30,"column":6},"end":{"line":30,"column":24}},"13":{"start":{"line":31,"column":6},"end":{"line":31,"column":37}},"14":{"start":{"line":32,"column":6},"end":{"line":32,"column":51}},"15":{"start":{"line":34,"column":6},"end":{"line":34,"column":53}},"16":{"start":{"line":35,"column":6},"end":{"line":35,"column":18}},"17":{"start":{"line":40,"column":4},"end":{"line":51,"column":5}},"18":{"start":{"line":41,"column":19},"end":{"line":41,"column":55}},"19":{"start":{"line":42,"column":6},"end":{"line":47,"column":7}},"20":{"start":{"line":43,"column":8},"end":{"line":43,"column":42}},"21":{"start":{"line":44,"column":8},"end":{"line":44,"column":55}},"22":{"start":{"line":46,"column":8},"end":{"line":46,"column":54}},"23":{"start":{"line":49,"column":6},"end":{"line":49,"column":55}},"24":{"start":{"line":50,"column":6},"end":{"line":50,"column":18}},"25":{"start":{"line":55,"column":4},"end":{"line":66,"column":5}},"26":{"start":{"line":56,"column":19},"end":{"line":56,"column":79}},"27":{"start":{"line":57,"column":6},"end":{"line":62,"column":7}},"28":{"start":{"line":58,"column":8},"end":{"line":58,"column":42}},"29":{"start":{"line":59,"column":8},"end":{"line":59,"column":55}},"30":{"start":{"line":61,"column":8},"end":{"line":61,"column":54}},"31":{"start":{"line":64,"column":6},"end":{"line":64,"column":55}},"32":{"start":{"line":65,"column":6},"end":{"line":65,"column":18}},"33":{"start":{"line":70,"column":4},"end":{"line":77,"column":5}},"34":{"start":{"line":71,"column":21},"end":{"line":71,"column":58}},"35":{"start":{"line":72,"column":6},"end":{"line":72,"column":51}},"36":{"start":{"line":73,"column":6},"end":{"line":73,"column":20}},"37":{"start":{"line":75,"column":6},"end":{"line":75,"column":58}},"38":{"start":{"line":76,"column":6},"end":{"line":76,"column":18}},"39":{"start":{"line":81,"column":4},"end":{"line":88,"column":5}},"40":{"start":{"line":82,"column":21},"end":{"line":82,"column":53}},"41":{"start":{"line":83,"column":6},"end":{"line":83,"column":54}},"42":{"start":{"line":84,"column":6},"end":{"line":84,"column":20}},"43":{"start":{"line":86,"column":6},"end":{"line":86,"column":61}},"44":{"start":{"line":87,"column":6},"end":{"line":87,"column":18}},"45":{"start":{"line":92,"column":4},"end":{"line":99,"column":5}},"46":{"start":{"line":93,"column":21},"end":{"line":93,"column":51}},"47":{"start":{"line":94,"column":6},"end":{"line":94,"column":50}},"48":{"start":{"line":95,"column":6},"end":{"line":95,"column":20}},"49":{"start":{"line":97,"column":6},"end":{"line":97,"column":57}},"50":{"start":{"line":98,"column":6},"end":{"line":98,"column":18}},"51":{"start":{"line":103,"column":4},"end":{"line":111,"column":5}},"52":{"start":{"line":105,"column":21},"end":{"line":105,"column":68}},"53":{"start":{"line":106,"column":6},"end":{"line":106,"column":72}},"54":{"start":{"line":107,"column":6},"end":{"line":107,"column":20}},"55":{"start":{"line":109,"column":6},"end":{"line":109,"column":79}},"56":{"start":{"line":110,"column":6},"end":{"line":110,"column":18}},"57":{"start":{"line":115,"column":0},"end":{"line":115,"column":27}}},"fnMap":{"0":{"name":"(anonymous_0)","decl":{"start":{"line":9,"column":13},"end":{"line":9,"column":14}},"loc":{"start":{"line":9,"column":23},"end":{"line":9,"column":41}},"line":9},"1":{"name":"(anonymous_1)","decl":{"start":{"line":21,"column":2},"end":{"line":21,"column":3}},"loc":{"start":{"line":21,"column":16},"end":{"line":25,"column":3}},"line":21},"2":{"name":"(anonymous_2)","decl":{"start":{"line":27,"column":2},"end":{"line":27,"column":3}},"loc":{"start":{"line":27,"column":26},"end":{"line":37,"column":3}},"line":27},"3":{"name":"(anonymous_3)","decl":{"start":{"line":39,"column":2},"end":{"line":39,"column":3}},"loc":{"start":{"line":39,"column":27},"end":{"line":52,"column":3}},"line":39},"4":{"name":"(anonymous_4)","decl":{"start":{"line":54,"column":2},"end":{"line":54,"column":3}},"loc":{"start":{"line":54,"column":36},"end":{"line":67,"column":3}},"line":54},"5":{"name":"(anonymous_5)","decl":{"start":{"line":69,"column":2},"end":{"line":69,"column":3}},"loc":{"start":{"line":69,"column":28},"end":{"line":78,"column":3}},"line":69},"6":{"name":"(anonymous_6)","decl":{"start":{"line":80,"column":2},"end":{"line":80,"column":3}},"loc":{"start":{"line":80,"column":30},"end":{"line":89,"column":3}},"line":80},"7":{"name":"(anonymous_7)","decl":{"start":{"line":91,"column":2},"end":{"line":91,"column":3}},"loc":{"start":{"line":91,"column":26},"end":{"line":100,"column":3}},"line":91},"8":{"name":"(anonymous_8)","decl":{"start":{"line":102,"column":2},"end":{"line":102,"column":3}},"loc":{"start":{"line":102,"column":43},"end":{"line":112,"column":3}},"line":102}},"branchMap":{"0":{"loc":{"start":{"line":42,"column":6},"end":{"line":47,"column":7}},"type":"if","locations":[{"start":{"line":42,"column":6},"end":{"line":47,"column":7}},{"start":{"line":45,"column":13},"end":{"line":47,"column":7}}],"line":42},"1":{"loc":{"start":{"line":57,"column":6},"end":{"line":62,"column":7}},"type":"if","locations":[{"start":{"line":57,"column":6},"end":{"line":62,"column":7}},{"start":{"line":60,"column":13},"end":{"line":62,"column":7}}],"line":57}},"s":{"0":0,"1":0,"2":0,"3":0,"4":0,"5":0,"6":0,"7":0,"8":0,"9":0,"10":0,"11":0,"12":0,"13":0,"14":0,"15":0,"16":0,"17":0,"18":0,"19":0,"20":0,"21":0,"22":0,"23":0,"24":0,"25":0,"26":0,"27":0,"28":0,"29":0,"30":0,"31":0,"32":0,"33":0,"34":0,"35":0,"36":0,"37":0,"38":0,"39":0,"40":0,"41":0,"42":0,"43":0,"44":0,"45":0,"46":0,"47":0,"48":0,"49":0,"50":0,"51":0,"52":0,"53":0,"54":0,"55":0,"56":0,"57":0},"f":{"0":0,"1":0,"2":0,"3":0,"4":0,"5":0,"6":0,"7":0,"8":0},"b":{"0":[0,0],"1":[0,0]}}
,"/Users/pejmanhaghighatnia/Desktop/Bleu.js/backend/services/ruleEngine.js": {"path":"/Users/pejmanhaghighatnia/Desktop/Bleu.js/backend/services/ruleEngine.js","statementMap":{"0":{"start":{"line":1,"column":19},"end":{"line":1,"column":47}},"1":{"start":{"line":2,"column":15},"end":{"line":2,"column":41}},"2":{"start":{"line":6,"column":4},"end":{"line":6,"column":31}},"3":{"start":{"line":7,"column":4},"end":{"line":7,"column":31}},"4":{"start":{"line":12,"column":4},"end":{"line":18,"column":5}},"5":{"start":{"line":13,"column":6},"end":{"line":13,"column":32}},"6":{"start":{"line":14,"column":6},"end":{"line":14,"column":75}},"7":{"start":{"line":16,"column":6},"end":{"line":16,"column":53}},"8":{"start":{"line":17,"column":6},"end":{"line":17,"column":18}},"9":{"start":{"line":23,"column":4},"end":{"line":30,"column":5}},"10":{"start":{"line":25,"column":6},"end":{"line":25,"column":35}},"11":{"start":{"line":26,"column":6},"end":{"line":26,"column":71}},"12":{"start":{"line":28,"column":6},"end":{"line":28,"column":55}},"13":{"start":{"line":29,"column":6},"end":{"line":29,"column":18}},"14":{"start":{"line":35,"column":4},"end":{"line":42,"column":5}},"15":{"start":{"line":36,"column":6},"end":{"line":36,"column":28}},"16":{"start":{"line":37,"column":6},"end":{"line":37,"column":25}},"17":{"start":{"line":38,"column":6},"end":{"line":38,"column":77}},"18":{"start":{"line":40,"column":6},"end":{"line":40,"column":55}},"19":{"start":{"line":41,"column":6},"end":{"line":41,"column":18}},"20":{"start":{"line":47,"column":4},"end":{"line":54,"column":5}},"21":{"start":{"line":48,"column":22},"end":{"line":48,"column":49}},"22":{"start":{"line":49,"column":6},"end":{"line":49,"column":59}},"23":{"start":{"line":50,"column":6},"end":{"line":50,"column":63}},"24":{"start":{"line":50,"column":41},"end":{"line":50,"column":61}},"25":{"start":{"line":52,"column":6},"end":{"line":52,"column":58}},"26":{"start":{"line":53,"column":6},"end":{"line":53,"column":18}},"27":{"start":{"line":59,"column":17},"end":{"line":71,"column":5}},"28":{"start":{"line":72,"column":4},"end":{"line":72,"column":23}},"29":{"start":{"line":77,"column":4},"end":{"line":77,"column":51}},"30":{"start":{"line":82,"column":0},"end":{"line":82,"column":29}}},"fnMap":{"0":{"name":"(anonymous_0)","decl":{"start":{"line":5,"column":2},"end":{"line":5,"column":3}},"loc":{"start":{"line":5,"column":16},"end":{"line":8,"column":3}},"line":5},"1":{"name":"(anonymous_1)","decl":{"start":{"line":11,"column":2},"end":{"line":11,"column":3}},"loc":{"start":{"line":11,"column":16},"end":{"line":19,"column":3}},"line":11},"2":{"name":"(anonymous_2)","decl":{"start":{"line":22,"column":2},"end":{"line":22,"column":3}},"loc":{"start":{"line":22,"column":19},"end":{"line":31,"column":3}},"line":22},"3":{"name":"(anonymous_3)","decl":{"start":{"line":34,"column":2},"end":{"line":34,"column":3}},"loc":{"start":{"line":34,"column":19},"end":{"line":43,"column":3}},"line":34},"4":{"name":"(anonymous_4)","decl":{"start":{"line":46,"column":2},"end":{"line":46,"column":3}},"loc":{"start":{"line":46,"column":23},"end":{"line":55,"column":3}},"line":46},"5":{"name":"(anonymous_5)","decl":{"start":{"line":50,"column":32},"end":{"line":50,"column":33}},"loc":{"start":{"line":50,"column":41},"end":{"line":50,"column":61}},"line":50},"6":{"name":"(anonymous_6)","decl":{"start":{"line":58,"column":2},"end":{"line":58,"column":3}},"loc":{"start":{"line":58,"column":58},"end":{"line":73,"column":3}},"line":58},"7":{"name":"(anonymous_7)","decl":{"start":{"line":76,"column":2},"end":{"line":76,"column":3}},"loc":{"start":{"line":76,"column":21},"end":{"line":79,"column":3}},"line":76}},"branchMap":{"0":{"loc":{"start":{"line":14,"column":38},"end":{"line":14,"column":65}},"type":"binary-expr","locations":[{"start":{"line":14,"column":38},"end":{"line":14,"column":47}},{"start":{"line":14,"column":51},"end":{"line":14,"column":65}}],"line":14},"1":{"loc":{"start":{"line":26,"column":40},"end":{"line":26,"column":67}},"type":"binary-expr","locations":[{"start":{"line":26,"column":40},"end":{"line":26,"column":49}},{"start":{"line":26,"column":53},"end":{"line":26,"column":67}}],"line":26},"2":{"loc":{"start":{"line":38,"column":40},"end":{"line":38,"column":67}},"type":"binary-expr","locations":[{"start":{"line":38,"column":40},"end":{"line":38,"column":49}},{"start":{"line":38,"column":53},"end":{"line":38,"column":67}}],"line":38},"3":{"loc":{"start":{"line":58,"column":44},"end":{"line":58,"column":56}},"type":"default-arg","locations":[{"start":{"line":58,"column":55},"end":{"line":58,"column":56}}],"line":58}},"s":{"0":0,"1":0,"2":0,"3":0,"4":0,"5":0,"6":0,"7":0,"8":0,"9":0,"10":0,"11":0,"12":0,"13":0,"14":0,"15":0,"16":0,"17":0,"18":0,"19":0,"20":0,"21":0,"22":0,"23":0,"24":0,"25":0,"26":0,"27":0,"28":0,"29":0,"30":0},"f":{"0":0,"1":0,"2":0,"3":0,"4":0,"5":0,"6":0,"7":0},"b":{"0":[0,0],"1":[0,0],"2":[0,0],"3":[0]}}
}
