{"/Users/pejmanhaghighatnia/Desktop/Bleu.js/backend/models/ruleModel.js": {"path":"/Users/pejmanhaghighatnia/Desktop/Bleu.js/backend/models/ruleModel.js","statementMap":{"0":{"start":{"line":2,"column":19},"end":{"line":2,"column":27}},"1":{"start":{"line":4,"column":19},"end":{"line":58,"column":2}},"2":{"start":{"line":60,"column":0},"end":{"line":63,"column":3}},"3":{"start":{"line":61,"column":2},"end":{"line":61,"column":30}},"4":{"start":{"line":62,"column":2},"end":{"line":62,"column":9}},"5":{"start":{"line":65,"column":0},"end":{"line":74,"column":2}},"6":{"start":{"line":66,"column":2},"end":{"line":73,"column":5}},"7":{"start":{"line":67,"column":4},"end":{"line":72,"column":5}},"8":{"start":{"line":68,"column":6},"end":{"line":68,"column":29}},"9":{"start":{"line":70,"column":6},"end":{"line":70,"column":71}},"10":{"start":{"line":71,"column":6},"end":{"line":71,"column":19}},"11":{"start":{"line":76,"column":0},"end":{"line":81,"column":2}},"12":{"start":{"line":77,"column":2},"end":{"line":80,"column":5}},"13":{"start":{"line":78,"column":4},"end":{"line":78,"column":64}},"14":{"start":{"line":79,"column":4},"end":{"line":79,"column":33}},"15":{"start":{"line":83,"column":0},"end":{"line":100,"column":2}},"16":{"start":{"line":84,"column":2},"end":{"line":87,"column":3}},"17":{"start":{"line":85,"column":4},"end":{"line":85,"column":51}},"18":{"start":{"line":86,"column":4},"end":{"line":86,"column":16}},"19":{"start":{"line":89,"column":24},"end":{"line":89,"column":82}},"20":{"start":{"line":90,"column":2},"end":{"line":99,"column":3}},"21":{"start":{"line":91,"column":20},"end":{"line":91,"column":71}},"22":{"start":{"line":92,"column":4},"end":{"line":92,"column":75}},"23":{"start":{"line":93,"column":4},"end":{"line":93,"column":22}},"24":{"start":{"line":94,"column":4},"end":{"line":94,"column":19}},"25":{"start":{"line":96,"column":4},"end":{"line":96,"column":72}},"26":{"start":{"line":97,"column":4},"end":{"line":97,"column":22}},"27":{"start":{"line":98,"column":4},"end":{"line":98,"column":16}},"28":{"start":{"line":102,"column":13},"end":{"line":102,"column":47}}},"fnMap":{"0":{"name":"(anonymous_0)","decl":{"start":{"line":60,"column":23},"end":{"line":60,"column":24}},"loc":{"start":{"line":60,"column":39},"end":{"line":63,"column":1}},"line":60},"1":{"name":"(anonymous_1)","decl":{"start":{"line":65,"column":40},"end":{"line":65,"column":41}},"loc":{"start":{"line":65,"column":68},"end":{"line":74,"column":1}},"line":65},"2":{"name":"(anonymous_2)","decl":{"start":{"line":66,"column":26},"end":{"line":66,"column":27}},"loc":{"start":{"line":66,"column":39},"end":{"line":73,"column":3}},"line":66},"3":{"name":"(anonymous_3)","decl":{"start":{"line":76,"column":36},"end":{"line":76,"column":37}},"loc":{"start":{"line":76,"column":61},"end":{"line":81,"column":1}},"line":76},"4":{"name":"(anonymous_4)","decl":{"start":{"line":77,"column":21},"end":{"line":77,"column":22}},"loc":{"start":{"line":77,"column":31},"end":{"line":80,"column":3}},"line":77},"5":{"name":"(anonymous_5)","decl":{"start":{"line":83,"column":31},"end":{"line":83,"column":32}},"loc":{"start":{"line":83,"column":53},"end":{"line":100,"column":1}},"line":83}},"branchMap":{"0":{"loc":{"start":{"line":84,"column":2},"end":{"line":87,"column":3}},"type":"if","locations":[{"start":{"line":84,"column":2},"end":{"line":87,"column":3}},{"start":{},"end":{}}],"line":84},"1":{"loc":{"start":{"line":90,"column":2},"end":{"line":99,"column":3}},"type":"if","locations":[{"start":{"line":90,"column":2},"end":{"line":99,"column":3}},{"start":{"line":95,"column":9},"end":{"line":99,"column":3}}],"line":90}},"s":{"0":0,"1":0,"2":0,"3":0,"4":0,"5":0,"6":0,"7":0,"8":0,"9":0,"10":0,"11":0,"12":0,"13":0,"14":0,"15":0,"16":0,"17":0,"18":0,"19":0,"20":0,"21":0,"22":0,"23":0,"24":0,"25":0,"26":0,"27":0,"28":0},"f":{"0":0,"1":0,"2":0,"3":0,"4":0,"5":0},"b":{"0":[0,0],"1":[0,0]}}
,"/Users/pejmanhaghighatnia/Desktop/Bleu.js/backend/models/userModel.js": {"path":"/Users/pejmanhaghighatnia/Desktop/Bleu.js/backend/models/userModel.js","statementMap":{"0":{"start":{"line":3,"column":19},"end":{"line":7,"column":2}},"1":{"start":{"line":9,"column":13},"end":{"line":9,"column":47}}},"fnMap":{},"branchMap":{},"s":{"0":0,"1":0},"f":{},"b":{}}
,"/Users/pejmanhaghighatnia/Desktop/Bleu.js/backend/routes/apiRoutes.js": {"path":"/Users/pejmanhaghighatnia/Desktop/Bleu.js/backend/routes/apiRoutes.js","statementMap":{"0":{"start":{"line":5,"column":15},"end":{"line":5,"column":31}},"1":{"start":{"line":6,"column":15},"end":{"line":6,"column":23}},"2":{"start":{"line":7,"column":15},"end":{"line":7,"column":27}},"3":{"start":{"line":39,"column":0},"end":{"line":42,"column":3}},"4":{"start":{"line":40,"column":2},"end":{"line":40,"column":60}},"5":{"start":{"line":41,"column":2},"end":{"line":41,"column":24}},"6":{"start":{"line":59,"column":0},"end":{"line":62,"column":3}},"7":{"start":{"line":60,"column":2},"end":{"line":60,"column":66}},"8":{"start":{"line":61,"column":2},"end":{"line":61,"column":25}},"9":{"start":{"line":79,"column":0},"end":{"line":82,"column":3}},"10":{"start":{"line":80,"column":2},"end":{"line":80,"column":66}},"11":{"start":{"line":81,"column":2},"end":{"line":81,"column":25}},"12":{"start":{"line":117,"column":0},"end":{"line":148,"column":3}},"13":{"start":{"line":118,"column":2},"end":{"line":147,"column":3}},"14":{"start":{"line":119,"column":21},"end":{"line":119,"column":29}},"15":{"start":{"line":121,"column":4},"end":{"line":124,"column":5}},"16":{"start":{"line":122,"column":6},"end":{"line":122,"column":74}},"17":{"start":{"line":123,"column":6},"end":{"line":123,"column":62}},"18":{"start":{"line":126,"column":4},"end":{"line":129,"column":5}},"19":{"start":{"line":127,"column":6},"end":{"line":127,"column":72}},"20":{"start":{"line":128,"column":6},"end":{"line":128,"column":62}},"21":{"start":{"line":131,"column":4},"end":{"line":133,"column":5}},"22":{"start":{"line":132,"column":6},"end":{"line":132,"column":47}},"23":{"start":{"line":135,"column":4},"end":{"line":138,"column":5}},"24":{"start":{"line":136,"column":6},"end":{"line":136,"column":82}},"25":{"start":{"line":137,"column":6},"end":{"line":137,"column":72}},"26":{"start":{"line":140,"column":4},"end":{"line":140,"column":61}},"27":{"start":{"line":140,"column":35},"end":{"line":140,"column":59}},"28":{"start":{"line":142,"column":4},"end":{"line":142,"column":62}},"29":{"start":{"line":143,"column":4},"end":{"line":143,"column":61}},"30":{"start":{"line":145,"column":4},"end":{"line":145,"column":87}},"31":{"start":{"line":146,"column":4},"end":{"line":146,"column":63}},"32":{"start":{"line":168,"column":0},"end":{"line":171,"column":3}},"33":{"start":{"line":169,"column":2},"end":{"line":169,"column":54}},"34":{"start":{"line":170,"column":2},"end":{"line":170,"column":53}}},"fnMap":{"0":{"name":"(anonymous_0)","decl":{"start":{"line":39,"column":22},"end":{"line":39,"column":23}},"loc":{"start":{"line":39,"column":36},"end":{"line":42,"column":1}},"line":39},"1":{"name":"(anonymous_1)","decl":{"start":{"line":59,"column":25},"end":{"line":59,"column":26}},"loc":{"start":{"line":59,"column":39},"end":{"line":62,"column":1}},"line":59},"2":{"name":"(anonymous_2)","decl":{"start":{"line":79,"column":25},"end":{"line":79,"column":26}},"loc":{"start":{"line":79,"column":39},"end":{"line":82,"column":1}},"line":79},"3":{"name":"(anonymous_3)","decl":{"start":{"line":117,"column":36},"end":{"line":117,"column":37}},"loc":{"start":{"line":117,"column":56},"end":{"line":148,"column":1}},"line":117},"4":{"name":"(anonymous_4)","decl":{"start":{"line":140,"column":22},"end":{"line":140,"column":23}},"loc":{"start":{"line":140,"column":35},"end":{"line":140,"column":59}},"line":140},"5":{"name":"(anonymous_5)","decl":{"start":{"line":168,"column":16},"end":{"line":168,"column":17}},"loc":{"start":{"line":168,"column":30},"end":{"line":171,"column":1}},"line":168}},"branchMap":{"0":{"loc":{"start":{"line":121,"column":4},"end":{"line":124,"column":5}},"type":"if","locations":[{"start":{"line":121,"column":4},"end":{"line":124,"column":5}},{"start":{},"end":{}}],"line":121},"1":{"loc":{"start":{"line":126,"column":4},"end":{"line":129,"column":5}},"type":"if","locations":[{"start":{"line":126,"column":4},"end":{"line":129,"column":5}},{"start":{},"end":{}}],"line":126},"2":{"loc":{"start":{"line":131,"column":4},"end":{"line":133,"column":5}},"type":"if","locations":[{"start":{"line":131,"column":4},"end":{"line":133,"column":5}},{"start":{},"end":{}}],"line":131},"3":{"loc":{"start":{"line":135,"column":4},"end":{"line":138,"column":5}},"type":"if","locations":[{"start":{"line":135,"column":4},"end":{"line":138,"column":5}},{"start":{},"end":{}}],"line":135}},"s":{"0":0,"1":0,"2":0,"3":0,"4":0,"5":0,"6":0,"7":0,"8":0,"9":0,"10":0,"11":0,"12":0,"13":0,"14":0,"15":0,"16":0,"17":0,"18":0,"19":0,"20":0,"21":0,"22":0,"23":0,"24":0,"25":0,"26":0,"27":0,"28":0,"29":0,"30":0,"31":0,"32":0,"33":0,"34":0},"f":{"0":0,"1":0,"2":0,"3":0,"4":0,"5":0},"b":{"0":[0,0],"1":[0,0],"2":[0,0],"3":[0,0]}}
,"/Users/pejmanhaghighatnia/Desktop/Bleu.js/backend/services/aiService.js": {"path":"/Users/pejmanhaghighatnia/Desktop/Bleu.js/backend/services/aiService.js","statementMap":{"0":{"start":{"line":7,"column":19},"end":{"line":18,"column":1}},"1":{"start":{"line":9,"column":23},"end":{"line":9,"column":41}},"2":{"start":{"line":22,"column":4},"end":{"line":22,"column":41}},"3":{"start":{"line":23,"column":4},"end":{"line":23,"column":53}},"4":{"start":{"line":24,"column":4},"end":{"line":24,"column":31}},"5":{"start":{"line":28,"column":4},"end":{"line":36,"column":5}},"6":{"start":{"line":29,"column":19},"end":{"line":29,"column":37}},"7":{"start":{"line":30,"column":6},"end":{"line":30,"column":24}},"8":{"start":{"line":31,"column":6},"end":{"line":31,"column":37}},"9":{"start":{"line":32,"column":6},"end":{"line":32,"column":51}},"10":{"start":{"line":34,"column":6},"end":{"line":34,"column":53}},"11":{"start":{"line":35,"column":6},"end":{"line":35,"column":18}},"12":{"start":{"line":40,"column":4},"end":{"line":51,"column":5}},"13":{"start":{"line":41,"column":19},"end":{"line":41,"column":55}},"14":{"start":{"line":42,"column":6},"end":{"line":47,"column":7}},"15":{"start":{"line":43,"column":8},"end":{"line":43,"column":47}},"16":{"start":{"line":44,"column":8},"end":{"line":44,"column":55}},"17":{"start":{"line":46,"column":8},"end":{"line":46,"column":54}},"18":{"start":{"line":49,"column":6},"end":{"line":49,"column":55}},"19":{"start":{"line":50,"column":6},"end":{"line":50,"column":18}},"20":{"start":{"line":55,"column":4},"end":{"line":66,"column":5}},"21":{"start":{"line":56,"column":19},"end":{"line":56,"column":79}},"22":{"start":{"line":57,"column":6},"end":{"line":62,"column":7}},"23":{"start":{"line":58,"column":8},"end":{"line":58,"column":56}},"24":{"start":{"line":59,"column":8},"end":{"line":59,"column":55}},"25":{"start":{"line":61,"column":8},"end":{"line":61,"column":54}},"26":{"start":{"line":64,"column":6},"end":{"line":64,"column":55}},"27":{"start":{"line":65,"column":6},"end":{"line":65,"column":18}},"28":{"start":{"line":70,"column":4},"end":{"line":77,"column":5}},"29":{"start":{"line":71,"column":21},"end":{"line":71,"column":58}},"30":{"start":{"line":72,"column":6},"end":{"line":72,"column":51}},"31":{"start":{"line":73,"column":6},"end":{"line":73,"column":20}},"32":{"start":{"line":75,"column":6},"end":{"line":75,"column":58}},"33":{"start":{"line":76,"column":6},"end":{"line":76,"column":18}},"34":{"start":{"line":81,"column":4},"end":{"line":88,"column":5}},"35":{"start":{"line":82,"column":21},"end":{"line":82,"column":53}},"36":{"start":{"line":83,"column":6},"end":{"line":83,"column":54}},"37":{"start":{"line":84,"column":6},"end":{"line":84,"column":20}},"38":{"start":{"line":86,"column":6},"end":{"line":86,"column":61}},"39":{"start":{"line":87,"column":6},"end":{"line":87,"column":18}},"40":{"start":{"line":92,"column":4},"end":{"line":99,"column":5}},"41":{"start":{"line":93,"column":21},"end":{"line":93,"column":51}},"42":{"start":{"line":94,"column":6},"end":{"line":94,"column":50}},"43":{"start":{"line":95,"column":6},"end":{"line":95,"column":20}},"44":{"start":{"line":97,"column":6},"end":{"line":97,"column":57}},"45":{"start":{"line":98,"column":6},"end":{"line":98,"column":18}},"46":{"start":{"line":103,"column":4},"end":{"line":111,"column":5}},"47":{"start":{"line":105,"column":21},"end":{"line":105,"column":68}},"48":{"start":{"line":106,"column":6},"end":{"line":106,"column":72}},"49":{"start":{"line":107,"column":6},"end":{"line":107,"column":20}},"50":{"start":{"line":109,"column":6},"end":{"line":109,"column":79}},"51":{"start":{"line":110,"column":6},"end":{"line":110,"column":18}}},"fnMap":{"0":{"name":"(anonymous_0)","decl":{"start":{"line":9,"column":13},"end":{"line":9,"column":14}},"loc":{"start":{"line":9,"column":23},"end":{"line":9,"column":41}},"line":9},"1":{"name":"(anonymous_1)","decl":{"start":{"line":21,"column":2},"end":{"line":21,"column":3}},"loc":{"start":{"line":21,"column":16},"end":{"line":25,"column":3}},"line":21},"2":{"name":"(anonymous_2)","decl":{"start":{"line":27,"column":2},"end":{"line":27,"column":3}},"loc":{"start":{"line":27,"column":26},"end":{"line":37,"column":3}},"line":27},"3":{"name":"(anonymous_3)","decl":{"start":{"line":39,"column":2},"end":{"line":39,"column":3}},"loc":{"start":{"line":39,"column":27},"end":{"line":52,"column":3}},"line":39},"4":{"name":"(anonymous_4)","decl":{"start":{"line":54,"column":2},"end":{"line":54,"column":3}},"loc":{"start":{"line":54,"column":36},"end":{"line":67,"column":3}},"line":54},"5":{"name":"(anonymous_5)","decl":{"start":{"line":69,"column":2},"end":{"line":69,"column":3}},"loc":{"start":{"line":69,"column":28},"end":{"line":78,"column":3}},"line":69},"6":{"name":"(anonymous_6)","decl":{"start":{"line":80,"column":2},"end":{"line":80,"column":3}},"loc":{"start":{"line":80,"column":30},"end":{"line":89,"column":3}},"line":80},"7":{"name":"(anonymous_7)","decl":{"start":{"line":91,"column":2},"end":{"line":91,"column":3}},"loc":{"start":{"line":91,"column":26},"end":{"line":100,"column":3}},"line":91},"8":{"name":"(anonymous_8)","decl":{"start":{"line":102,"column":2},"end":{"line":102,"column":3}},"loc":{"start":{"line":102,"column":43},"end":{"line":112,"column":3}},"line":102}},"branchMap":{"0":{"loc":{"start":{"line":42,"column":6},"end":{"line":47,"column":7}},"type":"if","locations":[{"start":{"line":42,"column":6},"end":{"line":47,"column":7}},{"start":{"line":45,"column":13},"end":{"line":47,"column":7}}],"line":42},"1":{"loc":{"start":{"line":57,"column":6},"end":{"line":62,"column":7}},"type":"if","locations":[{"start":{"line":57,"column":6},"end":{"line":62,"column":7}},{"start":{"line":60,"column":13},"end":{"line":62,"column":7}}],"line":57}},"s":{"0":0,"1":0,"2":0,"3":0,"4":0,"5":0,"6":0,"7":0,"8":0,"9":0,"10":0,"11":0,"12":0,"13":0,"14":0,"15":0,"16":0,"17":0,"18":0,"19":0,"20":0,"21":0,"22":0,"23":0,"24":0,"25":0,"26":0,"27":0,"28":0,"29":0,"30":0,"31":0,"32":0,"33":0,"34":0,"35":0,"36":0,"37":0,"38":0,"39":0,"40":0,"41":0,"42":0,"43":0,"44":0,"45":0,"46":0,"47":0,"48":0,"49":0,"50":0,"51":0},"f":{"0":0,"1":0,"2":0,"3":0,"4":0,"5":0,"6":0,"7":0,"8":0},"b":{"0":[0,0],"1":[0,0]}}
,"/Users/pejmanhaghighatnia/Desktop/Bleu.js/backend/services/ruleEngine.js": {"path":"/Users/pejmanhaghighatnia/Desktop/Bleu.js/backend/services/ruleEngine.js","statementMap":{"0":{"start":{"line":6,"column":4},"end":{"line":6,"column":31}},"1":{"start":{"line":7,"column":4},"end":{"line":7,"column":20}},"2":{"start":{"line":8,"column":4},"end":{"line":8,"column":31}},"3":{"start":{"line":12,"column":4},"end":{"line":20,"column":5}},"4":{"start":{"line":13,"column":19},"end":{"line":13,"column":37}},"5":{"start":{"line":14,"column":6},"end":{"line":14,"column":32}},"6":{"start":{"line":15,"column":6},"end":{"line":15,"column":28}},"7":{"start":{"line":16,"column":6},"end":{"line":16,"column":69}},"8":{"start":{"line":18,"column":6},"end":{"line":18,"column":53}},"9":{"start":{"line":19,"column":6},"end":{"line":19,"column":18}},"10":{"start":{"line":24,"column":4},"end":{"line":36,"column":5}},"11":{"start":{"line":25,"column":20},"end":{"line":25,"column":72}},"12":{"start":{"line":25,"column":49},"end":{"line":25,"column":71}},"13":{"start":{"line":26,"column":6},"end":{"line":32,"column":7}},"14":{"start":{"line":27,"column":23},"end":{"line":27,"column":50}},"15":{"start":{"line":28,"column":8},"end":{"line":28,"column":37}},"16":{"start":{"line":29,"column":8},"end":{"line":29,"column":54}},"17":{"start":{"line":31,"column":8},"end":{"line":31,"column":56}},"18":{"start":{"line":34,"column":6},"end":{"line":34,"column":55}},"19":{"start":{"line":35,"column":6},"end":{"line":35,"column":18}},"20":{"start":{"line":40,"column":4},"end":{"line":54,"column":5}},"21":{"start":{"line":41,"column":20},"end":{"line":41,"column":72}},"22":{"start":{"line":41,"column":49},"end":{"line":41,"column":71}},"23":{"start":{"line":42,"column":6},"end":{"line":50,"column":7}},"24":{"start":{"line":43,"column":21},"end":{"line":43,"column":46}},"25":{"start":{"line":44,"column":8},"end":{"line":44,"column":33}},"26":{"start":{"line":45,"column":8},"end":{"line":45,"column":50}},"27":{"start":{"line":46,"column":8},"end":{"line":46,"column":34}},"28":{"start":{"line":47,"column":8},"end":{"line":47,"column":54}},"29":{"start":{"line":49,"column":8},"end":{"line":49,"column":56}},"30":{"start":{"line":52,"column":6},"end":{"line":52,"column":55}},"31":{"start":{"line":53,"column":6},"end":{"line":53,"column":18}},"32":{"start":{"line":58,"column":4},"end":{"line":65,"column":5}},"33":{"start":{"line":59,"column":22},"end":{"line":59,"column":49}},"34":{"start":{"line":60,"column":6},"end":{"line":60,"column":55}},"35":{"start":{"line":61,"column":6},"end":{"line":61,"column":55}},"36":{"start":{"line":61,"column":41},"end":{"line":61,"column":53}},"37":{"start":{"line":63,"column":6},"end":{"line":63,"column":58}},"38":{"start":{"line":64,"column":6},"end":{"line":64,"column":18}}},"fnMap":{"0":{"name":"(anonymous_0)","decl":{"start":{"line":5,"column":2},"end":{"line":5,"column":3}},"loc":{"start":{"line":5,"column":16},"end":{"line":9,"column":3}},"line":5},"1":{"name":"(anonymous_1)","decl":{"start":{"line":11,"column":2},"end":{"line":11,"column":3}},"loc":{"start":{"line":11,"column":20},"end":{"line":21,"column":3}},"line":11},"2":{"name":"(anonymous_2)","decl":{"start":{"line":23,"column":2},"end":{"line":23,"column":3}},"loc":{"start":{"line":23,"column":23},"end":{"line":37,"column":3}},"line":23},"3":{"name":"(anonymous_3)","decl":{"start":{"line":25,"column":41},"end":{"line":25,"column":42}},"loc":{"start":{"line":25,"column":49},"end":{"line":25,"column":71}},"line":25},"4":{"name":"(anonymous_4)","decl":{"start":{"line":39,"column":2},"end":{"line":39,"column":3}},"loc":{"start":{"line":39,"column":40},"end":{"line":55,"column":3}},"line":39},"5":{"name":"(anonymous_5)","decl":{"start":{"line":41,"column":41},"end":{"line":41,"column":42}},"loc":{"start":{"line":41,"column":49},"end":{"line":41,"column":71}},"line":41},"6":{"name":"(anonymous_6)","decl":{"start":{"line":57,"column":2},"end":{"line":57,"column":3}},"loc":{"start":{"line":57,"column":23},"end":{"line":66,"column":3}},"line":57},"7":{"name":"(anonymous_7)","decl":{"start":{"line":61,"column":32},"end":{"line":61,"column":33}},"loc":{"start":{"line":61,"column":41},"end":{"line":61,"column":53}},"line":61}},"branchMap":{"0":{"loc":{"start":{"line":16,"column":38},"end":{"line":16,"column":65}},"type":"binary-expr","locations":[{"start":{"line":16,"column":38},"end":{"line":16,"column":47}},{"start":{"line":16,"column":51},"end":{"line":16,"column":65}}],"line":16},"1":{"loc":{"start":{"line":26,"column":6},"end":{"line":32,"column":7}},"type":"if","locations":[{"start":{"line":26,"column":6},"end":{"line":32,"column":7}},{"start":{"line":30,"column":13},"end":{"line":32,"column":7}}],"line":26},"2":{"loc":{"start":{"line":42,"column":6},"end":{"line":50,"column":7}},"type":"if","locations":[{"start":{"line":42,"column":6},"end":{"line":50,"column":7}},{"start":{"line":48,"column":13},"end":{"line":50,"column":7}}],"line":42}},"s":{"0":0,"1":0,"2":0,"3":0,"4":0,"5":0,"6":0,"7":0,"8":0,"9":0,"10":0,"11":0,"12":0,"13":0,"14":0,"15":0,"16":0,"17":0,"18":0,"19":0,"20":0,"21":0,"22":0,"23":0,"24":0,"25":0,"26":0,"27":0,"28":0,"29":0,"30":0,"31":0,"32":0,"33":0,"34":0,"35":0,"36":0,"37":0,"38":0},"f":{"0":0,"1":0,"2":0,"3":0,"4":0,"5":0,"6":0,"7":0},"b":{"0":[0,0],"1":[0,0],"2":[0,0]}}
,"/Users/pejmanhaghighatnia/Desktop/Bleu.js/backend/services/rulesEngine.js": {"path":"/Users/pejmanhaghighatnia/Desktop/Bleu.js/backend/services/rulesEngine.js","statementMap":{"0":{"start":{"line":6,"column":4},"end":{"line":6,"column":31}},"1":{"start":{"line":7,"column":4},"end":{"line":7,"column":20}},"2":{"start":{"line":8,"column":4},"end":{"line":8,"column":31}},"3":{"start":{"line":12,"column":4},"end":{"line":20,"column":5}},"4":{"start":{"line":13,"column":19},"end":{"line":13,"column":37}},"5":{"start":{"line":14,"column":6},"end":{"line":14,"column":32}},"6":{"start":{"line":15,"column":6},"end":{"line":15,"column":28}},"7":{"start":{"line":16,"column":6},"end":{"line":16,"column":69}},"8":{"start":{"line":18,"column":6},"end":{"line":18,"column":53}},"9":{"start":{"line":19,"column":6},"end":{"line":19,"column":18}},"10":{"start":{"line":24,"column":4},"end":{"line":36,"column":5}},"11":{"start":{"line":25,"column":20},"end":{"line":25,"column":72}},"12":{"start":{"line":25,"column":49},"end":{"line":25,"column":71}},"13":{"start":{"line":26,"column":6},"end":{"line":32,"column":7}},"14":{"start":{"line":27,"column":23},"end":{"line":27,"column":50}},"15":{"start":{"line":28,"column":8},"end":{"line":28,"column":37}},"16":{"start":{"line":29,"column":8},"end":{"line":29,"column":54}},"17":{"start":{"line":31,"column":8},"end":{"line":31,"column":56}},"18":{"start":{"line":34,"column":6},"end":{"line":34,"column":55}},"19":{"start":{"line":35,"column":6},"end":{"line":35,"column":18}},"20":{"start":{"line":40,"column":4},"end":{"line":54,"column":5}},"21":{"start":{"line":41,"column":20},"end":{"line":41,"column":72}},"22":{"start":{"line":41,"column":49},"end":{"line":41,"column":71}},"23":{"start":{"line":42,"column":6},"end":{"line":50,"column":7}},"24":{"start":{"line":43,"column":21},"end":{"line":43,"column":46}},"25":{"start":{"line":44,"column":8},"end":{"line":44,"column":33}},"26":{"start":{"line":45,"column":8},"end":{"line":45,"column":50}},"27":{"start":{"line":46,"column":8},"end":{"line":46,"column":34}},"28":{"start":{"line":47,"column":8},"end":{"line":47,"column":54}},"29":{"start":{"line":49,"column":8},"end":{"line":49,"column":56}},"30":{"start":{"line":52,"column":6},"end":{"line":52,"column":55}},"31":{"start":{"line":53,"column":6},"end":{"line":53,"column":18}},"32":{"start":{"line":58,"column":4},"end":{"line":65,"column":5}},"33":{"start":{"line":59,"column":22},"end":{"line":59,"column":49}},"34":{"start":{"line":60,"column":6},"end":{"line":60,"column":55}},"35":{"start":{"line":61,"column":6},"end":{"line":61,"column":55}},"36":{"start":{"line":61,"column":41},"end":{"line":61,"column":53}},"37":{"start":{"line":63,"column":6},"end":{"line":63,"column":58}},"38":{"start":{"line":64,"column":6},"end":{"line":64,"column":18}}},"fnMap":{"0":{"name":"(anonymous_0)","decl":{"start":{"line":5,"column":2},"end":{"line":5,"column":3}},"loc":{"start":{"line":5,"column":16},"end":{"line":9,"column":3}},"line":5},"1":{"name":"(anonymous_1)","decl":{"start":{"line":11,"column":2},"end":{"line":11,"column":3}},"loc":{"start":{"line":11,"column":20},"end":{"line":21,"column":3}},"line":11},"2":{"name":"(anonymous_2)","decl":{"start":{"line":23,"column":2},"end":{"line":23,"column":3}},"loc":{"start":{"line":23,"column":23},"end":{"line":37,"column":3}},"line":23},"3":{"name":"(anonymous_3)","decl":{"start":{"line":25,"column":41},"end":{"line":25,"column":42}},"loc":{"start":{"line":25,"column":49},"end":{"line":25,"column":71}},"line":25},"4":{"name":"(anonymous_4)","decl":{"start":{"line":39,"column":2},"end":{"line":39,"column":3}},"loc":{"start":{"line":39,"column":40},"end":{"line":55,"column":3}},"line":39},"5":{"name":"(anonymous_5)","decl":{"start":{"line":41,"column":41},"end":{"line":41,"column":42}},"loc":{"start":{"line":41,"column":49},"end":{"line":41,"column":71}},"line":41},"6":{"name":"(anonymous_6)","decl":{"start":{"line":57,"column":2},"end":{"line":57,"column":3}},"loc":{"start":{"line":57,"column":23},"end":{"line":66,"column":3}},"line":57},"7":{"name":"(anonymous_7)","decl":{"start":{"line":61,"column":32},"end":{"line":61,"column":33}},"loc":{"start":{"line":61,"column":41},"end":{"line":61,"column":53}},"line":61}},"branchMap":{"0":{"loc":{"start":{"line":16,"column":38},"end":{"line":16,"column":65}},"type":"binary-expr","locations":[{"start":{"line":16,"column":38},"end":{"line":16,"column":47}},{"start":{"line":16,"column":51},"end":{"line":16,"column":65}}],"line":16},"1":{"loc":{"start":{"line":26,"column":6},"end":{"line":32,"column":7}},"type":"if","locations":[{"start":{"line":26,"column":6},"end":{"line":32,"column":7}},{"start":{"line":30,"column":13},"end":{"line":32,"column":7}}],"line":26},"2":{"loc":{"start":{"line":42,"column":6},"end":{"line":50,"column":7}},"type":"if","locations":[{"start":{"line":42,"column":6},"end":{"line":50,"column":7}},{"start":{"line":48,"column":13},"end":{"line":50,"column":7}}],"line":42}},"s":{"0":0,"1":0,"2":0,"3":0,"4":0,"5":0,"6":0,"7":0,"8":0,"9":0,"10":0,"11":0,"12":0,"13":0,"14":0,"15":0,"16":0,"17":0,"18":0,"19":0,"20":0,"21":0,"22":0,"23":0,"24":0,"25":0,"26":0,"27":0,"28":0,"29":0,"30":0,"31":0,"32":0,"33":0,"34":0,"35":0,"36":0,"37":0,"38":0},"f":{"0":0,"1":0,"2":0,"3":0,"4":0,"5":0,"6":0,"7":0},"b":{"0":[0,0],"1":[0,0],"2":[0,0]}}
}
