TN:
SF:models/ruleModel.js
FN:61,(anonymous_0)
FN:67,(anonymous_1)
FN:69,(anonymous_2)
FN:81,(anonymous_3)
FN:83,(anonymous_4)
FN:90,(anonymous_5)
FNF:6
FNH:0
FNDA:0,(anonymous_0)
FNDA:0,(anonymous_1)
FNDA:0,(anonymous_2)
FNDA:0,(anonymous_3)
FNDA:0,(anonymous_4)
FNDA:0,(anonymous_5)
DA:1,0
DA:2,0
DA:4,0
DA:61,0
DA:62,0
DA:63,0
DA:67,0
DA:69,0
DA:70,0
DA:72,0
DA:74,0
DA:75,0
DA:81,0
DA:83,0
DA:84,0
DA:85,0
DA:90,0
DA:91,0
DA:92,0
DA:93,0
DA:96,0
DA:97,0
DA:98,0
DA:99,0
DA:100,0
DA:101,0
DA:103,0
DA:104,0
DA:105,0
DA:109,0
DA:111,0
LF:31
LH:0
BRDA:91,0,0,0
BRDA:91,0,1,0
BRDA:97,1,0,0
BRDA:97,1,1,0
BRF:4
BRH:0
end_of_record
TN:
SF:routes/apiRoutes.js
FN:10,(anonymous_0)
FN:11,(anonymous_1)
FN:12,(anonymous_2)
FN:26,(anonymous_3)
FN:35,(anonymous_4)
FN:44,(anonymous_5)
FN:57,(anonymous_6)
FN:75,(anonymous_7)
FN:88,(anonymous_8)
FN:101,(anonymous_9)
FN:111,(anonymous_10)
FN:124,(anonymous_11)
FN:144,(anonymous_12)
FN:161,(anonymous_13)
FN:174,(anonymous_14)
FN:187,(anonymous_15)
FN:197,(anonymous_16)
FNF:17
FNH:0
FNDA:0,(anonymous_0)
FNDA:0,(anonymous_1)
FNDA:0,(anonymous_2)
FNDA:0,(anonymous_3)
FNDA:0,(anonymous_4)
FNDA:0,(anonymous_5)
FNDA:0,(anonymous_6)
FNDA:0,(anonymous_7)
FNDA:0,(anonymous_8)
FNDA:0,(anonymous_9)
FNDA:0,(anonymous_10)
FNDA:0,(anonymous_11)
FNDA:0,(anonymous_12)
FNDA:0,(anonymous_13)
FNDA:0,(anonymous_14)
FNDA:0,(anonymous_15)
FNDA:0,(anonymous_16)
DA:7,0
DA:8,0
DA:10,0
DA:11,0
DA:12,0
DA:13,0
DA:14,0
DA:15,0
DA:17,0
DA:22,0
DA:27,0
DA:28,0
DA:31,0
DA:36,0
DA:37,0
DA:40,0
DA:45,0
DA:46,0
DA:50,0
DA:58,0
DA:59,0
DA:60,0
DA:61,0
DA:63,0
DA:64,0
DA:68,0
DA:76,0
DA:77,0
DA:78,0
DA:79,0
DA:81,0
DA:83,0
DA:84,0
DA:88,0
DA:89,0
DA:90,0
DA:91,0
DA:92,0
DA:94,0
DA:96,0
DA:97,0
DA:101,0
DA:102,0
DA:103,0
DA:104,0
DA:106,0
DA:107,0
DA:111,0
DA:112,0
DA:113,0
DA:114,0
DA:115,0
DA:117,0
DA:119,0
DA:120,0
DA:124,0
DA:125,0
DA:126,0
DA:127,0
DA:128,0
DA:130,0
DA:132,0
DA:133,0
DA:138,0
DA:145,0
DA:146,0
DA:147,0
DA:148,0
DA:150,0
DA:151,0
DA:155,0
DA:162,0
DA:163,0
DA:164,0
DA:165,0
DA:167,0
DA:169,0
DA:170,0
DA:174,0
DA:175,0
DA:176,0
DA:177,0
DA:178,0
DA:180,0
DA:182,0
DA:183,0
DA:187,0
DA:188,0
DA:189,0
DA:190,0
DA:192,0
DA:193,0
DA:197,0
DA:198,0
DA:199,0
DA:200,0
DA:201,0
DA:203,0
DA:205,0
DA:206,0
LF:100
LH:0
BRDA:14,0,0,0
BRDA:14,0,1,0
BRDA:78,1,0,0
BRDA:78,1,1,0
BRDA:91,2,0,0
BRDA:91,2,1,0
BRDA:114,3,0,0
BRDA:114,3,1,0
BRDA:127,4,0,0
BRDA:127,4,1,0
BRDA:164,5,0,0
BRDA:164,5,1,0
BRDA:177,6,0,0
BRDA:177,6,1,0
BRDA:200,7,0,0
BRDA:200,7,1,0
BRF:16
BRH:0
end_of_record
TN:
SF:services/aiService.js
FN:9,(anonymous_0)
FN:21,(anonymous_1)
FN:27,(anonymous_2)
FN:39,(anonymous_3)
FN:54,(anonymous_4)
FN:69,(anonymous_5)
FN:80,(anonymous_6)
FN:91,(anonymous_7)
FN:102,(anonymous_8)
FNF:9
FNH:0
FNDA:0,(anonymous_0)
FNDA:0,(anonymous_1)
FNDA:0,(anonymous_2)
FNDA:0,(anonymous_3)
FNDA:0,(anonymous_4)
FNDA:0,(anonymous_5)
FNDA:0,(anonymous_6)
FNDA:0,(anonymous_7)
FNDA:0,(anonymous_8)
DA:1,0
DA:2,0
DA:3,0
DA:4,0
DA:5,0
DA:7,0
DA:9,0
DA:22,0
DA:23,0
DA:24,0
DA:28,0
DA:29,0
DA:30,0
DA:31,0
DA:32,0
DA:34,0
DA:35,0
DA:40,0
DA:41,0
DA:42,0
DA:43,0
DA:44,0
DA:46,0
DA:49,0
DA:50,0
DA:55,0
DA:56,0
DA:57,0
DA:58,0
DA:59,0
DA:61,0
DA:64,0
DA:65,0
DA:70,0
DA:71,0
DA:72,0
DA:73,0
DA:75,0
DA:76,0
DA:81,0
DA:82,0
DA:83,0
DA:84,0
DA:86,0
DA:87,0
DA:92,0
DA:93,0
DA:94,0
DA:95,0
DA:97,0
DA:98,0
DA:103,0
DA:105,0
DA:106,0
DA:107,0
DA:109,0
DA:110,0
DA:115,0
LF:58
LH:0
BRDA:42,0,0,0
BRDA:42,0,1,0
BRDA:57,1,0,0
BRDA:57,1,1,0
BRF:4
BRH:0
end_of_record
TN:
SF:services/ruleEngine.js
FN:5,(anonymous_0)
FN:11,(anonymous_1)
FN:22,(anonymous_2)
FN:34,(anonymous_3)
FN:46,(anonymous_4)
FN:50,(anonymous_5)
FN:58,(anonymous_6)
FN:76,(anonymous_7)
FNF:8
FNH:0
FNDA:0,(anonymous_0)
FNDA:0,(anonymous_1)
FNDA:0,(anonymous_2)
FNDA:0,(anonymous_3)
FNDA:0,(anonymous_4)
FNDA:0,(anonymous_5)
FNDA:0,(anonymous_6)
FNDA:0,(anonymous_7)
DA:1,0
DA:2,0
DA:6,0
DA:7,0
DA:12,0
DA:13,0
DA:14,0
DA:16,0
DA:17,0
DA:23,0
DA:25,0
DA:26,0
DA:28,0
DA:29,0
DA:35,0
DA:36,0
DA:37,0
DA:38,0
DA:40,0
DA:41,0
DA:47,0
DA:48,0
DA:49,0
DA:50,0
DA:52,0
DA:53,0
DA:59,0
DA:72,0
DA:77,0
DA:82,0
LF:30
LH:0
BRDA:14,0,0,0
BRDA:14,0,1,0
BRDA:26,1,0,0
BRDA:26,1,1,0
BRDA:38,2,0,0
BRDA:38,2,1,0
BRDA:58,3,0,0
BRF:7
BRH:0
end_of_record
