{
  "numFailedTestSuites": 0,
  "numFailedTests": 0,
  "numPassedTestSuites": 97,
  "numPassedTests": 97,
  "numPendingTestSuites": 1,
  "numPendingTests": 0,
  "numRuntimeErrorTestSuites": 0,
  "numTodoTests": 0,
  "numTotalTestSuites": 98,
  "numTotalTests": 97,
  "openHandles": [],
  "snapshot": {
    "added": 0,
    "didUpdate": false,
    "failure": false,
    "filesAdded": 0,
    "filesRemoved": 0,
    "filesRemovedList": [],
    "filesUnmatched": 0,
    "filesUpdated": 0,
    "matched": 0,
    "total": 0,
    "unchecked": 0,
    "uncheckedKeysByFile": [],
    "unmatched": 0,
    "updated": 0
  },
  "startTime": 1737662490219,
  "success": false,
  "testResults": [
    {
      "leaks": false,
      "numFailingTests": 0,
      "numPassingTests": 0,
      "numPendingTests": 0,
      "numTodoTests": 0,
      "openHandles": [],
      "perfStats": {
        "start": 1737662490362,
        "end": 1737662490371,
        "duration": 9,
        "runtime": 9,
        "slow": false
      },
      "skipped": true,
      "snapshot": {
        "added": 0,
        "fileDeleted": false,
        "matched": 0,
        "unchecked": 0,
        "uncheckedKeys": [],
        "unmatched": 0,
        "updated": 0
      },
      "testFilePath": "/Users/pejmanhaghighatnia/Bleu.js/src/backend/tests/setup.ts",
      "testResults": [
        {
          "duration": 9,
          "ancestorTitles": [],
          "failureDetails": [],
          "failureMessages": [],
          "testFilePath": "/Users/pejmanhaghighatnia/Bleu.js/src/backend/tests/setup.ts",
          "numPassingAsserts": 0,
          "status": "skipped",
          "title": "ESLint"
        }
      ]
    },
    {
      "leaks": false,
      "numFailingTests": 0,
      "numPassingTests": 1,
      "numPendingTests": 0,
      "numTodoTests": 0,
      "openHandles": [],
      "perfStats": {
        "start": 1737662490377,
        "end": 1737662491695,
        "duration": 1318,
        "runtime": 1318,
        "slow": false
      },
      "skipped": false,
      "snapshot": {
        "added": 0,
        "fileDeleted": false,
        "matched": 0,
        "unchecked": 0,
        "uncheckedKeys": [],
        "unmatched": 0,
        "updated": 0
      },
      "testFilePath": "/Users/pejmanhaghighatnia/Bleu.js/output/jest-html-reporters-attach/test-report/index.js",
      "testResults": [
        {
          "duration": 1318,
          "ancestorTitles": [],
          "failureDetails": [],
          "failureMessages": [],
          "testFilePath": "/Users/pejmanhaghighatnia/Bleu.js/output/jest-html-reporters-attach/test-report/index.js",
          "numPassingAsserts": 1,
          "status": "passed",
          "title": "ESLint"
        }
      ],
      "cliOptions": {
        "cache": false,
        "cacheLocation": ".eslintcache",
        "fixDryRun": false,
        "maxWarnings": -1,
        "ignore": true,
        "allowInlineConfig": true,
        "quiet": false,
        "overrideConfigFile": null,
        "overrideConfig": {
          "linterOptions": {
            "reportUnusedDisableDirectives": false
          }
        }
      }
    },
    {
      "leaks": false,
      "numFailingTests": 0,
      "numPassingTests": 1,
      "numPendingTests": 0,
      "numTodoTests": 0,
      "openHandles": [],
      "perfStats": {
        "start": 1737662491708,
        "end": 1737662493184,
        "duration": 1476,
        "runtime": 1476,
        "slow": false
      },
      "skipped": false,
      "snapshot": {
        "added": 0,
        "fileDeleted": false,
        "matched": 0,
        "unchecked": 0,
        "uncheckedKeys": [],
        "unmatched": 0,
        "updated": 0
      },
      "testFilePath": "/Users/pejmanhaghighatnia/Bleu.js/output/html-report/jest-html-reporters-attach/index/index.js",
      "testResults": [
        {
          "duration": 1476,
          "ancestorTitles": [],
          "failureDetails": [],
          "failureMessages": [],
          "testFilePath": "/Users/pejmanhaghighatnia/Bleu.js/output/html-report/jest-html-reporters-attach/index/index.js",
          "numPassingAsserts": 1,
          "status": "passed",
          "title": "ESLint"
        }
      ],
      "cliOptions": {
        "cache": false,
        "cacheLocation": ".eslintcache",
        "fixDryRun": false,
        "maxWarnings": -1,
        "ignore": true,
        "allowInlineConfig": true,
        "quiet": false,
        "overrideConfigFile": null,
        "overrideConfig": {
          "linterOptions": {
            "reportUnusedDisableDirectives": false
          }
        }
      }
    },
    {
      "leaks": false,
      "numFailingTests": 0,
      "numPassingTests": 1,
      "numPendingTests": 0,
      "numTodoTests": 0,
      "openHandles": [],
      "perfStats": {
        "start": 1737662493190,
        "end": 1737662494487,
        "duration": 1297,
        "runtime": 1297,
        "slow": false
      },
      "skipped": false,
      "snapshot": {
        "added": 0,
        "fileDeleted": false,
        "matched": 0,
        "unchecked": 0,
        "uncheckedKeys": [],
        "unmatched": 0,
        "updated": 0
      },
      "testFilePath": "/Users/pejmanhaghighatnia/Bleu.js/output/jest-html-reporters-attach/report/index.js",
      "testResults": [
        {
          "duration": 1297,
          "ancestorTitles": [],
          "failureDetails": [],
          "failureMessages": [],
          "testFilePath": "/Users/pejmanhaghighatnia/Bleu.js/output/jest-html-reporters-attach/report/index.js",
          "numPassingAsserts": 1,
          "status": "passed",
          "title": "ESLint"
        }
      ],
      "cliOptions": {
        "cache": false,
        "cacheLocation": ".eslintcache",
        "fixDryRun": false,
        "maxWarnings": -1,
        "ignore": true,
        "allowInlineConfig": true,
        "quiet": false,
        "overrideConfigFile": null,
        "overrideConfig": {
          "linterOptions": {
            "reportUnusedDisableDirectives": false
          }
        }
      }
    },
    {
      "leaks": false,
      "numFailingTests": 0,
      "numPassingTests": 1,
      "numPendingTests": 0,
      "numTodoTests": 0,
      "openHandles": [],
      "perfStats": {
        "start": 1737662494493,
        "end": 1737662495074,
        "duration": 581,
        "runtime": 581,
        "slow": false
      },
      "skipped": false,
      "snapshot": {
        "added": 0,
        "fileDeleted": false,
        "matched": 0,
        "unchecked": 0,
        "uncheckedKeys": [],
        "unmatched": 0,
        "updated": 0
      },
      "testFilePath": "/Users/pejmanhaghighatnia/Bleu.js/output/jest-html-reporters-attach/test-report/result.js",
      "testResults": [
        {
          "duration": 581,
          "ancestorTitles": [],
          "failureDetails": [],
          "failureMessages": [],
          "testFilePath": "/Users/pejmanhaghighatnia/Bleu.js/output/jest-html-reporters-attach/test-report/result.js",
          "numPassingAsserts": 1,
          "status": "passed",
          "title": "ESLint"
        }
      ],
      "cliOptions": {
        "cache": false,
        "cacheLocation": ".eslintcache",
        "fixDryRun": false,
        "maxWarnings": -1,
        "ignore": true,
        "allowInlineConfig": true,
        "quiet": false,
        "overrideConfigFile": null,
        "overrideConfig": {
          "linterOptions": {
            "reportUnusedDisableDirectives": false
          }
        }
      }
    },
    {
      "leaks": false,
      "numFailingTests": 0,
      "numPassingTests": 1,
      "numPendingTests": 0,
      "numTodoTests": 0,
      "openHandles": [],
      "perfStats": {
        "start": 1737662495079,
        "end": 1737662495082,
        "duration": 3,
        "runtime": 3,
        "slow": false
      },
      "skipped": false,
      "snapshot": {
        "added": 0,
        "fileDeleted": false,
        "matched": 0,
        "unchecked": 0,
        "uncheckedKeys": [],
        "unmatched": 0,
        "updated": 0
      },
      "testFilePath": "/Users/pejmanhaghighatnia/Bleu.js/src/backend/src/services/decisionTreeService.js",
      "testResults": [
        {
          "duration": 3,
          "ancestorTitles": [],
          "failureDetails": [],
          "failureMessages": [],
          "testFilePath": "/Users/pejmanhaghighatnia/Bleu.js/src/backend/src/services/decisionTreeService.js",
          "numPassingAsserts": 1,
          "status": "passed",
          "title": "ESLint"
        }
      ],
      "cliOptions": {
        "cache": false,
        "cacheLocation": ".eslintcache",
        "fixDryRun": false,
        "maxWarnings": -1,
        "ignore": true,
        "allowInlineConfig": true,
        "quiet": false,
        "overrideConfigFile": null,
        "overrideConfig": {
          "linterOptions": {
            "reportUnusedDisableDirectives": false
          }
        }
      }
    },
    {
      "leaks": false,
      "numFailingTests": 0,
      "numPassingTests": 1,
      "numPendingTests": 0,
      "numTodoTests": 0,
      "openHandles": [],
      "perfStats": {
        "start": 1737662495087,
        "end": 1737662495101,
        "duration": 14,
        "runtime": 14,
        "slow": false
      },
      "skipped": false,
      "snapshot": {
        "added": 0,
        "fileDeleted": false,
        "matched": 0,
        "unchecked": 0,
        "uncheckedKeys": [],
        "unmatched": 0,
        "updated": 0
      },
      "testFilePath": "/Users/pejmanhaghighatnia/Bleu.js/coverage/lcov-report/prettify.js",
      "testResults": [
        {
          "duration": 14,
          "ancestorTitles": [],
          "failureDetails": [],
          "failureMessages": [],
          "testFilePath": "/Users/pejmanhaghighatnia/Bleu.js/coverage/lcov-report/prettify.js",
          "numPassingAsserts": 1,
          "status": "passed",
          "title": "ESLint"
        }
      ],
      "cliOptions": {
        "cache": false,
        "cacheLocation": ".eslintcache",
        "fixDryRun": false,
        "maxWarnings": -1,
        "ignore": true,
        "allowInlineConfig": true,
        "quiet": false,
        "overrideConfigFile": null,
        "overrideConfig": {
          "linterOptions": {
            "reportUnusedDisableDirectives": false
          }
        }
      }
    },
    {
      "leaks": false,
      "numFailingTests": 0,
      "numPassingTests": 1,
      "numPendingTests": 0,
      "numTodoTests": 0,
      "openHandles": [],
      "perfStats": {
        "start": 1737662495106,
        "end": 1737662495121,
        "duration": 15,
        "runtime": 15,
        "slow": false
      },
      "skipped": false,
      "snapshot": {
        "added": 0,
        "fileDeleted": false,
        "matched": 0,
        "unchecked": 0,
        "uncheckedKeys": [],
        "unmatched": 0,
        "updated": 0
      },
      "testFilePath": "/Users/pejmanhaghighatnia/Bleu.js/output/lcov-report/prettify.js",
      "testResults": [
        {
          "duration": 15,
          "ancestorTitles": [],
          "failureDetails": [],
          "failureMessages": [],
          "testFilePath": "/Users/pejmanhaghighatnia/Bleu.js/output/lcov-report/prettify.js",
          "numPassingAsserts": 1,
          "status": "passed",
          "title": "ESLint"
        }
      ],
      "cliOptions": {
        "cache": false,
        "cacheLocation": ".eslintcache",
        "fixDryRun": false,
        "maxWarnings": -1,
        "ignore": true,
        "allowInlineConfig": true,
        "quiet": false,
        "overrideConfigFile": null,
        "overrideConfig": {
          "linterOptions": {
            "reportUnusedDisableDirectives": false
          }
        }
      }
    },
    {
      "leaks": false,
      "numFailingTests": 0,
      "numPassingTests": 1,
      "numPendingTests": 0,
      "numTodoTests": 0,
      "openHandles": [],
      "perfStats": {
        "start": 1737662495126,
        "end": 1737662495138,
        "duration": 12,
        "runtime": 12,
        "slow": false
      },
      "skipped": false,
      "snapshot": {
        "added": 0,
        "fileDeleted": false,
        "matched": 0,
        "unchecked": 0,
        "uncheckedKeys": [],
        "unmatched": 0,
        "updated": 0
      },
      "testFilePath": "/Users/pejmanhaghighatnia/Bleu.js/eggs-generator/coverage/lcov-report/prettify.js",
      "testResults": [
        {
          "duration": 12,
          "ancestorTitles": [],
          "failureDetails": [],
          "failureMessages": [],
          "testFilePath": "/Users/pejmanhaghighatnia/Bleu.js/eggs-generator/coverage/lcov-report/prettify.js",
          "numPassingAsserts": 1,
          "status": "passed",
          "title": "ESLint"
        }
      ],
      "cliOptions": {
        "cache": false,
        "cacheLocation": ".eslintcache",
        "fixDryRun": false,
        "maxWarnings": -1,
        "ignore": true,
        "allowInlineConfig": true,
        "quiet": false,
        "overrideConfigFile": null,
        "overrideConfig": {
          "linterOptions": {
            "reportUnusedDisableDirectives": false
          }
        }
      }
    },
    {
      "leaks": false,
      "numFailingTests": 0,
      "numPassingTests": 1,
      "numPendingTests": 0,
      "numTodoTests": 0,
      "openHandles": [],
      "perfStats": {
        "start": 1737662495144,
        "end": 1737662495159,
        "duration": 15,
        "runtime": 15,
        "slow": false
      },
      "skipped": false,
      "snapshot": {
        "added": 0,
        "fileDeleted": false,
        "matched": 0,
        "unchecked": 0,
        "uncheckedKeys": [],
        "unmatched": 0,
        "updated": 0
      },
      "testFilePath": "/Users/pejmanhaghighatnia/Bleu.js/output/html-report/jest-html-reporters-attach/index/result.js",
      "testResults": [
        {
          "duration": 15,
          "ancestorTitles": [],
          "failureDetails": [],
          "failureMessages": [],
          "testFilePath": "/Users/pejmanhaghighatnia/Bleu.js/output/html-report/jest-html-reporters-attach/index/result.js",
          "numPassingAsserts": 1,
          "status": "passed",
          "title": "ESLint"
        }
      ],
      "cliOptions": {
        "cache": false,
        "cacheLocation": ".eslintcache",
        "fixDryRun": false,
        "maxWarnings": -1,
        "ignore": true,
        "allowInlineConfig": true,
        "quiet": false,
        "overrideConfigFile": null,
        "overrideConfig": {
          "linterOptions": {
            "reportUnusedDisableDirectives": false
          }
        }
      }
    },
    {
      "leaks": false,
      "numFailingTests": 0,
      "numPassingTests": 1,
      "numPendingTests": 0,
      "numTodoTests": 0,
      "openHandles": [],
      "perfStats": {
        "start": 1737662495165,
        "end": 1737662495179,
        "duration": 14,
        "runtime": 14,
        "slow": false
      },
      "skipped": false,
      "snapshot": {
        "added": 0,
        "fileDeleted": false,
        "matched": 0,
        "unchecked": 0,
        "uncheckedKeys": [],
        "unmatched": 0,
        "updated": 0
      },
      "testFilePath": "/Users/pejmanhaghighatnia/Bleu.js/eggs-generator/coverage/prettify.js",
      "testResults": [
        {
          "duration": 14,
          "ancestorTitles": [],
          "failureDetails": [],
          "failureMessages": [],
          "testFilePath": "/Users/pejmanhaghighatnia/Bleu.js/eggs-generator/coverage/prettify.js",
          "numPassingAsserts": 1,
          "status": "passed",
          "title": "ESLint"
        }
      ],
      "cliOptions": {
        "cache": false,
        "cacheLocation": ".eslintcache",
        "fixDryRun": false,
        "maxWarnings": -1,
        "ignore": true,
        "allowInlineConfig": true,
        "quiet": false,
        "overrideConfigFile": null,
        "overrideConfig": {
          "linterOptions": {
            "reportUnusedDisableDirectives": false
          }
        }
      }
    },
    {
      "leaks": false,
      "numFailingTests": 0,
      "numPassingTests": 1,
      "numPendingTests": 0,
      "numTodoTests": 0,
      "openHandles": [],
      "perfStats": {
        "start": 1737662495184,
        "end": 1737662495197,
        "duration": 13,
        "runtime": 13,
        "slow": false
      },
      "skipped": false,
      "snapshot": {
        "added": 0,
        "fileDeleted": false,
        "matched": 0,
        "unchecked": 0,
        "uncheckedKeys": [],
        "unmatched": 0,
        "updated": 0
      },
      "testFilePath": "/Users/pejmanhaghighatnia/Bleu.js/coverage/prettify.js",
      "testResults": [
        {
          "duration": 13,
          "ancestorTitles": [],
          "failureDetails": [],
          "failureMessages": [],
          "testFilePath": "/Users/pejmanhaghighatnia/Bleu.js/coverage/prettify.js",
          "numPassingAsserts": 1,
          "status": "passed",
          "title": "ESLint"
        }
      ],
      "cliOptions": {
        "cache": false,
        "cacheLocation": ".eslintcache",
        "fixDryRun": false,
        "maxWarnings": -1,
        "ignore": true,
        "allowInlineConfig": true,
        "quiet": false,
        "overrideConfigFile": null,
        "overrideConfig": {
          "linterOptions": {
            "reportUnusedDisableDirectives": false
          }
        }
      }
    },
    {
      "leaks": false,
      "numFailingTests": 0,
      "numPassingTests": 1,
      "numPendingTests": 0,
      "numTodoTests": 0,
      "openHandles": [],
      "perfStats": {
        "start": 1737662495201,
        "end": 1737662495218,
        "duration": 17,
        "runtime": 17,
        "slow": false
      },
      "skipped": false,
      "snapshot": {
        "added": 0,
        "fileDeleted": false,
        "matched": 0,
        "unchecked": 0,
        "uncheckedKeys": [],
        "unmatched": 0,
        "updated": 0
      },
      "testFilePath": "/Users/pejmanhaghighatnia/Bleu.js/output/prettify.js",
      "testResults": [
        {
          "duration": 17,
          "ancestorTitles": [],
          "failureDetails": [],
          "failureMessages": [],
          "testFilePath": "/Users/pejmanhaghighatnia/Bleu.js/output/prettify.js",
          "numPassingAsserts": 1,
          "status": "passed",
          "title": "ESLint"
        }
      ],
      "cliOptions": {
        "cache": false,
        "cacheLocation": ".eslintcache",
        "fixDryRun": false,
        "maxWarnings": -1,
        "ignore": true,
        "allowInlineConfig": true,
        "quiet": false,
        "overrideConfigFile": null,
        "overrideConfig": {
          "linterOptions": {
            "reportUnusedDisableDirectives": false
          }
        }
      }
    },
    {
      "leaks": false,
      "numFailingTests": 0,
      "numPassingTests": 1,
      "numPendingTests": 0,
      "numTodoTests": 0,
      "openHandles": [],
      "perfStats": {
        "start": 1737662495222,
        "end": 1737662495226,
        "duration": 4,
        "runtime": 4,
        "slow": false
      },
      "skipped": false,
      "snapshot": {
        "added": 0,
        "fileDeleted": false,
        "matched": 0,
        "unchecked": 0,
        "uncheckedKeys": [],
        "unmatched": 0,
        "updated": 0
      },
      "testFilePath": "/Users/pejmanhaghighatnia/Bleu.js/src/backend/routes.js",
      "testResults": [
        {
          "duration": 4,
          "ancestorTitles": [],
          "failureDetails": [],
          "failureMessages": [],
          "testFilePath": "/Users/pejmanhaghighatnia/Bleu.js/src/backend/routes.js",
          "numPassingAsserts": 1,
          "status": "passed",
          "title": "ESLint"
        }
      ],
      "cliOptions": {
        "cache": false,
        "cacheLocation": ".eslintcache",
        "fixDryRun": false,
        "maxWarnings": -1,
        "ignore": true,
        "allowInlineConfig": true,
        "quiet": false,
        "overrideConfigFile": null,
        "overrideConfig": {
          "linterOptions": {
            "reportUnusedDisableDirectives": false
          }
        }
      }
    },
    {
      "leaks": false,
      "numFailingTests": 0,
      "numPassingTests": 1,
      "numPendingTests": 0,
      "numTodoTests": 0,
      "openHandles": [],
      "perfStats": {
        "start": 1737662495230,
        "end": 1737662495268,
        "duration": 38,
        "runtime": 38,
        "slow": false
      },
      "skipped": false,
      "snapshot": {
        "added": 0,
        "fileDeleted": false,
        "matched": 0,
        "unchecked": 0,
        "uncheckedKeys": [],
        "unmatched": 0,
        "updated": 0
      },
      "testFilePath": "/Users/pejmanhaghighatnia/Bleu.js/src/backend/src/controllers/apiController.js",
      "testResults": [
        {
          "duration": 38,
          "ancestorTitles": [],
          "failureDetails": [],
          "failureMessages": [],
          "testFilePath": "/Users/pejmanhaghighatnia/Bleu.js/src/backend/src/controllers/apiController.js",
          "numPassingAsserts": 1,
          "status": "passed",
          "title": "ESLint"
        }
      ],
      "cliOptions": {
        "cache": false,
        "cacheLocation": ".eslintcache",
        "fixDryRun": false,
        "maxWarnings": -1,
        "ignore": true,
        "allowInlineConfig": true,
        "quiet": false,
        "overrideConfigFile": null,
        "overrideConfig": {
          "linterOptions": {
            "reportUnusedDisableDirectives": false
          }
        }
      }
    },
    {
      "leaks": false,
      "numFailingTests": 0,
      "numPassingTests": 1,
      "numPendingTests": 0,
      "numTodoTests": 0,
      "openHandles": [],
      "perfStats": {
        "start": 1737662495273,
        "end": 1737662495276,
        "duration": 3,
        "runtime": 3,
        "slow": false
      },
      "skipped": false,
      "snapshot": {
        "added": 0,
        "fileDeleted": false,
        "matched": 0,
        "unchecked": 0,
        "uncheckedKeys": [],
        "unmatched": 0,
        "updated": 0
      },
      "testFilePath": "/Users/pejmanhaghighatnia/Bleu.js/src/backend/src/services/rulesEngine.js",
      "testResults": [
        {
          "duration": 3,
          "ancestorTitles": [],
          "failureDetails": [],
          "failureMessages": [],
          "testFilePath": "/Users/pejmanhaghighatnia/Bleu.js/src/backend/src/services/rulesEngine.js",
          "numPassingAsserts": 1,
          "status": "passed",
          "title": "ESLint"
        }
      ],
      "cliOptions": {
        "cache": false,
        "cacheLocation": ".eslintcache",
        "fixDryRun": false,
        "maxWarnings": -1,
        "ignore": true,
        "allowInlineConfig": true,
        "quiet": false,
        "overrideConfigFile": null,
        "overrideConfig": {
          "linterOptions": {
            "reportUnusedDisableDirectives": false
          }
        }
      }
    },
    {
      "leaks": false,
      "numFailingTests": 0,
      "numPassingTests": 1,
      "numPendingTests": 0,
      "numTodoTests": 0,
      "openHandles": [],
      "perfStats": {
        "start": 1737662495280,
        "end": 1737662495287,
        "duration": 7,
        "runtime": 7,
        "slow": false
      },
      "skipped": false,
      "snapshot": {
        "added": 0,
        "fileDeleted": false,
        "matched": 0,
        "unchecked": 0,
        "uncheckedKeys": [],
        "unmatched": 0,
        "updated": 0
      },
      "testFilePath": "/Users/pejmanhaghighatnia/Bleu.js/output/sorter.js",
      "testResults": [
        {
          "duration": 7,
          "ancestorTitles": [],
          "failureDetails": [],
          "failureMessages": [],
          "testFilePath": "/Users/pejmanhaghighatnia/Bleu.js/output/sorter.js",
          "numPassingAsserts": 1,
          "status": "passed",
          "title": "ESLint"
        }
      ],
      "cliOptions": {
        "cache": false,
        "cacheLocation": ".eslintcache",
        "fixDryRun": false,
        "maxWarnings": -1,
        "ignore": true,
        "allowInlineConfig": true,
        "quiet": false,
        "overrideConfigFile": null,
        "overrideConfig": {
          "linterOptions": {
            "reportUnusedDisableDirectives": false
          }
        }
      }
    },
    {
      "leaks": false,
      "numFailingTests": 0,
      "numPassingTests": 1,
      "numPendingTests": 0,
      "numTodoTests": 0,
      "openHandles": [],
      "perfStats": {
        "start": 1737662495292,
        "end": 1737662495294,
        "duration": 2,
        "runtime": 2,
        "slow": false
      },
      "skipped": false,
      "snapshot": {
        "added": 0,
        "fileDeleted": false,
        "matched": 0,
        "unchecked": 0,
        "uncheckedKeys": [],
        "unmatched": 0,
        "updated": 0
      },
      "testFilePath": "/Users/pejmanhaghighatnia/Bleu.js/eggs-generator/tests/example.test.js",
      "testResults": [
        {
          "duration": 2,
          "ancestorTitles": [],
          "failureDetails": [],
          "failureMessages": [],
          "testFilePath": "/Users/pejmanhaghighatnia/Bleu.js/eggs-generator/tests/example.test.js",
          "numPassingAsserts": 1,
          "status": "passed",
          "title": "ESLint"
        }
      ],
      "cliOptions": {
        "cache": false,
        "cacheLocation": ".eslintcache",
        "fixDryRun": false,
        "maxWarnings": -1,
        "ignore": true,
        "allowInlineConfig": true,
        "quiet": false,
        "overrideConfigFile": null,
        "overrideConfig": {
          "linterOptions": {
            "reportUnusedDisableDirectives": false
          }
        }
      }
    },
    {
      "leaks": false,
      "numFailingTests": 0,
      "numPassingTests": 1,
      "numPendingTests": 0,
      "numTodoTests": 0,
      "openHandles": [],
      "perfStats": {
        "start": 1737662495298,
        "end": 1737662495300,
        "duration": 2,
        "runtime": 2,
        "slow": false
      },
      "skipped": false,
      "snapshot": {
        "added": 0,
        "fileDeleted": false,
        "matched": 0,
        "unchecked": 0,
        "uncheckedKeys": [],
        "unmatched": 0,
        "updated": 0
      },
      "testFilePath": "/Users/pejmanhaghighatnia/Bleu.js/src/backend/src/routes/simpleRoute.js",
      "testResults": [
        {
          "duration": 2,
          "ancestorTitles": [],
          "failureDetails": [],
          "failureMessages": [],
          "testFilePath": "/Users/pejmanhaghighatnia/Bleu.js/src/backend/src/routes/simpleRoute.js",
          "numPassingAsserts": 1,
          "status": "passed",
          "title": "ESLint"
        }
      ],
      "cliOptions": {
        "cache": false,
        "cacheLocation": ".eslintcache",
        "fixDryRun": false,
        "maxWarnings": -1,
        "ignore": true,
        "allowInlineConfig": true,
        "quiet": false,
        "overrideConfigFile": null,
        "overrideConfig": {
          "linterOptions": {
            "reportUnusedDisableDirectives": false
          }
        }
      }
    },
    {
      "leaks": false,
      "numFailingTests": 0,
      "numPassingTests": 1,
      "numPendingTests": 0,
      "numTodoTests": 0,
      "openHandles": [],
      "perfStats": {
        "start": 1737662495304,
        "end": 1737662495306,
        "duration": 2,
        "runtime": 2,
        "slow": false
      },
      "skipped": false,
      "snapshot": {
        "added": 0,
        "fileDeleted": false,
        "matched": 0,
        "unchecked": 0,
        "uncheckedKeys": [],
        "unmatched": 0,
        "updated": 0
      },
      "testFilePath": "/Users/pejmanhaghighatnia/Bleu.js/dependency-management/src/dependencyManager.js",
      "testResults": [
        {
          "duration": 2,
          "ancestorTitles": [],
          "failureDetails": [],
          "failureMessages": [],
          "testFilePath": "/Users/pejmanhaghighatnia/Bleu.js/dependency-management/src/dependencyManager.js",
          "numPassingAsserts": 1,
          "status": "passed",
          "title": "ESLint"
        }
      ],
      "cliOptions": {
        "cache": false,
        "cacheLocation": ".eslintcache",
        "fixDryRun": false,
        "maxWarnings": -1,
        "ignore": true,
        "allowInlineConfig": true,
        "quiet": false,
        "overrideConfigFile": null,
        "overrideConfig": {
          "linterOptions": {
            "reportUnusedDisableDirectives": false
          }
        }
      }
    },
    {
      "leaks": false,
      "numFailingTests": 0,
      "numPassingTests": 1,
      "numPendingTests": 0,
      "numTodoTests": 0,
      "openHandles": [],
      "perfStats": {
        "start": 1737662495313,
        "end": 1737662495315,
        "duration": 2,
        "runtime": 2,
        "slow": false
      },
      "skipped": false,
      "snapshot": {
        "added": 0,
        "fileDeleted": false,
        "matched": 0,
        "unchecked": 0,
        "uncheckedKeys": [],
        "unmatched": 0,
        "updated": 0
      },
      "testFilePath": "/Users/pejmanhaghighatnia/Bleu.js/manualConnectionTest.js",
      "testResults": [
        {
          "duration": 2,
          "ancestorTitles": [],
          "failureDetails": [],
          "failureMessages": [],
          "testFilePath": "/Users/pejmanhaghighatnia/Bleu.js/manualConnectionTest.js",
          "numPassingAsserts": 1,
          "status": "passed",
          "title": "ESLint"
        }
      ],
      "cliOptions": {
        "cache": false,
        "cacheLocation": ".eslintcache",
        "fixDryRun": false,
        "maxWarnings": -1,
        "ignore": true,
        "allowInlineConfig": true,
        "quiet": false,
        "overrideConfigFile": null,
        "overrideConfig": {
          "linterOptions": {
            "reportUnusedDisableDirectives": false
          }
        }
      }
    },
    {
      "leaks": false,
      "numFailingTests": 0,
      "numPassingTests": 1,
      "numPendingTests": 0,
      "numTodoTests": 0,
      "openHandles": [],
      "perfStats": {
        "start": 1737662495319,
        "end": 1737662495321,
        "duration": 2,
        "runtime": 2,
        "slow": false
      },
      "skipped": false,
      "snapshot": {
        "added": 0,
        "fileDeleted": false,
        "matched": 0,
        "unchecked": 0,
        "uncheckedKeys": [],
        "unmatched": 0,
        "updated": 0
      },
      "testFilePath": "/Users/pejmanhaghighatnia/Bleu.js/eggs-generator/coverage/lcov-report/block-navigation.js",
      "testResults": [
        {
          "duration": 2,
          "ancestorTitles": [],
          "failureDetails": [],
          "failureMessages": [],
          "testFilePath": "/Users/pejmanhaghighatnia/Bleu.js/eggs-generator/coverage/lcov-report/block-navigation.js",
          "numPassingAsserts": 1,
          "status": "passed",
          "title": "ESLint"
        }
      ],
      "cliOptions": {
        "cache": false,
        "cacheLocation": ".eslintcache",
        "fixDryRun": false,
        "maxWarnings": -1,
        "ignore": true,
        "allowInlineConfig": true,
        "quiet": false,
        "overrideConfigFile": null,
        "overrideConfig": {
          "linterOptions": {
            "reportUnusedDisableDirectives": false
          }
        }
      }
    },
    {
      "leaks": false,
      "numFailingTests": 0,
      "numPassingTests": 1,
      "numPendingTests": 0,
      "numTodoTests": 0,
      "openHandles": [],
      "perfStats": {
        "start": 1737662495325,
        "end": 1737662495331,
        "duration": 6,
        "runtime": 6,
        "slow": false
      },
      "skipped": false,
      "snapshot": {
        "added": 0,
        "fileDeleted": false,
        "matched": 0,
        "unchecked": 0,
        "uncheckedKeys": [],
        "unmatched": 0,
        "updated": 0
      },
      "testFilePath": "/Users/pejmanhaghighatnia/Bleu.js/src/backend/src/ai/decisionTree.js",
      "testResults": [
        {
          "duration": 6,
          "ancestorTitles": [],
          "failureDetails": [],
          "failureMessages": [],
          "testFilePath": "/Users/pejmanhaghighatnia/Bleu.js/src/backend/src/ai/decisionTree.js",
          "numPassingAsserts": 1,
          "status": "passed",
          "title": "ESLint"
        }
      ],
      "cliOptions": {
        "cache": false,
        "cacheLocation": ".eslintcache",
        "fixDryRun": false,
        "maxWarnings": -1,
        "ignore": true,
        "allowInlineConfig": true,
        "quiet": false,
        "overrideConfigFile": null,
        "overrideConfig": {
          "linterOptions": {
            "reportUnusedDisableDirectives": false
          }
        }
      }
    },
    {
      "leaks": false,
      "numFailingTests": 0,
      "numPassingTests": 1,
      "numPendingTests": 0,
      "numTodoTests": 0,
      "openHandles": [],
      "perfStats": {
        "start": 1737662495335,
        "end": 1737662495337,
        "duration": 2,
        "runtime": 2,
        "slow": false
      },
      "skipped": false,
      "snapshot": {
        "added": 0,
        "fileDeleted": false,
        "matched": 0,
        "unchecked": 0,
        "uncheckedKeys": [],
        "unmatched": 0,
        "updated": 0
      },
      "testFilePath": "/Users/pejmanhaghighatnia/Bleu.js/src/backend/src/models/userModel.js",
      "testResults": [
        {
          "duration": 2,
          "ancestorTitles": [],
          "failureDetails": [],
          "failureMessages": [],
          "testFilePath": "/Users/pejmanhaghighatnia/Bleu.js/src/backend/src/models/userModel.js",
          "numPassingAsserts": 1,
          "status": "passed",
          "title": "ESLint"
        }
      ],
      "cliOptions": {
        "cache": false,
        "cacheLocation": ".eslintcache",
        "fixDryRun": false,
        "maxWarnings": -1,
        "ignore": true,
        "allowInlineConfig": true,
        "quiet": false,
        "overrideConfigFile": null,
        "overrideConfig": {
          "linterOptions": {
            "reportUnusedDisableDirectives": false
          }
        }
      }
    },
    {
      "leaks": false,
      "numFailingTests": 0,
      "numPassingTests": 1,
      "numPendingTests": 0,
      "numTodoTests": 0,
      "openHandles": [],
      "perfStats": {
        "start": 1737662495342,
        "end": 1737662495344,
        "duration": 2,
        "runtime": 2,
        "slow": false
      },
      "skipped": false,
      "snapshot": {
        "added": 0,
        "fileDeleted": false,
        "matched": 0,
        "unchecked": 0,
        "uncheckedKeys": [],
        "unmatched": 0,
        "updated": 0
      },
      "testFilePath": "/Users/pejmanhaghighatnia/Bleu.js/src/backend/tests/aiTests.test.js",
      "testResults": [
        {
          "duration": 2,
          "ancestorTitles": [],
          "failureDetails": [],
          "failureMessages": [],
          "testFilePath": "/Users/pejmanhaghighatnia/Bleu.js/src/backend/tests/aiTests.test.js",
          "numPassingAsserts": 1,
          "status": "passed",
          "title": "ESLint"
        }
      ],
      "cliOptions": {
        "cache": false,
        "cacheLocation": ".eslintcache",
        "fixDryRun": false,
        "maxWarnings": -1,
        "ignore": true,
        "allowInlineConfig": true,
        "quiet": false,
        "overrideConfigFile": null,
        "overrideConfig": {
          "linterOptions": {
            "reportUnusedDisableDirectives": false
          }
        }
      }
    },
    {
      "leaks": false,
      "numFailingTests": 0,
      "numPassingTests": 1,
      "numPendingTests": 0,
      "numTodoTests": 0,
      "openHandles": [],
      "perfStats": {
        "start": 1737662495348,
        "end": 1737662495350,
        "duration": 2,
        "runtime": 2,
        "slow": false
      },
      "skipped": false,
      "snapshot": {
        "added": 0,
        "fileDeleted": false,
        "matched": 0,
        "unchecked": 0,
        "uncheckedKeys": [],
        "unmatched": 0,
        "updated": 0
      },
      "testFilePath": "/Users/pejmanhaghighatnia/Bleu.js/src/backend/tests/apiController.test.js",
      "testResults": [
        {
          "duration": 2,
          "ancestorTitles": [],
          "failureDetails": [],
          "failureMessages": [],
          "testFilePath": "/Users/pejmanhaghighatnia/Bleu.js/src/backend/tests/apiController.test.js",
          "numPassingAsserts": 1,
          "status": "passed",
          "title": "ESLint"
        }
      ],
      "cliOptions": {
        "cache": false,
        "cacheLocation": ".eslintcache",
        "fixDryRun": false,
        "maxWarnings": -1,
        "ignore": true,
        "allowInlineConfig": true,
        "quiet": false,
        "overrideConfigFile": null,
        "overrideConfig": {
          "linterOptions": {
            "reportUnusedDisableDirectives": false
          }
        }
      }
    },
    {
      "leaks": false,
      "numFailingTests": 0,
      "numPassingTests": 1,
      "numPendingTests": 0,
      "numTodoTests": 0,
      "openHandles": [],
      "perfStats": {
        "start": 1737662495354,
        "end": 1737662495356,
        "duration": 2,
        "runtime": 2,
        "slow": false
      },
      "skipped": false,
      "snapshot": {
        "added": 0,
        "fileDeleted": false,
        "matched": 0,
        "unchecked": 0,
        "uncheckedKeys": [],
        "unmatched": 0,
        "updated": 0
      },
      "testFilePath": "/Users/pejmanhaghighatnia/Bleu.js/src/backend/html-report/jest-html-reporters-attach/report/result.js",
      "testResults": [
        {
          "duration": 2,
          "ancestorTitles": [],
          "failureDetails": [],
          "failureMessages": [],
          "testFilePath": "/Users/pejmanhaghighatnia/Bleu.js/src/backend/html-report/jest-html-reporters-attach/report/result.js",
          "numPassingAsserts": 1,
          "status": "passed",
          "title": "ESLint"
        }
      ],
      "cliOptions": {
        "cache": false,
        "cacheLocation": ".eslintcache",
        "fixDryRun": false,
        "maxWarnings": -1,
        "ignore": true,
        "allowInlineConfig": true,
        "quiet": false,
        "overrideConfigFile": null,
        "overrideConfig": {
          "linterOptions": {
            "reportUnusedDisableDirectives": false
          }
        }
      }
    },
    {
      "leaks": false,
      "numFailingTests": 0,
      "numPassingTests": 1,
      "numPendingTests": 0,
      "numTodoTests": 0,
      "openHandles": [],
      "perfStats": {
        "start": 1737662495360,
        "end": 1737662495363,
        "duration": 3,
        "runtime": 3,
        "slow": false
      },
      "skipped": false,
      "snapshot": {
        "added": 0,
        "fileDeleted": false,
        "matched": 0,
        "unchecked": 0,
        "uncheckedKeys": [],
        "unmatched": 0,
        "updated": 0
      },
      "testFilePath": "/Users/pejmanhaghighatnia/Bleu.js/output/lcov-report/sorter.js",
      "testResults": [
        {
          "duration": 3,
          "ancestorTitles": [],
          "failureDetails": [],
          "failureMessages": [],
          "testFilePath": "/Users/pejmanhaghighatnia/Bleu.js/output/lcov-report/sorter.js",
          "numPassingAsserts": 1,
          "status": "passed",
          "title": "ESLint"
        }
      ],
      "cliOptions": {
        "cache": false,
        "cacheLocation": ".eslintcache",
        "fixDryRun": false,
        "maxWarnings": -1,
        "ignore": true,
        "allowInlineConfig": true,
        "quiet": false,
        "overrideConfigFile": null,
        "overrideConfig": {
          "linterOptions": {
            "reportUnusedDisableDirectives": false
          }
        }
      }
    },
    {
      "leaks": false,
      "numFailingTests": 0,
      "numPassingTests": 1,
      "numPendingTests": 0,
      "numTodoTests": 0,
      "openHandles": [],
      "perfStats": {
        "start": 1737662495368,
        "end": 1737662495374,
        "duration": 6,
        "runtime": 6,
        "slow": false
      },
      "skipped": false,
      "snapshot": {
        "added": 0,
        "fileDeleted": false,
        "matched": 0,
        "unchecked": 0,
        "uncheckedKeys": [],
        "unmatched": 0,
        "updated": 0
      },
      "testFilePath": "/Users/pejmanhaghighatnia/Bleu.js/eggs-generator/coverage/sorter.js",
      "testResults": [
        {
          "duration": 6,
          "ancestorTitles": [],
          "failureDetails": [],
          "failureMessages": [],
          "testFilePath": "/Users/pejmanhaghighatnia/Bleu.js/eggs-generator/coverage/sorter.js",
          "numPassingAsserts": 1,
          "status": "passed",
          "title": "ESLint"
        }
      ],
      "cliOptions": {
        "cache": false,
        "cacheLocation": ".eslintcache",
        "fixDryRun": false,
        "maxWarnings": -1,
        "ignore": true,
        "allowInlineConfig": true,
        "quiet": false,
        "overrideConfigFile": null,
        "overrideConfig": {
          "linterOptions": {
            "reportUnusedDisableDirectives": false
          }
        }
      }
    },
    {
      "leaks": false,
      "numFailingTests": 0,
      "numPassingTests": 1,
      "numPendingTests": 0,
      "numTodoTests": 0,
      "openHandles": [],
      "perfStats": {
        "start": 1737662495379,
        "end": 1737662495383,
        "duration": 4,
        "runtime": 4,
        "slow": false
      },
      "skipped": false,
      "snapshot": {
        "added": 0,
        "fileDeleted": false,
        "matched": 0,
        "unchecked": 0,
        "uncheckedKeys": [],
        "unmatched": 0,
        "updated": 0
      },
      "testFilePath": "/Users/pejmanhaghighatnia/Bleu.js/eggs-generator/coverage/lcov-report/sorter.js",
      "testResults": [
        {
          "duration": 4,
          "ancestorTitles": [],
          "failureDetails": [],
          "failureMessages": [],
          "testFilePath": "/Users/pejmanhaghighatnia/Bleu.js/eggs-generator/coverage/lcov-report/sorter.js",
          "numPassingAsserts": 1,
          "status": "passed",
          "title": "ESLint"
        }
      ],
      "cliOptions": {
        "cache": false,
        "cacheLocation": ".eslintcache",
        "fixDryRun": false,
        "maxWarnings": -1,
        "ignore": true,
        "allowInlineConfig": true,
        "quiet": false,
        "overrideConfigFile": null,
        "overrideConfig": {
          "linterOptions": {
            "reportUnusedDisableDirectives": false
          }
        }
      }
    },
    {
      "leaks": false,
      "numFailingTests": 0,
      "numPassingTests": 1,
      "numPendingTests": 0,
      "numTodoTests": 0,
      "openHandles": [],
      "perfStats": {
        "start": 1737662495388,
        "end": 1737662495388,
        "duration": 0,
        "runtime": 0,
        "slow": false
      },
      "skipped": false,
      "snapshot": {
        "added": 0,
        "fileDeleted": false,
        "matched": 0,
        "unchecked": 0,
        "uncheckedKeys": [],
        "unmatched": 0,
        "updated": 0
      },
      "testFilePath": "/Users/pejmanhaghighatnia/Bleu.js/src/backend/src/services/seedDatabase.js",
      "testResults": [
        {
          "duration": 0,
          "ancestorTitles": [],
          "failureDetails": [],
          "failureMessages": [],
          "testFilePath": "/Users/pejmanhaghighatnia/Bleu.js/src/backend/src/services/seedDatabase.js",
          "numPassingAsserts": 1,
          "status": "passed",
          "title": "ESLint"
        }
      ],
      "cliOptions": {
        "cache": false,
        "cacheLocation": ".eslintcache",
        "fixDryRun": false,
        "maxWarnings": -1,
        "ignore": true,
        "allowInlineConfig": true,
        "quiet": false,
        "overrideConfigFile": null,
        "overrideConfig": {
          "linterOptions": {
            "reportUnusedDisableDirectives": false
          }
        }
      }
    },
    {
      "leaks": false,
      "numFailingTests": 0,
      "numPassingTests": 1,
      "numPendingTests": 0,
      "numTodoTests": 0,
      "openHandles": [],
      "perfStats": {
        "start": 1737662495393,
        "end": 1737662495394,
        "duration": 1,
        "runtime": 1,
        "slow": false
      },
      "skipped": false,
      "snapshot": {
        "added": 0,
        "fileDeleted": false,
        "matched": 0,
        "unchecked": 0,
        "uncheckedKeys": [],
        "unmatched": 0,
        "updated": 0
      },
      "testFilePath": "/Users/pejmanhaghighatnia/Bleu.js/src/backend/src/controllers/dataController.js",
      "testResults": [
        {
          "duration": 1,
          "ancestorTitles": [],
          "failureDetails": [],
          "failureMessages": [],
          "testFilePath": "/Users/pejmanhaghighatnia/Bleu.js/src/backend/src/controllers/dataController.js",
          "numPassingAsserts": 1,
          "status": "passed",
          "title": "ESLint"
        }
      ],
      "cliOptions": {
        "cache": false,
        "cacheLocation": ".eslintcache",
        "fixDryRun": false,
        "maxWarnings": -1,
        "ignore": true,
        "allowInlineConfig": true,
        "quiet": false,
        "overrideConfigFile": null,
        "overrideConfig": {
          "linterOptions": {
            "reportUnusedDisableDirectives": false
          }
        }
      }
    },
    {
      "leaks": false,
      "numFailingTests": 0,
      "numPassingTests": 1,
      "numPendingTests": 0,
      "numTodoTests": 0,
      "openHandles": [],
      "perfStats": {
        "start": 1737662495400,
        "end": 1737662495401,
        "duration": 1,
        "runtime": 1,
        "slow": false
      },
      "skipped": false,
      "snapshot": {
        "added": 0,
        "fileDeleted": false,
        "matched": 0,
        "unchecked": 0,
        "uncheckedKeys": [],
        "unmatched": 0,
        "updated": 0
      },
      "testFilePath": "/Users/pejmanhaghighatnia/Bleu.js/src/backend/src/utils/lib/Bleu.js",
      "testResults": [
        {
          "duration": 1,
          "ancestorTitles": [],
          "failureDetails": [],
          "failureMessages": [],
          "testFilePath": "/Users/pejmanhaghighatnia/Bleu.js/src/backend/src/utils/lib/Bleu.js",
          "numPassingAsserts": 1,
          "status": "passed",
          "title": "ESLint"
        }
      ],
      "cliOptions": {
        "cache": false,
        "cacheLocation": ".eslintcache",
        "fixDryRun": false,
        "maxWarnings": -1,
        "ignore": true,
        "allowInlineConfig": true,
        "quiet": false,
        "overrideConfigFile": null,
        "overrideConfig": {
          "linterOptions": {
            "reportUnusedDisableDirectives": false
          }
        }
      }
    },
    {
      "leaks": false,
      "numFailingTests": 0,
      "numPassingTests": 1,
      "numPendingTests": 0,
      "numTodoTests": 0,
      "openHandles": [],
      "perfStats": {
        "start": 1737662495405,
        "end": 1737662495410,
        "duration": 5,
        "runtime": 5,
        "slow": false
      },
      "skipped": false,
      "snapshot": {
        "added": 0,
        "fileDeleted": false,
        "matched": 0,
        "unchecked": 0,
        "uncheckedKeys": [],
        "unmatched": 0,
        "updated": 0
      },
      "testFilePath": "/Users/pejmanhaghighatnia/Bleu.js/src/backend/index.js",
      "testResults": [
        {
          "duration": 5,
          "ancestorTitles": [],
          "failureDetails": [],
          "failureMessages": [],
          "testFilePath": "/Users/pejmanhaghighatnia/Bleu.js/src/backend/index.js",
          "numPassingAsserts": 1,
          "status": "passed",
          "title": "ESLint"
        }
      ],
      "cliOptions": {
        "cache": false,
        "cacheLocation": ".eslintcache",
        "fixDryRun": false,
        "maxWarnings": -1,
        "ignore": true,
        "allowInlineConfig": true,
        "quiet": false,
        "overrideConfigFile": null,
        "overrideConfig": {
          "linterOptions": {
            "reportUnusedDisableDirectives": false
          }
        }
      }
    },
    {
      "leaks": false,
      "numFailingTests": 0,
      "numPassingTests": 1,
      "numPendingTests": 0,
      "numTodoTests": 0,
      "openHandles": [],
      "perfStats": {
        "start": 1737662495416,
        "end": 1737662495419,
        "duration": 3,
        "runtime": 3,
        "slow": false
      },
      "skipped": false,
      "snapshot": {
        "added": 0,
        "fileDeleted": false,
        "matched": 0,
        "unchecked": 0,
        "uncheckedKeys": [],
        "unmatched": 0,
        "updated": 0
      },
      "testFilePath": "/Users/pejmanhaghighatnia/Bleu.js/coverage/sorter.js",
      "testResults": [
        {
          "duration": 3,
          "ancestorTitles": [],
          "failureDetails": [],
          "failureMessages": [],
          "testFilePath": "/Users/pejmanhaghighatnia/Bleu.js/coverage/sorter.js",
          "numPassingAsserts": 1,
          "status": "passed",
          "title": "ESLint"
        }
      ],
      "cliOptions": {
        "cache": false,
        "cacheLocation": ".eslintcache",
        "fixDryRun": false,
        "maxWarnings": -1,
        "ignore": true,
        "allowInlineConfig": true,
        "quiet": false,
        "overrideConfigFile": null,
        "overrideConfig": {
          "linterOptions": {
            "reportUnusedDisableDirectives": false
          }
        }
      }
    },
    {
      "leaks": false,
      "numFailingTests": 0,
      "numPassingTests": 1,
      "numPendingTests": 0,
      "numTodoTests": 0,
      "openHandles": [],
      "perfStats": {
        "start": 1737662495424,
        "end": 1737662495428,
        "duration": 4,
        "runtime": 4,
        "slow": false
      },
      "skipped": false,
      "snapshot": {
        "added": 0,
        "fileDeleted": false,
        "matched": 0,
        "unchecked": 0,
        "uncheckedKeys": [],
        "unmatched": 0,
        "updated": 0
      },
      "testFilePath": "/Users/pejmanhaghighatnia/Bleu.js/coverage/lcov-report/sorter.js",
      "testResults": [
        {
          "duration": 4,
          "ancestorTitles": [],
          "failureDetails": [],
          "failureMessages": [],
          "testFilePath": "/Users/pejmanhaghighatnia/Bleu.js/coverage/lcov-report/sorter.js",
          "numPassingAsserts": 1,
          "status": "passed",
          "title": "ESLint"
        }
      ],
      "cliOptions": {
        "cache": false,
        "cacheLocation": ".eslintcache",
        "fixDryRun": false,
        "maxWarnings": -1,
        "ignore": true,
        "allowInlineConfig": true,
        "quiet": false,
        "overrideConfigFile": null,
        "overrideConfig": {
          "linterOptions": {
            "reportUnusedDisableDirectives": false
          }
        }
      }
    },
    {
      "leaks": false,
      "numFailingTests": 0,
      "numPassingTests": 1,
      "numPendingTests": 0,
      "numTodoTests": 0,
      "openHandles": [],
      "perfStats": {
        "start": 1737662495432,
        "end": 1737662495435,
        "duration": 3,
        "runtime": 3,
        "slow": false
      },
      "skipped": false,
      "snapshot": {
        "added": 0,
        "fileDeleted": false,
        "matched": 0,
        "unchecked": 0,
        "uncheckedKeys": [],
        "unmatched": 0,
        "updated": 0
      },
      "testFilePath": "/Users/pejmanhaghighatnia/Bleu.js/output/jest-html-reporters-attach/report/result.js",
      "testResults": [
        {
          "duration": 3,
          "ancestorTitles": [],
          "failureDetails": [],
          "failureMessages": [],
          "testFilePath": "/Users/pejmanhaghighatnia/Bleu.js/output/jest-html-reporters-attach/report/result.js",
          "numPassingAsserts": 1,
          "status": "passed",
          "title": "ESLint"
        }
      ],
      "cliOptions": {
        "cache": false,
        "cacheLocation": ".eslintcache",
        "fixDryRun": false,
        "maxWarnings": -1,
        "ignore": true,
        "allowInlineConfig": true,
        "quiet": false,
        "overrideConfigFile": null,
        "overrideConfig": {
          "linterOptions": {
            "reportUnusedDisableDirectives": false
          }
        }
      }
    },
    {
      "leaks": false,
      "numFailingTests": 0,
      "numPassingTests": 1,
      "numPendingTests": 0,
      "numTodoTests": 0,
      "openHandles": [],
      "perfStats": {
        "start": 1737662495439,
        "end": 1737662495442,
        "duration": 3,
        "runtime": 3,
        "slow": false
      },
      "skipped": false,
      "snapshot": {
        "added": 0,
        "fileDeleted": false,
        "matched": 0,
        "unchecked": 0,
        "uncheckedKeys": [],
        "unmatched": 0,
        "updated": 0
      },
      "testFilePath": "/Users/pejmanhaghighatnia/Bleu.js/core-engine/src/index.js",
      "testResults": [
        {
          "duration": 3,
          "ancestorTitles": [],
          "failureDetails": [],
          "failureMessages": [],
          "testFilePath": "/Users/pejmanhaghighatnia/Bleu.js/core-engine/src/index.js",
          "numPassingAsserts": 1,
          "status": "passed",
          "title": "ESLint"
        }
      ],
      "cliOptions": {
        "cache": false,
        "cacheLocation": ".eslintcache",
        "fixDryRun": false,
        "maxWarnings": -1,
        "ignore": true,
        "allowInlineConfig": true,
        "quiet": false,
        "overrideConfigFile": null,
        "overrideConfig": {
          "linterOptions": {
            "reportUnusedDisableDirectives": false
          }
        }
      }
    },
    {
      "leaks": false,
      "numFailingTests": 0,
      "numPassingTests": 1,
      "numPendingTests": 0,
      "numTodoTests": 0,
      "openHandles": [],
      "perfStats": {
        "start": 1737662495449,
        "end": 1737662495451,
        "duration": 2,
        "runtime": 2,
        "slow": false
      },
      "skipped": false,
      "snapshot": {
        "added": 0,
        "fileDeleted": false,
        "matched": 0,
        "unchecked": 0,
        "uncheckedKeys": [],
        "unmatched": 0,
        "updated": 0
      },
      "testFilePath": "/Users/pejmanhaghighatnia/Bleu.js/eggs-generator/src/Bleu.js",
      "testResults": [
        {
          "duration": 2,
          "ancestorTitles": [],
          "failureDetails": [],
          "failureMessages": [],
          "testFilePath": "/Users/pejmanhaghighatnia/Bleu.js/eggs-generator/src/Bleu.js",
          "numPassingAsserts": 1,
          "status": "passed",
          "title": "ESLint"
        }
      ],
      "cliOptions": {
        "cache": false,
        "cacheLocation": ".eslintcache",
        "fixDryRun": false,
        "maxWarnings": -1,
        "ignore": true,
        "allowInlineConfig": true,
        "quiet": false,
        "overrideConfigFile": null,
        "overrideConfig": {
          "linterOptions": {
            "reportUnusedDisableDirectives": false
          }
        }
      }
    },
    {
      "leaks": false,
      "numFailingTests": 0,
      "numPassingTests": 1,
      "numPendingTests": 0,
      "numTodoTests": 0,
      "openHandles": [],
      "perfStats": {
        "start": 1737662495456,
        "end": 1737662495458,
        "duration": 2,
        "runtime": 2,
        "slow": false
      },
      "skipped": false,
      "snapshot": {
        "added": 0,
        "fileDeleted": false,
        "matched": 0,
        "unchecked": 0,
        "uncheckedKeys": [],
        "unmatched": 0,
        "updated": 0
      },
      "testFilePath": "/Users/pejmanhaghighatnia/Bleu.js/frontend/src/index.js",
      "testResults": [
        {
          "duration": 2,
          "ancestorTitles": [],
          "failureDetails": [],
          "failureMessages": [],
          "testFilePath": "/Users/pejmanhaghighatnia/Bleu.js/frontend/src/index.js",
          "numPassingAsserts": 1,
          "status": "passed",
          "title": "ESLint"
        }
      ],
      "cliOptions": {
        "cache": false,
        "cacheLocation": ".eslintcache",
        "fixDryRun": false,
        "maxWarnings": -1,
        "ignore": true,
        "allowInlineConfig": true,
        "quiet": false,
        "overrideConfigFile": null,
        "overrideConfig": {
          "linterOptions": {
            "reportUnusedDisableDirectives": false
          }
        }
      }
    },
    {
      "leaks": false,
      "numFailingTests": 0,
      "numPassingTests": 1,
      "numPendingTests": 0,
      "numTodoTests": 0,
      "openHandles": [],
      "perfStats": {
        "start": 1737662495463,
        "end": 1737662495465,
        "duration": 2,
        "runtime": 2,
        "slow": false
      },
      "skipped": false,
      "snapshot": {
        "added": 0,
        "fileDeleted": false,
        "matched": 0,
        "unchecked": 0,
        "uncheckedKeys": [],
        "unmatched": 0,
        "updated": 0
      },
      "testFilePath": "/Users/pejmanhaghighatnia/Bleu.js/src/backend/src/services/aiService.js",
      "testResults": [
        {
          "duration": 2,
          "ancestorTitles": [],
          "failureDetails": [],
          "failureMessages": [],
          "testFilePath": "/Users/pejmanhaghighatnia/Bleu.js/src/backend/src/services/aiService.js",
          "numPassingAsserts": 1,
          "status": "passed",
          "title": "ESLint"
        }
      ],
      "cliOptions": {
        "cache": false,
        "cacheLocation": ".eslintcache",
        "fixDryRun": false,
        "maxWarnings": -1,
        "ignore": true,
        "allowInlineConfig": true,
        "quiet": false,
        "overrideConfigFile": null,
        "overrideConfig": {
          "linterOptions": {
            "reportUnusedDisableDirectives": false
          }
        }
      }
    },
    {
      "leaks": false,
      "numFailingTests": 0,
      "numPassingTests": 1,
      "numPendingTests": 0,
      "numTodoTests": 0,
      "openHandles": [],
      "perfStats": {
        "start": 1737662495469,
        "end": 1737662495471,
        "duration": 2,
        "runtime": 2,
        "slow": false
      },
      "skipped": false,
      "snapshot": {
        "added": 0,
        "fileDeleted": false,
        "matched": 0,
        "unchecked": 0,
        "uncheckedKeys": [],
        "unmatched": 0,
        "updated": 0
      },
      "testFilePath": "/Users/pejmanhaghighatnia/Bleu.js/src/backend/src/controllers/rulesController.js",
      "testResults": [
        {
          "duration": 2,
          "ancestorTitles": [],
          "failureDetails": [],
          "failureMessages": [],
          "testFilePath": "/Users/pejmanhaghighatnia/Bleu.js/src/backend/src/controllers/rulesController.js",
          "numPassingAsserts": 1,
          "status": "passed",
          "title": "ESLint"
        }
      ],
      "cliOptions": {
        "cache": false,
        "cacheLocation": ".eslintcache",
        "fixDryRun": false,
        "maxWarnings": -1,
        "ignore": true,
        "allowInlineConfig": true,
        "quiet": false,
        "overrideConfigFile": null,
        "overrideConfig": {
          "linterOptions": {
            "reportUnusedDisableDirectives": false
          }
        }
      }
    },
    {
      "leaks": false,
      "numFailingTests": 0,
      "numPassingTests": 1,
      "numPendingTests": 0,
      "numTodoTests": 0,
      "openHandles": [],
      "perfStats": {
        "start": 1737662495476,
        "end": 1737662495477,
        "duration": 1,
        "runtime": 1,
        "slow": false
      },
      "skipped": false,
      "snapshot": {
        "added": 0,
        "fileDeleted": false,
        "matched": 0,
        "unchecked": 0,
        "uncheckedKeys": [],
        "unmatched": 0,
        "updated": 0
      },
      "testFilePath": "/Users/pejmanhaghighatnia/Bleu.js/src/backend/src/ai/nlpProcessor.js",
      "testResults": [
        {
          "duration": 1,
          "ancestorTitles": [],
          "failureDetails": [],
          "failureMessages": [],
          "testFilePath": "/Users/pejmanhaghighatnia/Bleu.js/src/backend/src/ai/nlpProcessor.js",
          "numPassingAsserts": 1,
          "status": "passed",
          "title": "ESLint"
        }
      ],
      "cliOptions": {
        "cache": false,
        "cacheLocation": ".eslintcache",
        "fixDryRun": false,
        "maxWarnings": -1,
        "ignore": true,
        "allowInlineConfig": true,
        "quiet": false,
        "overrideConfigFile": null,
        "overrideConfig": {
          "linterOptions": {
            "reportUnusedDisableDirectives": false
          }
        }
      }
    },
    {
      "leaks": false,
      "numFailingTests": 0,
      "numPassingTests": 1,
      "numPendingTests": 0,
      "numTodoTests": 0,
      "openHandles": [],
      "perfStats": {
        "start": 1737662495482,
        "end": 1737662495485,
        "duration": 3,
        "runtime": 3,
        "slow": false
      },
      "skipped": false,
      "snapshot": {
        "added": 0,
        "fileDeleted": false,
        "matched": 0,
        "unchecked": 0,
        "uncheckedKeys": [],
        "unmatched": 0,
        "updated": 0
      },
      "testFilePath": "/Users/pejmanhaghighatnia/Bleu.js/src/backend/src/utils/testSequencer.js",
      "testResults": [
        {
          "duration": 3,
          "ancestorTitles": [],
          "failureDetails": [],
          "failureMessages": [],
          "testFilePath": "/Users/pejmanhaghighatnia/Bleu.js/src/backend/src/utils/testSequencer.js",
          "numPassingAsserts": 1,
          "status": "passed",
          "title": "ESLint"
        }
      ],
      "cliOptions": {
        "cache": false,
        "cacheLocation": ".eslintcache",
        "fixDryRun": false,
        "maxWarnings": -1,
        "ignore": true,
        "allowInlineConfig": true,
        "quiet": false,
        "overrideConfigFile": null,
        "overrideConfig": {
          "linterOptions": {
            "reportUnusedDisableDirectives": false
          }
        }
      }
    },
    {
      "leaks": false,
      "numFailingTests": 0,
      "numPassingTests": 1,
      "numPendingTests": 0,
      "numTodoTests": 0,
      "openHandles": [],
      "perfStats": {
        "start": 1737662495490,
        "end": 1737662495492,
        "duration": 2,
        "runtime": 2,
        "slow": false
      },
      "skipped": false,
      "snapshot": {
        "added": 0,
        "fileDeleted": false,
        "matched": 0,
        "unchecked": 0,
        "uncheckedKeys": [],
        "unmatched": 0,
        "updated": 0
      },
      "testFilePath": "/Users/pejmanhaghighatnia/Bleu.js/src/backend/tests/CustomSequencer.js",
      "testResults": [
        {
          "duration": 2,
          "ancestorTitles": [],
          "failureDetails": [],
          "failureMessages": [],
          "testFilePath": "/Users/pejmanhaghighatnia/Bleu.js/src/backend/tests/CustomSequencer.js",
          "numPassingAsserts": 1,
          "status": "passed",
          "title": "ESLint"
        }
      ],
      "cliOptions": {
        "cache": false,
        "cacheLocation": ".eslintcache",
        "fixDryRun": false,
        "maxWarnings": -1,
        "ignore": true,
        "allowInlineConfig": true,
        "quiet": false,
        "overrideConfigFile": null,
        "overrideConfig": {
          "linterOptions": {
            "reportUnusedDisableDirectives": false
          }
        }
      }
    },
    {
      "leaks": false,
      "numFailingTests": 0,
      "numPassingTests": 1,
      "numPendingTests": 0,
      "numTodoTests": 0,
      "openHandles": [],
      "perfStats": {
        "start": 1737662495496,
        "end": 1737662495497,
        "duration": 1,
        "runtime": 1,
        "slow": false
      },
      "skipped": false,
      "snapshot": {
        "added": 0,
        "fileDeleted": false,
        "matched": 0,
        "unchecked": 0,
        "uncheckedKeys": [],
        "unmatched": 0,
        "updated": 0
      },
      "testFilePath": "/Users/pejmanhaghighatnia/Bleu.js/src/backend/tests/decisionTree.test.js",
      "testResults": [
        {
          "duration": 1,
          "ancestorTitles": [],
          "failureDetails": [],
          "failureMessages": [],
          "testFilePath": "/Users/pejmanhaghighatnia/Bleu.js/src/backend/tests/decisionTree.test.js",
          "numPassingAsserts": 1,
          "status": "passed",
          "title": "ESLint"
        }
      ],
      "cliOptions": {
        "cache": false,
        "cacheLocation": ".eslintcache",
        "fixDryRun": false,
        "maxWarnings": -1,
        "ignore": true,
        "allowInlineConfig": true,
        "quiet": false,
        "overrideConfigFile": null,
        "overrideConfig": {
          "linterOptions": {
            "reportUnusedDisableDirectives": false
          }
        }
      }
    },
    {
      "leaks": false,
      "numFailingTests": 0,
      "numPassingTests": 1,
      "numPendingTests": 0,
      "numTodoTests": 0,
      "openHandles": [],
      "perfStats": {
        "start": 1737662495502,
        "end": 1737662495503,
        "duration": 1,
        "runtime": 1,
        "slow": false
      },
      "skipped": false,
      "snapshot": {
        "added": 0,
        "fileDeleted": false,
        "matched": 0,
        "unchecked": 0,
        "uncheckedKeys": [],
        "unmatched": 0,
        "updated": 0
      },
      "testFilePath": "/Users/pejmanhaghighatnia/Bleu.js/src/backend/tests/apiGenerateEgg.test.js",
      "testResults": [
        {
          "duration": 1,
          "ancestorTitles": [],
          "failureDetails": [],
          "failureMessages": [],
          "testFilePath": "/Users/pejmanhaghighatnia/Bleu.js/src/backend/tests/apiGenerateEgg.test.js",
          "numPassingAsserts": 1,
          "status": "passed",
          "title": "ESLint"
        }
      ],
      "cliOptions": {
        "cache": false,
        "cacheLocation": ".eslintcache",
        "fixDryRun": false,
        "maxWarnings": -1,
        "ignore": true,
        "allowInlineConfig": true,
        "quiet": false,
        "overrideConfigFile": null,
        "overrideConfig": {
          "linterOptions": {
            "reportUnusedDisableDirectives": false
          }
        }
      }
    },
    {
      "leaks": false,
      "numFailingTests": 0,
      "numPassingTests": 1,
      "numPendingTests": 0,
      "numTodoTests": 0,
      "openHandles": [],
      "perfStats": {
        "start": 1737662495508,
        "end": 1737662495511,
        "duration": 3,
        "runtime": 3,
        "slow": false
      },
      "skipped": false,
      "snapshot": {
        "added": 0,
        "fileDeleted": false,
        "matched": 0,
        "unchecked": 0,
        "uncheckedKeys": [],
        "unmatched": 0,
        "updated": 0
      },
      "testFilePath": "/Users/pejmanhaghighatnia/Bleu.js/src/backend/server.js",
      "testResults": [
        {
          "duration": 3,
          "ancestorTitles": [],
          "failureDetails": [],
          "failureMessages": [],
          "testFilePath": "/Users/pejmanhaghighatnia/Bleu.js/src/backend/server.js",
          "numPassingAsserts": 1,
          "status": "passed",
          "title": "ESLint"
        }
      ],
      "cliOptions": {
        "cache": false,
        "cacheLocation": ".eslintcache",
        "fixDryRun": false,
        "maxWarnings": -1,
        "ignore": true,
        "allowInlineConfig": true,
        "quiet": false,
        "overrideConfigFile": null,
        "overrideConfig": {
          "linterOptions": {
            "reportUnusedDisableDirectives": false
          }
        }
      }
    },
    {
      "leaks": false,
      "numFailingTests": 0,
      "numPassingTests": 1,
      "numPendingTests": 0,
      "numTodoTests": 0,
      "openHandles": [],
      "perfStats": {
        "start": 1737662495516,
        "end": 1737662495519,
        "duration": 3,
        "runtime": 3,
        "slow": false
      },
      "skipped": false,
      "snapshot": {
        "added": 0,
        "fileDeleted": false,
        "matched": 0,
        "unchecked": 0,
        "uncheckedKeys": [],
        "unmatched": 0,
        "updated": 0
      },
      "testFilePath": "/Users/pejmanhaghighatnia/Bleu.js/dependency-management/src/index.js",
      "testResults": [
        {
          "duration": 3,
          "ancestorTitles": [],
          "failureDetails": [],
          "failureMessages": [],
          "testFilePath": "/Users/pejmanhaghighatnia/Bleu.js/dependency-management/src/index.js",
          "numPassingAsserts": 1,
          "status": "passed",
          "title": "ESLint"
        }
      ],
      "cliOptions": {
        "cache": false,
        "cacheLocation": ".eslintcache",
        "fixDryRun": false,
        "maxWarnings": -1,
        "ignore": true,
        "allowInlineConfig": true,
        "quiet": false,
        "overrideConfigFile": null,
        "overrideConfig": {
          "linterOptions": {
            "reportUnusedDisableDirectives": false
          }
        }
      }
    },
    {
      "leaks": false,
      "numFailingTests": 0,
      "numPassingTests": 1,
      "numPendingTests": 0,
      "numTodoTests": 0,
      "openHandles": [],
      "perfStats": {
        "start": 1737662495523,
        "end": 1737662495525,
        "duration": 2,
        "runtime": 2,
        "slow": false
      },
      "skipped": false,
      "snapshot": {
        "added": 0,
        "fileDeleted": false,
        "matched": 0,
        "unchecked": 0,
        "uncheckedKeys": [],
        "unmatched": 0,
        "updated": 0
      },
      "testFilePath": "/Users/pejmanhaghighatnia/Bleu.js/output/lcov-report/block-navigation.js",
      "testResults": [
        {
          "duration": 2,
          "ancestorTitles": [],
          "failureDetails": [],
          "failureMessages": [],
          "testFilePath": "/Users/pejmanhaghighatnia/Bleu.js/output/lcov-report/block-navigation.js",
          "numPassingAsserts": 1,
          "status": "passed",
          "title": "ESLint"
        }
      ],
      "cliOptions": {
        "cache": false,
        "cacheLocation": ".eslintcache",
        "fixDryRun": false,
        "maxWarnings": -1,
        "ignore": true,
        "allowInlineConfig": true,
        "quiet": false,
        "overrideConfigFile": null,
        "overrideConfig": {
          "linterOptions": {
            "reportUnusedDisableDirectives": false
          }
        }
      }
    },
    {
      "leaks": false,
      "numFailingTests": 0,
      "numPassingTests": 1,
      "numPendingTests": 0,
      "numTodoTests": 0,
      "openHandles": [],
      "perfStats": {
        "start": 1737662495530,
        "end": 1737662495532,
        "duration": 2,
        "runtime": 2,
        "slow": false
      },
      "skipped": false,
      "snapshot": {
        "added": 0,
        "fileDeleted": false,
        "matched": 0,
        "unchecked": 0,
        "uncheckedKeys": [],
        "unmatched": 0,
        "updated": 0
      },
      "testFilePath": "/Users/pejmanhaghighatnia/Bleu.js/eggs-generator/src/index.js",
      "testResults": [
        {
          "duration": 2,
          "ancestorTitles": [],
          "failureDetails": [],
          "failureMessages": [],
          "testFilePath": "/Users/pejmanhaghighatnia/Bleu.js/eggs-generator/src/index.js",
          "numPassingAsserts": 1,
          "status": "passed",
          "title": "ESLint"
        }
      ],
      "cliOptions": {
        "cache": false,
        "cacheLocation": ".eslintcache",
        "fixDryRun": false,
        "maxWarnings": -1,
        "ignore": true,
        "allowInlineConfig": true,
        "quiet": false,
        "overrideConfigFile": null,
        "overrideConfig": {
          "linterOptions": {
            "reportUnusedDisableDirectives": false
          }
        }
      }
    },
    {
      "leaks": false,
      "numFailingTests": 0,
      "numPassingTests": 1,
      "numPendingTests": 0,
      "numTodoTests": 0,
      "openHandles": [],
      "perfStats": {
        "start": 1737662495537,
        "end": 1737662495539,
        "duration": 2,
        "runtime": 2,
        "slow": false
      },
      "skipped": false,
      "snapshot": {
        "added": 0,
        "fileDeleted": false,
        "matched": 0,
        "unchecked": 0,
        "uncheckedKeys": [],
        "unmatched": 0,
        "updated": 0
      },
      "testFilePath": "/Users/pejmanhaghighatnia/Bleu.js/eggs-generator/coverage/block-navigation.js",
      "testResults": [
        {
          "duration": 2,
          "ancestorTitles": [],
          "failureDetails": [],
          "failureMessages": [],
          "testFilePath": "/Users/pejmanhaghighatnia/Bleu.js/eggs-generator/coverage/block-navigation.js",
          "numPassingAsserts": 1,
          "status": "passed",
          "title": "ESLint"
        }
      ],
      "cliOptions": {
        "cache": false,
        "cacheLocation": ".eslintcache",
        "fixDryRun": false,
        "maxWarnings": -1,
        "ignore": true,
        "allowInlineConfig": true,
        "quiet": false,
        "overrideConfigFile": null,
        "overrideConfig": {
          "linterOptions": {
            "reportUnusedDisableDirectives": false
          }
        }
      }
    },
    {
      "leaks": false,
      "numFailingTests": 0,
      "numPassingTests": 1,
      "numPendingTests": 0,
      "numTodoTests": 0,
      "openHandles": [],
      "perfStats": {
        "start": 1737662495544,
        "end": 1737662495545,
        "duration": 1,
        "runtime": 1,
        "slow": false
      },
      "skipped": false,
      "snapshot": {
        "added": 0,
        "fileDeleted": false,
        "matched": 0,
        "unchecked": 0,
        "uncheckedKeys": [],
        "unmatched": 0,
        "updated": 0
      },
      "testFilePath": "/Users/pejmanhaghighatnia/Bleu.js/jest.setup.js",
      "testResults": [
        {
          "duration": 1,
          "ancestorTitles": [],
          "failureDetails": [],
          "failureMessages": [],
          "testFilePath": "/Users/pejmanhaghighatnia/Bleu.js/jest.setup.js",
          "numPassingAsserts": 1,
          "status": "passed",
          "title": "ESLint"
        }
      ],
      "cliOptions": {
        "cache": false,
        "cacheLocation": ".eslintcache",
        "fixDryRun": false,
        "maxWarnings": -1,
        "ignore": true,
        "allowInlineConfig": true,
        "quiet": false,
        "overrideConfigFile": null,
        "overrideConfig": {
          "linterOptions": {
            "reportUnusedDisableDirectives": false
          }
        }
      }
    },
    {
      "leaks": false,
      "numFailingTests": 0,
      "numPassingTests": 1,
      "numPendingTests": 0,
      "numTodoTests": 0,
      "openHandles": [],
      "perfStats": {
        "start": 1737662495550,
        "end": 1737662495552,
        "duration": 2,
        "runtime": 2,
        "slow": false
      },
      "skipped": false,
      "snapshot": {
        "added": 0,
        "fileDeleted": false,
        "matched": 0,
        "unchecked": 0,
        "uncheckedKeys": [],
        "unmatched": 0,
        "updated": 0
      },
      "testFilePath": "/Users/pejmanhaghighatnia/Bleu.js/frontend/public/app.js",
      "testResults": [
        {
          "duration": 2,
          "ancestorTitles": [],
          "failureDetails": [],
          "failureMessages": [],
          "testFilePath": "/Users/pejmanhaghighatnia/Bleu.js/frontend/public/app.js",
          "numPassingAsserts": 1,
          "status": "passed",
          "title": "ESLint"
        }
      ],
      "cliOptions": {
        "cache": false,
        "cacheLocation": ".eslintcache",
        "fixDryRun": false,
        "maxWarnings": -1,
        "ignore": true,
        "allowInlineConfig": true,
        "quiet": false,
        "overrideConfigFile": null,
        "overrideConfig": {
          "linterOptions": {
            "reportUnusedDisableDirectives": false
          }
        }
      }
    },
    {
      "leaks": false,
      "numFailingTests": 0,
      "numPassingTests": 1,
      "numPendingTests": 0,
      "numTodoTests": 0,
      "openHandles": [],
      "perfStats": {
        "start": 1737662495558,
        "end": 1737662495560,
        "duration": 2,
        "runtime": 2,
        "slow": false
      },
      "skipped": false,
      "snapshot": {
        "added": 0,
        "fileDeleted": false,
        "matched": 0,
        "unchecked": 0,
        "uncheckedKeys": [],
        "unmatched": 0,
        "updated": 0
      },
      "testFilePath": "/Users/pejmanhaghighatnia/Bleu.js/preinstall.js",
      "testResults": [
        {
          "duration": 2,
          "ancestorTitles": [],
          "failureDetails": [],
          "failureMessages": [],
          "testFilePath": "/Users/pejmanhaghighatnia/Bleu.js/preinstall.js",
          "numPassingAsserts": 1,
          "status": "passed",
          "title": "ESLint"
        }
      ],
      "cliOptions": {
        "cache": false,
        "cacheLocation": ".eslintcache",
        "fixDryRun": false,
        "maxWarnings": -1,
        "ignore": true,
        "allowInlineConfig": true,
        "quiet": false,
        "overrideConfigFile": null,
        "overrideConfig": {
          "linterOptions": {
            "reportUnusedDisableDirectives": false
          }
        }
      }
    },
    {
      "leaks": false,
      "numFailingTests": 0,
      "numPassingTests": 1,
      "numPendingTests": 0,
      "numTodoTests": 0,
      "openHandles": [],
      "perfStats": {
        "start": 1737662495565,
        "end": 1737662495566,
        "duration": 1,
        "runtime": 1,
        "slow": false
      },
      "skipped": false,
      "snapshot": {
        "added": 0,
        "fileDeleted": false,
        "matched": 0,
        "unchecked": 0,
        "uncheckedKeys": [],
        "unmatched": 0,
        "updated": 0
      },
      "testFilePath": "/Users/pejmanhaghighatnia/Bleu.js/code-quality-assurance/src/index.js",
      "testResults": [
        {
          "duration": 1,
          "ancestorTitles": [],
          "failureDetails": [],
          "failureMessages": [],
          "testFilePath": "/Users/pejmanhaghighatnia/Bleu.js/code-quality-assurance/src/index.js",
          "numPassingAsserts": 1,
          "status": "passed",
          "title": "ESLint"
        }
      ],
      "cliOptions": {
        "cache": false,
        "cacheLocation": ".eslintcache",
        "fixDryRun": false,
        "maxWarnings": -1,
        "ignore": true,
        "allowInlineConfig": true,
        "quiet": false,
        "overrideConfigFile": null,
        "overrideConfig": {
          "linterOptions": {
            "reportUnusedDisableDirectives": false
          }
        }
      }
    },
    {
      "leaks": false,
      "numFailingTests": 0,
      "numPassingTests": 1,
      "numPendingTests": 0,
      "numTodoTests": 0,
      "openHandles": [],
      "perfStats": {
        "start": 1737662495570,
        "end": 1737662495571,
        "duration": 1,
        "runtime": 1,
        "slow": false
      },
      "skipped": false,
      "snapshot": {
        "added": 0,
        "fileDeleted": false,
        "matched": 0,
        "unchecked": 0,
        "uncheckedKeys": [],
        "unmatched": 0,
        "updated": 0
      },
      "testFilePath": "/Users/pejmanhaghighatnia/Bleu.js/src/backend/src/services/mockEngine.js",
[...]
          "title": "ESLint"
        }
      ],
      "cliOptions": {
        "cache": false,
        "cacheLocation": ".eslintcache",
        "fixDryRun": false,
        "maxWarnings": -1,
        "ignore": true,
        "allowInlineConfig": true,
        "quiet": false,
        "overrideConfigFile": null,
        "overrideConfig": {
          "linterOptions": {
            "reportUnusedDisableDirectives": false
          }
        }
      }
    },
    {
      "leaks": false,
      "numFailingTests": 0,
      "numPassingTests": 1,
      "numPendingTests": 0,
      "numTodoTests": 0,
      "openHandles": [],
      "perfStats": {
        "start": 1737662495743,
        "end": 1737662495744,
        "duration": 1,
        "runtime": 1,
        "slow": false
      },
      "skipped": false,
      "snapshot": {
        "added": 0,
        "fileDeleted": false,
        "matched": 0,
        "unchecked": 0,
        "uncheckedKeys": [],
        "unmatched": 0,
        "updated": 0
      },
      "testFilePath": "/Users/pejmanhaghighatnia/Bleu.js/collaboration-tools/src/index.js",
      "testResults": [
        {
          "duration": 1,
          "ancestorTitles": [],
          "failureDetails": [],
          "failureMessages": [],
          "testFilePath": "/Users/pejmanhaghighatnia/Bleu.js/collaboration-tools/src/index.js",
          "numPassingAsserts": 1,
          "status": "passed",
          "title": "ESLint"
        }
      ],
      "cliOptions": {
        "cache": false,
        "cacheLocation": ".eslintcache",
        "fixDryRun": false,
        "maxWarnings": -1,
        "ignore": true,
        "allowInlineConfig": true,
        "quiet": false,
        "overrideConfigFile": null,
        "overrideConfig": {
          "linterOptions": {
            "reportUnusedDisableDirectives": false
          }
        }
      }
    },
    {
      "leaks": false,
      "numFailingTests": 0,
      "numPassingTests": 1,
      "numPendingTests": 0,
      "numTodoTests": 0,
      "openHandles": [],
      "perfStats": {
        "start": 1737662495749,
        "end": 1737662495750,
        "duration": 1,
        "runtime": 1,
        "slow": false
      },
      "skipped": false,
      "snapshot": {
        "added": 0,
        "fileDeleted": false,
        "matched": 0,
        "unchecked": 0,
        "uncheckedKeys": [],
        "unmatched": 0,
        "updated": 0
      },
      "testFilePath": "/Users/pejmanhaghighatnia/Bleu.js/vite.config.js",
      "testResults": [
        {
          "duration": 1,
          "ancestorTitles": [],
          "failureDetails": [],
          "failureMessages": [],
          "testFilePath": "/Users/pejmanhaghighatnia/Bleu.js/vite.config.js",
          "numPassingAsserts": 1,
          "status": "passed",
          "title": "ESLint"
        }
      ],
      "cliOptions": {
        "cache": false,
        "cacheLocation": ".eslintcache",
        "fixDryRun": false,
        "maxWarnings": -1,
        "ignore": true,
        "allowInlineConfig": true,
        "quiet": false,
        "overrideConfigFile": null,
        "overrideConfig": {
          "linterOptions": {
            "reportUnusedDisableDirectives": false
          }
        }
      }
    },
    {
      "leaks": false,
      "numFailingTests": 0,
      "numPassingTests": 1,
      "numPendingTests": 0,
      "numTodoTests": 0,
      "openHandles": [],
      "perfStats": {
        "start": 1737662495754,
        "end": 1737662495756,
        "duration": 2,
        "runtime": 2,
        "slow": false
      },
      "skipped": false,
      "snapshot": {
        "added": 0,
        "fileDeleted": false,
        "matched": 0,
        "unchecked": 0,
        "uncheckedKeys": [],
        "unmatched": 0,
        "updated": 0
      },
      "testFilePath": "/Users/pejmanhaghighatnia/Bleu.js/output/block-navigation.js",
      "testResults": [
        {
          "duration": 2,
          "ancestorTitles": [],
          "failureDetails": [],
          "failureMessages": [],
          "testFilePath": "/Users/pejmanhaghighatnia/Bleu.js/output/block-navigation.js",
          "numPassingAsserts": 1,
          "status": "passed",
          "title": "ESLint"
        }
      ],
      "cliOptions": {
        "cache": false,
        "cacheLocation": ".eslintcache",
        "fixDryRun": false,
        "maxWarnings": -1,
        "ignore": true,
        "allowInlineConfig": true,
        "quiet": false,
        "overrideConfigFile": null,
        "overrideConfig": {
          "linterOptions": {
            "reportUnusedDisableDirectives": false
          }
        }
      }
    },
    {
      "leaks": false,
      "numFailingTests": 0,
      "numPassingTests": 1,
      "numPendingTests": 0,
      "numTodoTests": 0,
      "openHandles": [],
      "perfStats": {
        "start": 1737662495762,
        "end": 1737662495763,
        "duration": 1,
        "runtime": 1,
        "slow": false
      },
      "skipped": false,
      "snapshot": {
        "added": 0,
        "fileDeleted": false,
        "matched": 0,
        "unchecked": 0,
        "uncheckedKeys": [],
        "unmatched": 0,
        "updated": 0
      },
      "testFilePath": "/Users/pejmanhaghighatnia/Bleu.js/core-engine/src/BleuX.js",
      "testResults": [
        {
          "duration": 1,
          "ancestorTitles": [],
          "failureDetails": [],
          "failureMessages": [],
          "testFilePath": "/Users/pejmanhaghighatnia/Bleu.js/core-engine/src/BleuX.js",
          "numPassingAsserts": 1,
          "status": "passed",
          "title": "ESLint"
        }
      ],
      "cliOptions": {
        "cache": false,
        "cacheLocation": ".eslintcache",
        "fixDryRun": false,
        "maxWarnings": -1,
        "ignore": true,
        "allowInlineConfig": true,
        "quiet": false,
        "overrideConfigFile": null,
        "overrideConfig": {
          "linterOptions": {
            "reportUnusedDisableDirectives": false
          }
        }
      }
    },
    {
      "leaks": false,
      "numFailingTests": 0,
      "numPassingTests": 1,
      "numPendingTests": 0,
      "numTodoTests": 0,
      "openHandles": [],
      "perfStats": {
        "start": 1737662495768,
        "end": 1737662495770,
        "duration": 2,
        "runtime": 2,
        "slow": false
      },
      "skipped": false,
      "snapshot": {
        "added": 0,
        "fileDeleted": false,
        "matched": 0,
        "unchecked": 0,
        "uncheckedKeys": [],
        "unmatched": 0,
        "updated": 0
      },
      "testFilePath": "/Users/pejmanhaghighatnia/Bleu.js/core-engine/src/Bleu.js",
      "testResults": [
        {
          "duration": 2,
          "ancestorTitles": [],
          "failureDetails": [],
          "failureMessages": [],
          "testFilePath": "/Users/pejmanhaghighatnia/Bleu.js/core-engine/src/Bleu.js",
          "numPassingAsserts": 1,
          "status": "passed",
          "title": "ESLint"
        }
      ],
      "cliOptions": {
        "cache": false,
        "cacheLocation": ".eslintcache",
        "fixDryRun": false,
        "maxWarnings": -1,
        "ignore": true,
        "allowInlineConfig": true,
        "quiet": false,
        "overrideConfigFile": null,
        "overrideConfig": {
          "linterOptions": {
            "reportUnusedDisableDirectives": false
          }
        }
      }
    },
    {
      "leaks": false,
      "numFailingTests": 0,
      "numPassingTests": 1,
      "numPendingTests": 0,
      "numTodoTests": 0,
      "openHandles": [],
      "perfStats": {
        "start": 1737662495775,
        "end": 1737662495778,
        "duration": 3,
        "runtime": 3,
        "slow": false
      },
      "skipped": false,
      "snapshot": {
        "added": 0,
        "fileDeleted": false,
        "matched": 0,
        "unchecked": 0,
        "uncheckedKeys": [],
        "unmatched": 0,
        "updated": 0
      },
      "testFilePath": "/Users/pejmanhaghighatnia/Bleu.js/eggs-generator/src/generateEgg.js",
      "testResults": [
        {
          "duration": 3,
          "ancestorTitles": [],
          "failureDetails": [],
          "failureMessages": [],
          "testFilePath": "/Users/pejmanhaghighatnia/Bleu.js/eggs-generator/src/generateEgg.js",
          "numPassingAsserts": 1,
          "status": "passed",
          "title": "ESLint"
        }
      ],
      "cliOptions": {
        "cache": false,
        "cacheLocation": ".eslintcache",
        "fixDryRun": false,
        "maxWarnings": -1,
        "ignore": true,
        "allowInlineConfig": true,
        "quiet": false,
        "overrideConfigFile": null,
        "overrideConfig": {
          "linterOptions": {
            "reportUnusedDisableDirectives": false
          }
        }
      }
    },
    {
      "leaks": false,
      "numFailingTests": 0,
      "numPassingTests": 1,
      "numPendingTests": 0,
      "numTodoTests": 0,
      "openHandles": [],
      "perfStats": {
        "start": 1737662495783,
        "end": 1737662495785,
        "duration": 2,
        "runtime": 2,
        "slow": false
      },
      "skipped": false,
      "snapshot": {
        "added": 0,
        "fileDeleted": false,
        "matched": 0,
        "unchecked": 0,
        "uncheckedKeys": [],
        "unmatched": 0,
        "updated": 0
      },
      "testFilePath": "/Users/pejmanhaghighatnia/Bleu.js/eggs-generator/src/HenFarm.js",
      "testResults": [
        {
          "duration": 2,
          "ancestorTitles": [],
          "failureDetails": [],
          "failureMessages": [],
          "testFilePath": "/Users/pejmanhaghighatnia/Bleu.js/eggs-generator/src/HenFarm.js",
          "numPassingAsserts": 1,
          "status": "passed",
          "title": "ESLint"
        }
      ],
      "cliOptions": {
        "cache": false,
        "cacheLocation": ".eslintcache",
        "fixDryRun": false,
        "maxWarnings": -1,
        "ignore": true,
        "allowInlineConfig": true,
        "quiet": false,
        "overrideConfigFile": null,
        "overrideConfig": {
          "linterOptions": {
            "reportUnusedDisableDirectives": false
          }
        }
      }
    },
    {
      "leaks": false,
      "numFailingTests": 0,
      "numPassingTests": 1,
      "numPendingTests": 0,
      "numTodoTests": 0,
      "openHandles": [],
      "perfStats": {
        "start": 1737662495789,
        "end": 1737662495791,
        "duration": 2,
        "runtime": 2,
        "slow": false
      },
      "skipped": false,
      "snapshot": {
        "added": 0,
        "fileDeleted": false,
        "matched": 0,
        "unchecked": 0,
        "uncheckedKeys": [],
        "unmatched": 0,
        "updated": 0
      },
      "testFilePath": "/Users/pejmanhaghighatnia/Bleu.js/eggs-generator/tests/index.js",
      "testResults": [
        {
          "duration": 2,
          "ancestorTitles": [],
          "failureDetails": [],
          "failureMessages": [],
          "testFilePath": "/Users/pejmanhaghighatnia/Bleu.js/eggs-generator/tests/index.js",
          "numPassingAsserts": 1,
          "status": "passed",
          "title": "ESLint"
        }
      ],
      "cliOptions": {
        "cache": false,
        "cacheLocation": ".eslintcache",
        "fixDryRun": false,
        "maxWarnings": -1,
        "ignore": true,
        "allowInlineConfig": true,
        "quiet": false,
        "overrideConfigFile": null,
        "overrideConfig": {
          "linterOptions": {
            "reportUnusedDisableDirectives": false
          }
        }
      }
    },
    {
      "leaks": false,
      "numFailingTests": 0,
      "numPassingTests": 1,
      "numPendingTests": 0,
      "numTodoTests": 0,
      "openHandles": [],
      "perfStats": {
        "start": 1737662495796,
        "end": 1737662495797,
        "duration": 1,
        "runtime": 1,
        "slow": false
      },
      "skipped": false,
      "snapshot": {
        "added": 0,
        "fileDeleted": false,
        "matched": 0,
        "unchecked": 0,
        "uncheckedKeys": [],
        "unmatched": 0,
        "updated": 0
      },
      "testFilePath": "/Users/pejmanhaghighatnia/Bleu.js/eggs-generator/__mocks__/HenFarm.js",
      "testResults": [
        {
          "duration": 1,
          "ancestorTitles": [],
          "failureDetails": [],
          "failureMessages": [],
          "testFilePath": "/Users/pejmanhaghighatnia/Bleu.js/eggs-generator/__mocks__/HenFarm.js",
          "numPassingAsserts": 1,
          "status": "passed",
          "title": "ESLint"
        }
      ],
      "cliOptions": {
        "cache": false,
        "cacheLocation": ".eslintcache",
        "fixDryRun": false,
        "maxWarnings": -1,
        "ignore": true,
        "allowInlineConfig": true,
        "quiet": false,
        "overrideConfigFile": null,
        "overrideConfig": {
          "linterOptions": {
            "reportUnusedDisableDirectives": false
          }
        }
      }
    },
    {
      "leaks": false,
      "numFailingTests": 0,
      "numPassingTests": 1,
      "numPendingTests": 0,
      "numTodoTests": 0,
      "openHandles": [],
      "perfStats": {
        "start": 1737662495802,
        "end": 1737662495802,
        "duration": 0,
        "runtime": 0,
        "slow": false
      },
      "skipped": false,
      "snapshot": {
        "added": 0,
        "fileDeleted": false,
        "matched": 0,
        "unchecked": 0,
        "uncheckedKeys": [],
        "unmatched": 0,
        "updated": 0
      },
      "testFilePath": "/Users/pejmanhaghighatnia/Bleu.js/src/backend/src/models/ruleModel.js",
      "testResults": [
        {
          "duration": 0,
          "ancestorTitles": [],
          "failureDetails": [],
          "failureMessages": [],
          "testFilePath": "/Users/pejmanhaghighatnia/Bleu.js/src/backend/src/models/ruleModel.js",
          "numPassingAsserts": 1,
          "status": "passed",
          "title": "ESLint"
        }
      ],
      "cliOptions": {
        "cache": false,
        "cacheLocation": ".eslintcache",
        "fixDryRun": false,
        "maxWarnings": -1,
        "ignore": true,
        "allowInlineConfig": true,
        "quiet": false,
        "overrideConfigFile": null,
        "overrideConfig": {
          "linterOptions": {
            "reportUnusedDisableDirectives": false
          }
        }
      }
    },
    {
      "leaks": false,
      "numFailingTests": 0,
      "numPassingTests": 1,
      "numPendingTests": 0,
      "numTodoTests": 0,
      "openHandles": [],
      "perfStats": {
        "start": 1737662495808,
        "end": 1737662495808,
        "duration": 0,
        "runtime": 0,
        "slow": false
      },
      "skipped": false,
      "snapshot": {
        "added": 0,
        "fileDeleted": false,
        "matched": 0,
        "unchecked": 0,
        "uncheckedKeys": [],
        "unmatched": 0,
        "updated": 0
      },
      "testFilePath": "/Users/pejmanhaghighatnia/Bleu.js/src/backend/tests/globalTeardown.js",
      "testResults": [
        {
          "duration": 0,
          "ancestorTitles": [],
          "failureDetails": [],
          "failureMessages": [],
          "testFilePath": "/Users/pejmanhaghighatnia/Bleu.js/src/backend/tests/globalTeardown.js",
          "numPassingAsserts": 1,
          "status": "passed",
          "title": "ESLint"
        }
      ],
      "cliOptions": {
        "cache": false,
        "cacheLocation": ".eslintcache",
        "fixDryRun": false,
        "maxWarnings": -1,
        "ignore": true,
        "allowInlineConfig": true,
        "quiet": false,
        "overrideConfigFile": null,
        "overrideConfig": {
          "linterOptions": {
            "reportUnusedDisableDirectives": false
          }
        }
      }
    },
    {
      "leaks": false,
      "numFailingTests": 0,
      "numPassingTests": 1,
      "numPendingTests": 0,
      "numTodoTests": 0,
      "openHandles": [],
      "perfStats": {
        "start": 1737662495814,
        "end": 1737662495815,
        "duration": 1,
        "runtime": 1,
        "slow": false
      },
      "skipped": false,
      "snapshot": {
        "added": 0,
        "fileDeleted": false,
        "matched": 0,
        "unchecked": 0,
        "uncheckedKeys": [],
        "unmatched": 0,
        "updated": 0
      },
      "testFilePath": "/Users/pejmanhaghighatnia/Bleu.js/src/index.js",
      "testResults": [
        {
          "duration": 1,
          "ancestorTitles": [],
          "failureDetails": [],
          "failureMessages": [],
          "testFilePath": "/Users/pejmanhaghighatnia/Bleu.js/src/index.js",
          "numPassingAsserts": 1,
          "status": "passed",
          "title": "ESLint"
        }
      ],
      "cliOptions": {
        "cache": false,
        "cacheLocation": ".eslintcache",
        "fixDryRun": false,
        "maxWarnings": -1,
        "ignore": true,
        "allowInlineConfig": true,
        "quiet": false,
        "overrideConfigFile": null,
        "overrideConfig": {
          "linterOptions": {
            "reportUnusedDisableDirectives": false
          }
        }
      }
    },
    {
      "leaks": false,
      "numFailingTests": 0,
      "numPassingTests": 1,
      "numPendingTests": 0,
      "numTodoTests": 0,
      "openHandles": [],
      "perfStats": {
        "start": 1737662495820,
        "end": 1737662495820,
        "duration": 0,
        "runtime": 0,
        "slow": false
      },
      "skipped": false,
      "snapshot": {
        "added": 0,
        "fileDeleted": false,
        "matched": 0,
        "unchecked": 0,
        "uncheckedKeys": [],
        "unmatched": 0,
        "updated": 0
      },
      "testFilePath": "/Users/pejmanhaghighatnia/Bleu.js/eslint.config.js",
      "testResults": [
        {
          "duration": 0,
          "ancestorTitles": [],
          "failureDetails": [],
          "failureMessages": [],
          "testFilePath": "/Users/pejmanhaghighatnia/Bleu.js/eslint.config.js",
          "numPassingAsserts": 1,
          "status": "passed",
          "title": "ESLint"
        }
      ],
      "cliOptions": {
        "cache": false,
        "cacheLocation": ".eslintcache",
        "fixDryRun": false,
        "maxWarnings": -1,
        "ignore": true,
        "allowInlineConfig": true,
        "quiet": false,
        "overrideConfigFile": null,
        "overrideConfig": {
          "linterOptions": {
            "reportUnusedDisableDirectives": false
          }
        }
      }
    },
    {
      "leaks": false,
      "numFailingTests": 0,
      "numPassingTests": 1,
      "numPendingTests": 0,
      "numTodoTests": 0,
      "openHandles": [],
      "perfStats": {
        "start": 1737662495826,
        "end": 1737662495827,
        "duration": 1,
        "runtime": 1,
        "slow": false
      },
      "skipped": false,
      "snapshot": {
        "added": 0,
        "fileDeleted": false,
        "matched": 0,
        "unchecked": 0,
        "uncheckedKeys": [],
        "unmatched": 0,
        "updated": 0
      },
      "testFilePath": "/Users/pejmanhaghighatnia/Bleu.js/generateRuleId.js",
      "testResults": [
        {
          "duration": 1,
          "ancestorTitles": [],
          "failureDetails": [],
          "failureMessages": [],
          "testFilePath": "/Users/pejmanhaghighatnia/Bleu.js/generateRuleId.js",
          "numPassingAsserts": 1,
          "status": "passed",
          "title": "ESLint"
        }
      ],
      "cliOptions": {
        "cache": false,
        "cacheLocation": ".eslintcache",
        "fixDryRun": false,
        "maxWarnings": -1,
        "ignore": true,
        "allowInlineConfig": true,
        "quiet": false,
        "overrideConfigFile": null,
        "overrideConfig": {
          "linterOptions": {
            "reportUnusedDisableDirectives": false
          }
        }
      }
    }
  ],
  "wasInterrupted": false,
  "coverageMap": {}
}