{
  "numFailedTestSuites": 0,
  "numFailedTests": 0,
  "numPassedTestSuites": 88,
  "numPassedTests": 88,
  "numPendingTestSuites": 1,
  "numPendingTests": 0,
  "numRuntimeErrorTestSuites": 0,
  "numTodoTests": 0,
  "numTotalTestSuites": 89,
  "numTotalTests": 88,
  "openHandles": [],
  "snapshot": {
    "added": 0,
    "didUpdate": false,
    "failure": false,
    "filesAdded": 0,
    "filesRemoved": 0,
    "filesRemovedList": [],
    "filesUnmatched": 0,
    "filesUpdated": 0,
    "matched": 0,
    "total": 0,
    "unchecked": 0,
    "uncheckedKeysByFile": [],
    "unmatched": 0,
    "updated": 0
  },
  "startTime": 1738365567151,
  "success": false,
  "testResults": [
    {
      "leaks": false,
      "numFailingTests": 0,
      "numPassingTests": 0,
      "numPendingTests": 0,
      "numTodoTests": 0,
      "openHandles": [],
      "perfStats": {
        "start": 1738365567373,
        "end": 1738365567410,
        "duration": 37,
        "runtime": 37,
        "slow": false
      },
      "skipped": true,
      "snapshot": {
        "added": 0,
        "fileDeleted": false,
        "matched": 0,
        "unchecked": 0,
        "uncheckedKeys": [],
        "unmatched": 0,
        "updated": 0
      },
      "testFilePath": "/Users/pejmanhaghighatnia/Bleu.js/src/backend/tests/setup.ts",
      "testResults": [
        {
          "duration": 37,
          "ancestorTitles": [],
          "failureDetails": [],
          "failureMessages": [],
          "testFilePath": "/Users/pejmanhaghighatnia/Bleu.js/src/backend/tests/setup.ts",
          "numPassingAsserts": 0,
          "status": "skipped",
          "title": "ESLint"
        }
      ]
    },
    {
      "leaks": false,
      "numFailingTests": 0,
      "numPassingTests": 1,
      "numPendingTests": 0,
      "numTodoTests": 0,
      "openHandles": [],
      "perfStats": {
        "start": 1738365567437,
        "end": 1738365569006,
        "duration": 1569,
        "runtime": 1569,
        "slow": false
      },
      "skipped": false,
      "snapshot": {
        "added": 0,
        "fileDeleted": false,
        "matched": 0,
        "unchecked": 0,
        "uncheckedKeys": [],
        "unmatched": 0,
        "updated": 0
      },
      "testFilePath": "/Users/pejmanhaghighatnia/Bleu.js/output/html-report/jest-html-reporters-attach/index/index.js",
      "testResults": [
        {
          "duration": 1569,
          "ancestorTitles": [],
          "failureDetails": [],
          "failureMessages": [],
          "testFilePath": "/Users/pejmanhaghighatnia/Bleu.js/output/html-report/jest-html-reporters-attach/index/index.js",
          "numPassingAsserts": 1,
          "status": "passed",
          "title": "ESLint"
        }
      ],
      "cliOptions": {
        "cache": false,
        "cacheLocation": ".eslintcache",
        "fixDryRun": false,
        "maxWarnings": -1,
        "ignore": true,
        "allowInlineConfig": true,
        "quiet": false,
        "overrideConfigFile": null,
        "overrideConfig": {
          "linterOptions": {
            "reportUnusedDisableDirectives": false
          }
        }
      }
    },
    {
      "leaks": false,
      "numFailingTests": 0,
      "numPassingTests": 1,
      "numPendingTests": 0,
      "numTodoTests": 0,
      "openHandles": [],
      "perfStats": {
        "start": 1738365569021,
        "end": 1738365570391,
        "duration": 1370,
        "runtime": 1370,
        "slow": false
      },
      "skipped": false,
      "snapshot": {
        "added": 0,
        "fileDeleted": false,
        "matched": 0,
        "unchecked": 0,
        "uncheckedKeys": [],
        "unmatched": 0,
        "updated": 0
      },
      "testFilePath": "/Users/pejmanhaghighatnia/Bleu.js/output/jest-html-reporters-attach/report/index.js",
      "testResults": [
        {
          "duration": 1370,
          "ancestorTitles": [],
          "failureDetails": [],
          "failureMessages": [],
          "testFilePath": "/Users/pejmanhaghighatnia/Bleu.js/output/jest-html-reporters-attach/report/index.js",
          "numPassingAsserts": 1,
          "status": "passed",
          "title": "ESLint"
        }
      ],
      "cliOptions": {
        "cache": false,
        "cacheLocation": ".eslintcache",
        "fixDryRun": false,
        "maxWarnings": -1,
        "ignore": true,
        "allowInlineConfig": true,
        "quiet": false,
        "overrideConfigFile": null,
        "overrideConfig": {
          "linterOptions": {
            "reportUnusedDisableDirectives": false
          }
        }
      }
    },
    {
      "leaks": false,
      "numFailingTests": 0,
      "numPassingTests": 1,
      "numPendingTests": 0,
      "numTodoTests": 0,
      "openHandles": [],
      "perfStats": {
        "start": 1738365570396,
        "end": 1738365571597,
        "duration": 1201,
        "runtime": 1201,
        "slow": false
      },
      "skipped": false,
      "snapshot": {
        "added": 0,
        "fileDeleted": false,
        "matched": 0,
        "unchecked": 0,
        "uncheckedKeys": [],
        "unmatched": 0,
        "updated": 0
      },
      "testFilePath": "/Users/pejmanhaghighatnia/Bleu.js/output/jest-html-reporters-attach/test-report/index.js",
      "testResults": [
        {
          "duration": 1201,
          "ancestorTitles": [],
          "failureDetails": [],
          "failureMessages": [],
          "testFilePath": "/Users/pejmanhaghighatnia/Bleu.js/output/jest-html-reporters-attach/test-report/index.js",
          "numPassingAsserts": 1,
          "status": "passed",
          "title": "ESLint"
        }
      ],
      "cliOptions": {
        "cache": false,
        "cacheLocation": ".eslintcache",
        "fixDryRun": false,
        "maxWarnings": -1,
        "ignore": true,
        "allowInlineConfig": true,
        "quiet": false,
        "overrideConfigFile": null,
        "overrideConfig": {
          "linterOptions": {
            "reportUnusedDisableDirectives": false
          }
        }
      }
    },
    {
      "leaks": false,
      "numFailingTests": 0,
      "numPassingTests": 1,
      "numPendingTests": 0,
      "numTodoTests": 0,
      "openHandles": [],
      "perfStats": {
        "start": 1738365571605,
        "end": 1738365572152,
        "duration": 547,
        "runtime": 547,
        "slow": false
      },
      "skipped": false,
      "snapshot": {
        "added": 0,
        "fileDeleted": false,
        "matched": 0,
        "unchecked": 0,
        "uncheckedKeys": [],
        "unmatched": 0,
        "updated": 0
      },
      "testFilePath": "/Users/pejmanhaghighatnia/Bleu.js/output/jest-html-reporters-attach/test-report/result.js",
      "testResults": [
        {
          "duration": 547,
          "ancestorTitles": [],
          "failureDetails": [],
          "failureMessages": [],
          "testFilePath": "/Users/pejmanhaghighatnia/Bleu.js/output/jest-html-reporters-attach/test-report/result.js",
          "numPassingAsserts": 1,
          "status": "passed",
          "title": "ESLint"
        }
      ],
      "cliOptions": {
        "cache": false,
        "cacheLocation": ".eslintcache",
        "fixDryRun": false,
        "maxWarnings": -1,
        "ignore": true,
        "allowInlineConfig": true,
        "quiet": false,
        "overrideConfigFile": null,
        "overrideConfig": {
          "linterOptions": {
            "reportUnusedDisableDirectives": false
          }
        }
      }
    },
    {
      "leaks": false,
      "numFailingTests": 0,
      "numPassingTests": 1,
      "numPendingTests": 0,
      "numTodoTests": 0,
      "openHandles": [],
      "perfStats": {
        "start": 1738365572158,
        "end": 1738365572165,
        "duration": 7,
        "runtime": 7,
        "slow": false
      },
      "skipped": false,
      "snapshot": {
        "added": 0,
        "fileDeleted": false,
        "matched": 0,
        "unchecked": 0,
        "uncheckedKeys": [],
        "unmatched": 0,
        "updated": 0
      },
      "testFilePath": "/Users/pejmanhaghighatnia/Bleu.js/src/backend/src/ai/decisionTree.js",
      "testResults": [
        {
          "duration": 7,
          "ancestorTitles": [],
          "failureDetails": [],
          "failureMessages": [],
          "testFilePath": "/Users/pejmanhaghighatnia/Bleu.js/src/backend/src/ai/decisionTree.js",
          "numPassingAsserts": 1,
          "status": "passed",
          "title": "ESLint"
        }
      ],
      "cliOptions": {
        "cache": false,
        "cacheLocation": ".eslintcache",
        "fixDryRun": false,
        "maxWarnings": -1,
        "ignore": true,
        "allowInlineConfig": true,
        "quiet": false,
        "overrideConfigFile": null,
        "overrideConfig": {
          "linterOptions": {
            "reportUnusedDisableDirectives": false
          }
        }
      }
    },
    {
      "leaks": false,
      "numFailingTests": 0,
      "numPassingTests": 1,
      "numPendingTests": 0,
      "numTodoTests": 0,
      "openHandles": [],
      "perfStats": {
        "start": 1738365572170,
        "end": 1738365572193,
        "duration": 23,
        "runtime": 23,
        "slow": false
      },
      "skipped": false,
      "snapshot": {
        "added": 0,
        "fileDeleted": false,
        "matched": 0,
        "unchecked": 0,
        "uncheckedKeys": [],
        "unmatched": 0,
        "updated": 0
      },
      "testFilePath": "/Users/pejmanhaghighatnia/Bleu.js/eggs-generator/coverage/prettify.js",
      "testResults": [
        {
          "duration": 23,
          "ancestorTitles": [],
          "failureDetails": [],
          "failureMessages": [],
          "testFilePath": "/Users/pejmanhaghighatnia/Bleu.js/eggs-generator/coverage/prettify.js",
          "numPassingAsserts": 1,
          "status": "passed",
          "title": "ESLint"
        }
      ],
      "cliOptions": {
        "cache": false,
        "cacheLocation": ".eslintcache",
        "fixDryRun": false,
        "maxWarnings": -1,
        "ignore": true,
        "allowInlineConfig": true,
        "quiet": false,
        "overrideConfigFile": null,
        "overrideConfig": {
          "linterOptions": {
            "reportUnusedDisableDirectives": false
          }
        }
      }
    },
    {
      "leaks": false,
      "numFailingTests": 0,
      "numPassingTests": 1,
      "numPendingTests": 0,
      "numTodoTests": 0,
      "openHandles": [],
      "perfStats": {
        "start": 1738365572198,
        "end": 1738365572216,
        "duration": 18,
        "runtime": 18,
        "slow": false
      },
      "skipped": false,
      "snapshot": {
        "added": 0,
        "fileDeleted": false,
        "matched": 0,
        "unchecked": 0,
        "uncheckedKeys": [],
        "unmatched": 0,
        "updated": 0
      },
      "testFilePath": "/Users/pejmanhaghighatnia/Bleu.js/coverage/prettify.js",
      "testResults": [
        {
          "duration": 18,
          "ancestorTitles": [],
          "failureDetails": [],
          "failureMessages": [],
          "testFilePath": "/Users/pejmanhaghighatnia/Bleu.js/coverage/prettify.js",
          "numPassingAsserts": 1,
          "status": "passed",
          "title": "ESLint"
        }
      ],
      "cliOptions": {
        "cache": false,
        "cacheLocation": ".eslintcache",
        "fixDryRun": false,
        "maxWarnings": -1,
        "ignore": true,
        "allowInlineConfig": true,
        "quiet": false,
        "overrideConfigFile": null,
        "overrideConfig": {
          "linterOptions": {
            "reportUnusedDisableDirectives": false
          }
        }
      }
    },
    {
      "leaks": false,
      "numFailingTests": 0,
      "numPassingTests": 1,
      "numPendingTests": 0,
      "numTodoTests": 0,
      "openHandles": [],
      "perfStats": {
        "start": 1738365572221,
        "end": 1738365572235,
        "duration": 14,
        "runtime": 14,
        "slow": false
      },
      "skipped": false,
      "snapshot": {
        "added": 0,
        "fileDeleted": false,
        "matched": 0,
        "unchecked": 0,
        "uncheckedKeys": [],
        "unmatched": 0,
        "updated": 0
      },
      "testFilePath": "/Users/pejmanhaghighatnia/Bleu.js/output/lcov-report/prettify.js",
      "testResults": [
        {
          "duration": 14,
          "ancestorTitles": [],
          "failureDetails": [],
          "failureMessages": [],
          "testFilePath": "/Users/pejmanhaghighatnia/Bleu.js/output/lcov-report/prettify.js",
          "numPassingAsserts": 1,
          "status": "passed",
          "title": "ESLint"
        }
      ],
      "cliOptions": {
        "cache": false,
        "cacheLocation": ".eslintcache",
        "fixDryRun": false,
        "maxWarnings": -1,
        "ignore": true,
        "allowInlineConfig": true,
        "quiet": false,
        "overrideConfigFile": null,
        "overrideConfig": {
          "linterOptions": {
            "reportUnusedDisableDirectives": false
          }
        }
      }
    },
    {
      "leaks": false,
      "numFailingTests": 0,
      "numPassingTests": 1,
      "numPendingTests": 0,
      "numTodoTests": 0,
      "openHandles": [],
      "perfStats": {
        "start": 1738365572240,
        "end": 1738365572256,
        "duration": 16,
        "runtime": 16,
        "slow": false
      },
      "skipped": false,
      "snapshot": {
        "added": 0,
        "fileDeleted": false,
        "matched": 0,
        "unchecked": 0,
        "uncheckedKeys": [],
        "unmatched": 0,
        "updated": 0
      },
      "testFilePath": "/Users/pejmanhaghighatnia/Bleu.js/output/html-report/jest-html-reporters-attach/index/result.js",
      "testResults": [
        {
          "duration": 16,
          "ancestorTitles": [],
          "failureDetails": [],
          "failureMessages": [],
          "testFilePath": "/Users/pejmanhaghighatnia/Bleu.js/output/html-report/jest-html-reporters-attach/index/result.js",
          "numPassingAsserts": 1,
          "status": "passed",
          "title": "ESLint"
        }
      ],
      "cliOptions": {
        "cache": false,
        "cacheLocation": ".eslintcache",
        "fixDryRun": false,
        "maxWarnings": -1,
        "ignore": true,
        "allowInlineConfig": true,
        "quiet": false,
        "overrideConfigFile": null,
        "overrideConfig": {
          "linterOptions": {
            "reportUnusedDisableDirectives": false
          }
        }
      }
    },
    {
      "leaks": false,
      "numFailingTests": 0,
      "numPassingTests": 1,
      "numPendingTests": 0,
      "numTodoTests": 0,
      "openHandles": [],
      "perfStats": {
        "start": 1738365572261,
        "end": 1738365572274,
        "duration": 13,
        "runtime": 13,
        "slow": false
      },
      "skipped": false,
      "snapshot": {
        "added": 0,
        "fileDeleted": false,
        "matched": 0,
        "unchecked": 0,
        "uncheckedKeys": [],
        "unmatched": 0,
        "updated": 0
      },
      "testFilePath": "/Users/pejmanhaghighatnia/Bleu.js/coverage/lcov-report/prettify.js",
      "testResults": [
        {
          "duration": 13,
          "ancestorTitles": [],
          "failureDetails": [],
          "failureMessages": [],
          "testFilePath": "/Users/pejmanhaghighatnia/Bleu.js/coverage/lcov-report/prettify.js",
          "numPassingAsserts": 1,
          "status": "passed",
          "title": "ESLint"
        }
      ],
      "cliOptions": {
        "cache": false,
        "cacheLocation": ".eslintcache",
        "fixDryRun": false,
        "maxWarnings": -1,
        "ignore": true,
        "allowInlineConfig": true,
        "quiet": false,
        "overrideConfigFile": null,
        "overrideConfig": {
          "linterOptions": {
            "reportUnusedDisableDirectives": false
          }
        }
      }
    },
    {
      "leaks": false,
      "numFailingTests": 0,
      "numPassingTests": 1,
      "numPendingTests": 0,
      "numTodoTests": 0,
      "openHandles": [],
      "perfStats": {
        "start": 1738365572279,
        "end": 1738365572293,
        "duration": 14,
        "runtime": 14,
        "slow": false
      },
      "skipped": false,
      "snapshot": {
        "added": 0,
        "fileDeleted": false,
        "matched": 0,
        "unchecked": 0,
        "uncheckedKeys": [],
        "unmatched": 0,
        "updated": 0
      },
      "testFilePath": "/Users/pejmanhaghighatnia/Bleu.js/output/prettify.js",
      "testResults": [
        {
          "duration": 14,
          "ancestorTitles": [],
          "failureDetails": [],
          "failureMessages": [],
          "testFilePath": "/Users/pejmanhaghighatnia/Bleu.js/output/prettify.js",
          "numPassingAsserts": 1,
          "status": "passed",
          "title": "ESLint"
        }
      ],
      "cliOptions": {
        "cache": false,
        "cacheLocation": ".eslintcache",
        "fixDryRun": false,
        "maxWarnings": -1,
        "ignore": true,
        "allowInlineConfig": true,
        "quiet": false,
        "overrideConfigFile": null,
        "overrideConfig": {
          "linterOptions": {
            "reportUnusedDisableDirectives": false
          }
        }
      }
    },
    {
      "leaks": false,
      "numFailingTests": 0,
      "numPassingTests": 1,
      "numPendingTests": 0,
      "numTodoTests": 0,
      "openHandles": [],
      "perfStats": {
        "start": 1738365572297,
        "end": 1738365572309,
        "duration": 12,
        "runtime": 12,
        "slow": false
      },
      "skipped": false,
      "snapshot": {
        "added": 0,
        "fileDeleted": false,
        "matched": 0,
        "unchecked": 0,
        "uncheckedKeys": [],
        "unmatched": 0,
        "updated": 0
      },
      "testFilePath": "/Users/pejmanhaghighatnia/Bleu.js/eggs-generator/coverage/lcov-report/prettify.js",
      "testResults": [
        {
          "duration": 12,
          "ancestorTitles": [],
          "failureDetails": [],
          "failureMessages": [],
          "testFilePath": "/Users/pejmanhaghighatnia/Bleu.js/eggs-generator/coverage/lcov-report/prettify.js",
          "numPassingAsserts": 1,
          "status": "passed",
          "title": "ESLint"
        }
      ],
      "cliOptions": {
        "cache": false,
        "cacheLocation": ".eslintcache",
        "fixDryRun": false,
        "maxWarnings": -1,
        "ignore": true,
        "allowInlineConfig": true,
        "quiet": false,
        "overrideConfigFile": null,
        "overrideConfig": {
          "linterOptions": {
            "reportUnusedDisableDirectives": false
          }
        }
      }
    },
    {
      "leaks": false,
      "numFailingTests": 0,
      "numPassingTests": 1,
      "numPendingTests": 0,
      "numTodoTests": 0,
      "openHandles": [],
      "perfStats": {
        "start": 1738365572313,
        "end": 1738365572319,
        "duration": 6,
        "runtime": 6,
        "slow": false
      },
      "skipped": false,
      "snapshot": {
        "added": 0,
        "fileDeleted": false,
        "matched": 0,
        "unchecked": 0,
        "uncheckedKeys": [],
        "unmatched": 0,
        "updated": 0
      },
      "testFilePath": "/Users/pejmanhaghighatnia/Bleu.js/src/backend/src/controllers/apiController.js",
      "testResults": [
        {
          "duration": 6,
          "ancestorTitles": [],
          "failureDetails": [],
          "failureMessages": [],
          "testFilePath": "/Users/pejmanhaghighatnia/Bleu.js/src/backend/src/controllers/apiController.js",
          "numPassingAsserts": 1,
          "status": "passed",
          "title": "ESLint"
        }
      ],
      "cliOptions": {
        "cache": false,
        "cacheLocation": ".eslintcache",
        "fixDryRun": false,
        "maxWarnings": -1,
        "ignore": true,
        "allowInlineConfig": true,
        "quiet": false,
        "overrideConfigFile": null,
        "overrideConfig": {
          "linterOptions": {
            "reportUnusedDisableDirectives": false
          }
        }
      }
    },
    {
      "leaks": false,
      "numFailingTests": 0,
      "numPassingTests": 1,
      "numPendingTests": 0,
      "numTodoTests": 0,
      "openHandles": [],
      "perfStats": {
        "start": 1738365572323,
        "end": 1738365572328,
        "duration": 5,
        "runtime": 5,
        "slow": false
      },
      "skipped": false,
      "snapshot": {
        "added": 0,
        "fileDeleted": false,
        "matched": 0,
        "unchecked": 0,
        "uncheckedKeys": [],
        "unmatched": 0,
        "updated": 0
      },
      "testFilePath": "/Users/pejmanhaghighatnia/Bleu.js/coverage/lcov-report/sorter.js",
      "testResults": [
        {
          "duration": 5,
          "ancestorTitles": [],
          "failureDetails": [],
          "failureMessages": [],
          "testFilePath": "/Users/pejmanhaghighatnia/Bleu.js/coverage/lcov-report/sorter.js",
          "numPassingAsserts": 1,
          "status": "passed",
          "title": "ESLint"
        }
      ],
      "cliOptions": {
        "cache": false,
        "cacheLocation": ".eslintcache",
        "fixDryRun": false,
        "maxWarnings": -1,
        "ignore": true,
        "allowInlineConfig": true,
        "quiet": false,
        "overrideConfigFile": null,
        "overrideConfig": {
          "linterOptions": {
            "reportUnusedDisableDirectives": false
          }
        }
      }
    },
    {
      "leaks": false,
      "numFailingTests": 0,
      "numPassingTests": 1,
      "numPendingTests": 0,
      "numTodoTests": 0,
      "openHandles": [],
      "perfStats": {
        "start": 1738365572332,
        "end": 1738365572335,
        "duration": 3,
        "runtime": 3,
        "slow": false
      },
      "skipped": false,
      "snapshot": {
        "added": 0,
        "fileDeleted": false,
        "matched": 0,
        "unchecked": 0,
        "uncheckedKeys": [],
        "unmatched": 0,
        "updated": 0
      },
      "testFilePath": "/Users/pejmanhaghighatnia/Bleu.js/dependency-management/src/index.js",
      "testResults": [
        {
          "duration": 3,
          "ancestorTitles": [],
          "failureDetails": [],
          "failureMessages": [],
          "testFilePath": "/Users/pejmanhaghighatnia/Bleu.js/dependency-management/src/index.js",
          "numPassingAsserts": 1,
          "status": "passed",
          "title": "ESLint"
        }
      ],
      "cliOptions": {
        "cache": false,
        "cacheLocation": ".eslintcache",
        "fixDryRun": false,
        "maxWarnings": -1,
        "ignore": true,
        "allowInlineConfig": true,
        "quiet": false,
        "overrideConfigFile": null,
        "overrideConfig": {
          "linterOptions": {
            "reportUnusedDisableDirectives": false
          }
        }
      }
    },
    {
      "leaks": false,
      "numFailingTests": 0,
      "numPassingTests": 1,
      "numPendingTests": 0,
      "numTodoTests": 0,
      "openHandles": [],
      "perfStats": {
        "start": 1738365572340,
        "end": 1738365572341,
        "duration": 1,
        "runtime": 1,
        "slow": false
      },
      "skipped": false,
      "snapshot": {
        "added": 0,
        "fileDeleted": false,
        "matched": 0,
        "unchecked": 0,
        "uncheckedKeys": [],
        "unmatched": 0,
        "updated": 0
      },
      "testFilePath": "/Users/pejmanhaghighatnia/Bleu.js/eggs-generator/src/HenFarm.js",
      "testResults": [
        {
          "duration": 1,
          "ancestorTitles": [],
          "failureDetails": [],
          "failureMessages": [],
          "testFilePath": "/Users/pejmanhaghighatnia/Bleu.js/eggs-generator/src/HenFarm.js",
          "numPassingAsserts": 1,
          "status": "passed",
          "title": "ESLint"
        }
      ],
      "cliOptions": {
        "cache": false,
        "cacheLocation": ".eslintcache",
        "fixDryRun": false,
        "maxWarnings": -1,
        "ignore": true,
        "allowInlineConfig": true,
        "quiet": false,
        "overrideConfigFile": null,
        "overrideConfig": {
          "linterOptions": {
            "reportUnusedDisableDirectives": false
          }
        }
      }
    },
    {
      "leaks": false,
      "numFailingTests": 0,
      "numPassingTests": 1,
      "numPendingTests": 0,
      "numTodoTests": 0,
      "openHandles": [],
      "perfStats": {
        "start": 1738365572346,
        "end": 1738365572350,
        "duration": 4,
        "runtime": 4,
        "slow": false
      },
      "skipped": false,
      "snapshot": {
        "added": 0,
        "fileDeleted": false,
        "matched": 0,
        "unchecked": 0,
        "uncheckedKeys": [],
        "unmatched": 0,
        "updated": 0
      },
      "testFilePath": "/Users/pejmanhaghighatnia/Bleu.js/eggs-generator/src/Bleu.js",
      "testResults": [
        {
          "duration": 4,
          "ancestorTitles": [],
          "failureDetails": [],
          "failureMessages": [],
          "testFilePath": "/Users/pejmanhaghighatnia/Bleu.js/eggs-generator/src/Bleu.js",
          "numPassingAsserts": 1,
          "status": "passed",
          "title": "ESLint"
        }
      ],
      "cliOptions": {
        "cache": false,
        "cacheLocation": ".eslintcache",
        "fixDryRun": false,
        "maxWarnings": -1,
        "ignore": true,
        "allowInlineConfig": true,
        "quiet": false,
        "overrideConfigFile": null,
        "overrideConfig": {
          "linterOptions": {
            "reportUnusedDisableDirectives": false
          }
        }
      }
    },
    {
      "leaks": false,
      "numFailingTests": 0,
      "numPassingTests": 1,
      "numPendingTests": 0,
      "numTodoTests": 0,
      "openHandles": [],
      "perfStats": {
        "start": 1738365572356,
        "end": 1738365572360,
        "duration": 4,
        "runtime": 4,
        "slow": false
      },
      "skipped": false,
      "snapshot": {
        "added": 0,
        "fileDeleted": false,
        "matched": 0,
        "unchecked": 0,
        "uncheckedKeys": [],
        "unmatched": 0,
        "updated": 0
      },
      "testFilePath": "/Users/pejmanhaghighatnia/Bleu.js/eggs-generator/coverage/lcov-report/sorter.js",
      "testResults": [
        {
          "duration": 4,
          "ancestorTitles": [],
          "failureDetails": [],
          "failureMessages": [],
          "testFilePath": "/Users/pejmanhaghighatnia/Bleu.js/eggs-generator/coverage/lcov-report/sorter.js",
          "numPassingAsserts": 1,
          "status": "passed",
          "title": "ESLint"
        }
      ],
      "cliOptions": {
        "cache": false,
        "cacheLocation": ".eslintcache",
        "fixDryRun": false,
        "maxWarnings": -1,
        "ignore": true,
        "allowInlineConfig": true,
        "quiet": false,
        "overrideConfigFile": null,
        "overrideConfig": {
          "linterOptions": {
            "reportUnusedDisableDirectives": false
          }
        }
      }
    },
    {
      "leaks": false,
      "numFailingTests": 0,
      "numPassingTests": 1,
      "numPendingTests": 0,
      "numTodoTests": 0,
      "openHandles": [],
      "perfStats": {
        "start": 1738365572364,
        "end": 1738365572367,
        "duration": 3,
        "runtime": 3,
        "slow": false
      },
      "skipped": false,
      "snapshot": {
        "added": 0,
        "fileDeleted": false,
        "matched": 0,
        "unchecked": 0,
        "uncheckedKeys": [],
        "unmatched": 0,
        "updated": 0
      },
      "testFilePath": "/Users/pejmanhaghighatnia/Bleu.js/src/backend/src/routes/dataRoutes.js",
      "testResults": [
        {
          "duration": 3,
          "ancestorTitles": [],
          "failureDetails": [],
          "failureMessages": [],
          "testFilePath": "/Users/pejmanhaghighatnia/Bleu.js/src/backend/src/routes/dataRoutes.js",
          "numPassingAsserts": 1,
          "status": "passed",
          "title": "ESLint"
        }
      ],
      "cliOptions": {
        "cache": false,
        "cacheLocation": ".eslintcache",
        "fixDryRun": false,
        "maxWarnings": -1,
        "ignore": true,
        "allowInlineConfig": true,
        "quiet": false,
        "overrideConfigFile": null,
        "overrideConfig": {
          "linterOptions": {
            "reportUnusedDisableDirectives": false
          }
        }
      }
    },
    {
      "leaks": false,
      "numFailingTests": 0,
      "numPassingTests": 1,
      "numPendingTests": 0,
      "numTodoTests": 0,
      "openHandles": [],
      "perfStats": {
        "start": 1738365572371,
        "end": 1738365572374,
        "duration": 3,
        "runtime": 3,
        "slow": false
      },
      "skipped": false,
      "snapshot": {
        "added": 0,
        "fileDeleted": false,
        "matched": 0,
        "unchecked": 0,
        "uncheckedKeys": [],
        "unmatched": 0,
        "updated": 0
      },
      "testFilePath": "/Users/pejmanhaghighatnia/Bleu.js/src/backend/routes.js",
      "testResults": [
        {
          "duration": 3,
          "ancestorTitles": [],
          "failureDetails": [],
          "failureMessages": [],
          "testFilePath": "/Users/pejmanhaghighatnia/Bleu.js/src/backend/routes.js",
          "numPassingAsserts": 1,
          "status": "passed",
          "title": "ESLint"
        }
      ],
      "cliOptions": {
        "cache": false,
        "cacheLocation": ".eslintcache",
        "fixDryRun": false,
        "maxWarnings": -1,
        "ignore": true,
        "allowInlineConfig": true,
        "quiet": false,
        "overrideConfigFile": null,
        "overrideConfig": {
          "linterOptions": {
            "reportUnusedDisableDirectives": false
          }
        }
      }
    },
    {
      "leaks": false,
      "numFailingTests": 0,
      "numPassingTests": 1,
      "numPendingTests": 0,
      "numTodoTests": 0,
      "openHandles": [],
      "perfStats": {
        "start": 1738365572379,
        "end": 1738365572383,
        "duration": 4,
        "runtime": 4,
        "slow": false
      },
      "skipped": false,
      "snapshot": {
        "added": 0,
        "fileDeleted": false,
        "matched": 0,
        "unchecked": 0,
        "uncheckedKeys": [],
        "unmatched": 0,
        "updated": 0
      },
      "testFilePath": "/Users/pejmanhaghighatnia/Bleu.js/src/backend/index.js",
      "testResults": [
        {
          "duration": 4,
          "ancestorTitles": [],
          "failureDetails": [],
          "failureMessages": [],
          "testFilePath": "/Users/pejmanhaghighatnia/Bleu.js/src/backend/index.js",
          "numPassingAsserts": 1,
          "status": "passed",
          "title": "ESLint"
        }
      ],
      "cliOptions": {
        "cache": false,
        "cacheLocation": ".eslintcache",
        "fixDryRun": false,
        "maxWarnings": -1,
        "ignore": true,
        "allowInlineConfig": true,
        "quiet": false,
        "overrideConfigFile": null,
        "overrideConfig": {
          "linterOptions": {
            "reportUnusedDisableDirectives": false
          }
        }
      }
    },
    {
      "leaks": false,
      "numFailingTests": 0,
      "numPassingTests": 1,
      "numPendingTests": 0,
      "numTodoTests": 0,
      "openHandles": [],
      "perfStats": {
        "start": 1738365572390,
        "end": 1738365572393,
        "duration": 3,
        "runtime": 3,
        "slow": false
      },
      "skipped": false,
      "snapshot": {
        "added": 0,
        "fileDeleted": false,
        "matched": 0,
        "unchecked": 0,
        "uncheckedKeys": [],
        "unmatched": 0,
        "updated": 0
      },
      "testFilePath": "/Users/pejmanhaghighatnia/Bleu.js/coverage/sorter.js",
      "testResults": [
        {
          "duration": 3,
          "ancestorTitles": [],
          "failureDetails": [],
          "failureMessages": [],
          "testFilePath": "/Users/pejmanhaghighatnia/Bleu.js/coverage/sorter.js",
          "numPassingAsserts": 1,
          "status": "passed",
          "title": "ESLint"
        }
      ],
      "cliOptions": {
        "cache": false,
        "cacheLocation": ".eslintcache",
        "fixDryRun": false,
        "maxWarnings": -1,
        "ignore": true,
        "allowInlineConfig": true,
        "quiet": false,
        "overrideConfigFile": null,
        "overrideConfig": {
          "linterOptions": {
            "reportUnusedDisableDirectives": false
          }
        }
      }
    },
    {
      "leaks": false,
      "numFailingTests": 0,
      "numPassingTests": 1,
      "numPendingTests": 0,
      "numTodoTests": 0,
      "openHandles": [],
      "perfStats": {
        "start": 1738365572398,
        "end": 1738365572401,
        "duration": 3,
        "runtime": 3,
        "slow": false
      },
      "skipped": false,
      "snapshot": {
        "added": 0,
        "fileDeleted": false,
        "matched": 0,
        "unchecked": 0,
        "uncheckedKeys": [],
        "unmatched": 0,
        "updated": 0
      },
      "testFilePath": "/Users/pejmanhaghighatnia/Bleu.js/coverage/block-navigation.js",
      "testResults": [
        {
          "duration": 3,
          "ancestorTitles": [],
          "failureDetails": [],
          "failureMessages": [],
          "testFilePath": "/Users/pejmanhaghighatnia/Bleu.js/coverage/block-navigation.js",
          "numPassingAsserts": 1,
          "status": "passed",
          "title": "ESLint"
        }
      ],
      "cliOptions": {
        "cache": false,
        "cacheLocation": ".eslintcache",
        "fixDryRun": false,
        "maxWarnings": -1,
        "ignore": true,
        "allowInlineConfig": true,
        "quiet": false,
        "overrideConfigFile": null,
        "overrideConfig": {
          "linterOptions": {
            "reportUnusedDisableDirectives": false
          }
        }
      }
    },
    {
      "leaks": false,
      "numFailingTests": 0,
      "numPassingTests": 1,
      "numPendingTests": 0,
      "numTodoTests": 0,
      "openHandles": [],
      "perfStats": {
        "start": 1738365572405,
        "end": 1738365572408,
        "duration": 3,
        "runtime": 3,
        "slow": false
      },
      "skipped": false,
      "snapshot": {
        "added": 0,
        "fileDeleted": false,
        "matched": 0,
        "unchecked": 0,
        "uncheckedKeys": [],
        "unmatched": 0,
        "updated": 0
      },
      "testFilePath": "/Users/pejmanhaghighatnia/Bleu.js/output/jest-html-reporters-attach/report/result.js",
      "testResults": [
        {
          "duration": 3,
          "ancestorTitles": [],
          "failureDetails": [],
          "failureMessages": [],
          "testFilePath": "/Users/pejmanhaghighatnia/Bleu.js/output/jest-html-reporters-attach/report/result.js",
          "numPassingAsserts": 1,
          "status": "passed",
          "title": "ESLint"
        }
      ],
      "cliOptions": {
        "cache": false,
        "cacheLocation": ".eslintcache",
        "fixDryRun": false,
        "maxWarnings": -1,
        "ignore": true,
        "allowInlineConfig": true,
        "quiet": false,
        "overrideConfigFile": null,
        "overrideConfig": {
          "linterOptions": {
            "reportUnusedDisableDirectives": false
          }
        }
      }
    },
    {
      "leaks": false,
      "numFailingTests": 0,
      "numPassingTests": 1,
      "numPendingTests": 0,
      "numTodoTests": 0,
      "openHandles": [],
      "perfStats": {
        "start": 1738365572413,
        "end": 1738365572415,
        "duration": 2,
        "runtime": 2,
        "slow": false
      },
      "skipped": false,
      "snapshot": {
        "added": 0,
        "fileDeleted": false,
        "matched": 0,
        "unchecked": 0,
        "uncheckedKeys": [],
        "unmatched": 0,
        "updated": 0
      },
      "testFilePath": "/Users/pejmanhaghighatnia/Bleu.js/src/backend/src/services/aiService.js",
      "testResults": [
        {
          "duration": 2,
          "ancestorTitles": [],
          "failureDetails": [],
          "failureMessages": [],
          "testFilePath": "/Users/pejmanhaghighatnia/Bleu.js/src/backend/src/services/aiService.js",
          "numPassingAsserts": 1,
          "status": "passed",
          "title": "ESLint"
        }
      ],
      "cliOptions": {
        "cache": false,
        "cacheLocation": ".eslintcache",
        "fixDryRun": false,
        "maxWarnings": -1,
        "ignore": true,
        "allowInlineConfig": true,
        "quiet": false,
        "overrideConfigFile": null,
        "overrideConfig": {
          "linterOptions": {
            "reportUnusedDisableDirectives": false
          }
        }
      }
    },
    {
      "leaks": false,
      "numFailingTests": 0,
      "numPassingTests": 1,
      "numPendingTests": 0,
      "numTodoTests": 0,
      "openHandles": [],
      "perfStats": {
        "start": 1738365572420,
        "end": 1738365572421,
        "duration": 1,
        "runtime": 1,
        "slow": false
      },
      "skipped": false,
      "snapshot": {
        "added": 0,
        "fileDeleted": false,
        "matched": 0,
        "unchecked": 0,
        "uncheckedKeys": [],
        "unmatched": 0,
        "updated": 0
      },
      "testFilePath": "/Users/pejmanhaghighatnia/Bleu.js/src/backend/src/routes/index.js",
      "testResults": [
        {
          "duration": 1,
          "ancestorTitles": [],
          "failureDetails": [],
          "failureMessages": [],
          "testFilePath": "/Users/pejmanhaghighatnia/Bleu.js/src/backend/src/routes/index.js",
          "numPassingAsserts": 1,
          "status": "passed",
          "title": "ESLint"
        }
      ],
      "cliOptions": {
        "cache": false,
        "cacheLocation": ".eslintcache",
        "fixDryRun": false,
        "maxWarnings": -1,
        "ignore": true,
        "allowInlineConfig": true,
        "quiet": false,
        "overrideConfigFile": null,
        "overrideConfig": {
          "linterOptions": {
            "reportUnusedDisableDirectives": false
          }
        }
      }
    },
    {
      "leaks": false,
      "numFailingTests": 0,
      "numPassingTests": 1,
      "numPendingTests": 0,
      "numTodoTests": 0,
      "openHandles": [],
      "perfStats": {
        "start": 1738365572425,
        "end": 1738365572427,
        "duration": 2,
        "runtime": 2,
        "slow": false
      },
      "skipped": false,
      "snapshot": {
        "added": 0,
        "fileDeleted": false,
        "matched": 0,
        "unchecked": 0,
        "uncheckedKeys": [],
        "unmatched": 0,
        "updated": 0
      },
      "testFilePath": "/Users/pejmanhaghighatnia/Bleu.js/src/backend/tests/CustomSequencer.js",
      "testResults": [
        {
          "duration": 2,
          "ancestorTitles": [],
          "failureDetails": [],
          "failureMessages": [],
          "testFilePath": "/Users/pejmanhaghighatnia/Bleu.js/src/backend/tests/CustomSequencer.js",
          "numPassingAsserts": 1,
          "status": "passed",
          "title": "ESLint"
        }
      ],
      "cliOptions": {
        "cache": false,
        "cacheLocation": ".eslintcache",
        "fixDryRun": false,
        "maxWarnings": -1,
        "ignore": true,
        "allowInlineConfig": true,
        "quiet": false,
        "overrideConfigFile": null,
        "overrideConfig": {
          "linterOptions": {
            "reportUnusedDisableDirectives": false
          }
        }
      }
    },
    {
      "leaks": false,
      "numFailingTests": 0,
      "numPassingTests": 1,
      "numPendingTests": 0,
      "numTodoTests": 0,
      "openHandles": [],
      "perfStats": {
        "start": 1738365572432,
        "end": 1738365572433,
        "duration": 1,
        "runtime": 1,
        "slow": false
      },
      "skipped": false,
      "snapshot": {
        "added": 0,
        "fileDeleted": false,
        "matched": 0,
        "unchecked": 0,
        "uncheckedKeys": [],
        "unmatched": 0,
        "updated": 0
      },
      "testFilePath": "/Users/pejmanhaghighatnia/Bleu.js/src/backend/tests/aiService.test.js",
      "testResults": [
        {
          "duration": 1,
          "ancestorTitles": [],
          "failureDetails": [],
          "failureMessages": [],
          "testFilePath": "/Users/pejmanhaghighatnia/Bleu.js/src/backend/tests/aiService.test.js",
          "numPassingAsserts": 1,
          "status": "passed",
          "title": "ESLint"
        }
      ],
      "cliOptions": {
        "cache": false,
        "cacheLocation": ".eslintcache",
        "fixDryRun": false,
        "maxWarnings": -1,
        "ignore": true,
        "allowInlineConfig": true,
        "quiet": false,
        "overrideConfigFile": null,
        "overrideConfig": {
          "linterOptions": {
            "reportUnusedDisableDirectives": false
          }
        }
      }
    },
    {
      "leaks": false,
      "numFailingTests": 0,
      "numPassingTests": 1,
      "numPendingTests": 0,
      "numTodoTests": 0,
      "openHandles": [],
      "perfStats": {
        "start": 1738365572437,
        "end": 1738365572439,
        "duration": 2,
        "runtime": 2,
        "slow": false
      },
      "skipped": false,
      "snapshot": {
        "added": 0,
        "fileDeleted": false,
        "matched": 0,
        "unchecked": 0,
        "uncheckedKeys": [],
        "unmatched": 0,
        "updated": 0
      },
      "testFilePath": "/Users/pejmanhaghighatnia/Bleu.js/dependency-management/src/dependencyManager.js",
      "testResults": [
        {
          "duration": 2,
          "ancestorTitles": [],
          "failureDetails": [],
          "failureMessages": [],
          "testFilePath": "/Users/pejmanhaghighatnia/Bleu.js/dependency-management/src/dependencyManager.js",
          "numPassingAsserts": 1,
          "status": "passed",
          "title": "ESLint"
        }
      ],
      "cliOptions": {
        "cache": false,
        "cacheLocation": ".eslintcache",
        "fixDryRun": false,
        "maxWarnings": -1,
        "ignore": true,
        "allowInlineConfig": true,
        "quiet": false,
        "overrideConfigFile": null,
        "overrideConfig": {
          "linterOptions": {
            "reportUnusedDisableDirectives": false
          }
        }
      }
    },
    {
      "leaks": false,
      "numFailingTests": 0,
      "numPassingTests": 1,
      "numPendingTests": 0,
      "numTodoTests": 0,
      "openHandles": [],
      "perfStats": {
        "start": 1738365572444,
        "end": 1738365572448,
        "duration": 4,
        "runtime": 4,
        "slow": false
      },
      "skipped": false,
      "snapshot": {
        "added": 0,
        "fileDeleted": false,
        "matched": 0,
        "unchecked": 0,
        "uncheckedKeys": [],
        "unmatched": 0,
        "updated": 0
      },
      "testFilePath": "/Users/pejmanhaghighatnia/Bleu.js/output/sorter.js",
      "testResults": [
        {
          "duration": 4,
          "ancestorTitles": [],
          "failureDetails": [],
          "failureMessages": [],
          "testFilePath": "/Users/pejmanhaghighatnia/Bleu.js/output/sorter.js",
          "numPassingAsserts": 1,
          "status": "passed",
          "title": "ESLint"
        }
      ],
      "cliOptions": {
        "cache": false,
        "cacheLocation": ".eslintcache",
        "fixDryRun": false,
        "maxWarnings": -1,
        "ignore": true,
        "allowInlineConfig": true,
        "quiet": false,
        "overrideConfigFile": null,
        "overrideConfig": {
          "linterOptions": {
            "reportUnusedDisableDirectives": false
          }
        }
      }
    },
    {
      "leaks": false,
      "numFailingTests": 0,
      "numPassingTests": 1,
      "numPendingTests": 0,
      "numTodoTests": 0,
      "openHandles": [],
      "perfStats": {
        "start": 1738365572456,
        "end": 1738365572459,
        "duration": 3,
        "runtime": 3,
        "slow": false
      },
      "skipped": false,
      "snapshot": {
        "added": 0,
        "fileDeleted": false,
        "matched": 0,
        "unchecked": 0,
        "uncheckedKeys": [],
        "unmatched": 0,
        "updated": 0
      },
      "testFilePath": "/Users/pejmanhaghighatnia/Bleu.js/output/lcov-report/sorter.js",
      "testResults": [
        {
          "duration": 3,
          "ancestorTitles": [],
          "failureDetails": [],
          "failureMessages": [],
          "testFilePath": "/Users/pejmanhaghighatnia/Bleu.js/output/lcov-report/sorter.js",
          "numPassingAsserts": 1,
          "status": "passed",
          "title": "ESLint"
        }
      ],
      "cliOptions": {
        "cache": false,
        "cacheLocation": ".eslintcache",
        "fixDryRun": false,
        "maxWarnings": -1,
        "ignore": true,
        "allowInlineConfig": true,
        "quiet": false,
        "overrideConfigFile": null,
        "overrideConfig": {
          "linterOptions": {
            "reportUnusedDisableDirectives": false
          }
        }
      }
    },
    {
      "leaks": false,
      "numFailingTests": 0,
      "numPassingTests": 1,
      "numPendingTests": 0,
      "numTodoTests": 0,
      "openHandles": [],
      "perfStats": {
        "start": 1738365572463,
        "end": 1738365572467,
        "duration": 4,
        "runtime": 4,
        "slow": false
      },
      "skipped": false,
      "snapshot": {
        "added": 0,
        "fileDeleted": false,
        "matched": 0,
        "unchecked": 0,
        "uncheckedKeys": [],
        "unmatched": 0,
        "updated": 0
      },
      "testFilePath": "/Users/pejmanhaghighatnia/Bleu.js/eggs-generator/coverage/sorter.js",
      "testResults": [
        {
          "duration": 4,
          "ancestorTitles": [],
          "failureDetails": [],
          "failureMessages": [],
          "testFilePath": "/Users/pejmanhaghighatnia/Bleu.js/eggs-generator/coverage/sorter.js",
          "numPassingAsserts": 1,
          "status": "passed",
          "title": "ESLint"
        }
      ],
      "cliOptions": {
        "cache": false,
        "cacheLocation": ".eslintcache",
        "fixDryRun": false,
        "maxWarnings": -1,
        "ignore": true,
        "allowInlineConfig": true,
        "quiet": false,
        "overrideConfigFile": null,
        "overrideConfig": {
          "linterOptions": {
            "reportUnusedDisableDirectives": false
          }
        }
      }
    },
    {
      "leaks": false,
      "numFailingTests": 0,
      "numPassingTests": 1,
      "numPendingTests": 0,
      "numTodoTests": 0,
      "openHandles": [],
      "perfStats": {
        "start": 1738365572471,
        "end": 1738365572474,
        "duration": 3,
        "runtime": 3,
        "slow": false
      },
      "skipped": false,
      "snapshot": {
        "added": 0,
        "fileDeleted": false,
        "matched": 0,
        "unchecked": 0,
        "uncheckedKeys": [],
        "unmatched": 0,
        "updated": 0
      },
      "testFilePath": "/Users/pejmanhaghighatnia/Bleu.js/frontend/src/index.js",
      "testResults": [
        {
          "duration": 3,
          "ancestorTitles": [],
          "failureDetails": [],
          "failureMessages": [],
          "testFilePath": "/Users/pejmanhaghighatnia/Bleu.js/frontend/src/index.js",
          "numPassingAsserts": 1,
          "status": "passed",
          "title": "ESLint"
        }
      ],
      "cliOptions": {
        "cache": false,
        "cacheLocation": ".eslintcache",
        "fixDryRun": false,
        "maxWarnings": -1,
        "ignore": true,
        "allowInlineConfig": true,
        "quiet": false,
        "overrideConfigFile": null,
        "overrideConfig": {
          "linterOptions": {
            "reportUnusedDisableDirectives": false
          }
        }
      }
    },
    {
      "leaks": false,
      "numFailingTests": 0,
      "numPassingTests": 1,
      "numPendingTests": 0,
      "numTodoTests": 0,
      "openHandles": [],
      "perfStats": {
        "start": 1738365572479,
        "end": 1738365572483,
        "duration": 4,
        "runtime": 4,
        "slow": false
      },
      "skipped": false,
      "snapshot": {
        "added": 0,
        "fileDeleted": false,
        "matched": 0,
        "unchecked": 0,
        "uncheckedKeys": [],
        "unmatched": 0,
        "updated": 0
      },
      "testFilePath": "/Users/pejmanhaghighatnia/Bleu.js/frontend/public/app.js",
      "testResults": [
        {
          "duration": 4,
          "ancestorTitles": [],
          "failureDetails": [],
          "failureMessages": [],
          "testFilePath": "/Users/pejmanhaghighatnia/Bleu.js/frontend/public/app.js",
          "numPassingAsserts": 1,
          "status": "passed",
          "title": "ESLint"
        }
      ],
      "cliOptions": {
        "cache": false,
        "cacheLocation": ".eslintcache",
        "fixDryRun": false,
        "maxWarnings": -1,
        "ignore": true,
        "allowInlineConfig": true,
        "quiet": false,
        "overrideConfigFile": null,
        "overrideConfig": {
          "linterOptions": {
            "reportUnusedDisableDirectives": false
          }
        }
      }
    },
    {
      "leaks": false,
      "numFailingTests": 0,
      "numPassingTests": 1,
      "numPendingTests": 0,
      "numTodoTests": 0,
      "openHandles": [],
      "perfStats": {
        "start": 1738365572488,
        "end": 1738365572490,
        "duration": 2,
        "runtime": 2,
        "slow": false
      },
      "skipped": false,
      "snapshot": {
        "added": 0,
        "fileDeleted": false,
        "matched": 0,
        "unchecked": 0,
        "uncheckedKeys": [],
        "unmatched": 0,
        "updated": 0
      },
      "testFilePath": "/Users/pejmanhaghighatnia/Bleu.js/src/backend/src/controllers/dataController.js",
      "testResults": [
        {
          "duration": 2,
          "ancestorTitles": [],
          "failureDetails": [],
          "failureMessages": [],
          "testFilePath": "/Users/pejmanhaghighatnia/Bleu.js/src/backend/src/controllers/dataController.js",
          "numPassingAsserts": 1,
          "status": "passed",
          "title": "ESLint"
        }
      ],
      "cliOptions": {
        "cache": false,
        "cacheLocation": ".eslintcache",
        "fixDryRun": false,
        "maxWarnings": -1,
        "ignore": true,
        "allowInlineConfig": true,
        "quiet": false,
        "overrideConfigFile": null,
        "overrideConfig": {
          "linterOptions": {
            "reportUnusedDisableDirectives": false
          }
        }
      }
    },
    {
      "leaks": false,
      "numFailingTests": 0,
      "numPassingTests": 1,
      "numPendingTests": 0,
      "numTodoTests": 0,
      "openHandles": [],
      "perfStats": {
        "start": 1738365572494,
        "end": 1738365572496,
        "duration": 2,
        "runtime": 2,
        "slow": false
      },
      "skipped": false,
      "snapshot": {
        "added": 0,
        "fileDeleted": false,
        "matched": 0,
        "unchecked": 0,
        "uncheckedKeys": [],
        "unmatched": 0,
        "updated": 0
      },
      "testFilePath": "/Users/pejmanhaghighatnia/Bleu.js/src/backend/src/ai/nlpProcessor.js",
      "testResults": [
        {
          "duration": 2,
          "ancestorTitles": [],
          "failureDetails": [],
          "failureMessages": [],
          "testFilePath": "/Users/pejmanhaghighatnia/Bleu.js/src/backend/src/ai/nlpProcessor.js",
          "numPassingAsserts": 1,
          "status": "passed",
          "title": "ESLint"
        }
      ],
      "cliOptions": {
        "cache": false,
        "cacheLocation": ".eslintcache",
        "fixDryRun": false,
        "maxWarnings": -1,
        "ignore": true,
        "allowInlineConfig": true,
        "quiet": false,
        "overrideConfigFile": null,
        "overrideConfig": {
          "linterOptions": {
            "reportUnusedDisableDirectives": false
          }
        }
      }
    },
    {
      "leaks": false,
      "numFailingTests": 0,
      "numPassingTests": 1,
      "numPendingTests": 0,
      "numTodoTests": 0,
      "openHandles": [],
      "perfStats": {
        "start": 1738365572500,
        "end": 1738365572502,
        "duration": 2,
        "runtime": 2,
        "slow": false
      },
      "skipped": false,
      "snapshot": {
        "added": 0,
        "fileDeleted": false,
        "matched": 0,
        "unchecked": 0,
        "uncheckedKeys": [],
        "unmatched": 0,
        "updated": 0
      },
      "testFilePath": "/Users/pejmanhaghighatnia/Bleu.js/src/backend/src/ml/modelManager.js",
      "testResults": [
        {
          "duration": 2,
          "ancestorTitles": [],
          "failureDetails": [],
          "failureMessages": [],
          "testFilePath": "/Users/pejmanhaghighatnia/Bleu.js/src/backend/src/ml/modelManager.js",
          "numPassingAsserts": 1,
          "status": "passed",
          "title": "ESLint"
        }
      ],
      "cliOptions": {
        "cache": false,
        "cacheLocation": ".eslintcache",
        "fixDryRun": false,
        "maxWarnings": -1,
        "ignore": true,
        "allowInlineConfig": true,
        "quiet": false,
        "overrideConfigFile": null,
        "overrideConfig": {
          "linterOptions": {
            "reportUnusedDisableDirectives": false
          }
        }
      }
    },
    {
      "leaks": false,
      "numFailingTests": 0,
      "numPassingTests": 1,
      "numPendingTests": 0,
      "numTodoTests": 0,
      "openHandles": [],
      "perfStats": {
        "start": 1738365572506,
        "end": 1738365572507,
        "duration": 1,
        "runtime": 1,
        "slow": false
      },
      "skipped": false,
      "snapshot": {
        "added": 0,
        "fileDeleted": false,
        "matched": 0,
        "unchecked": 0,
        "uncheckedKeys": [],
        "unmatched": 0,
        "updated": 0
      },
      "testFilePath": "/Users/pejmanhaghighatnia/Bleu.js/src/backend/tests/decisionTree.test.js",
      "testResults": [
        {
          "duration": 1,
          "ancestorTitles": [],
          "failureDetails": [],
          "failureMessages": [],
          "testFilePath": "/Users/pejmanhaghighatnia/Bleu.js/src/backend/tests/decisionTree.test.js",
          "numPassingAsserts": 1,
          "status": "passed",
          "title": "ESLint"
        }
      ],
      "cliOptions": {
        "cache": false,
        "cacheLocation": ".eslintcache",
        "fixDryRun": false,
        "maxWarnings": -1,
        "ignore": true,
        "allowInlineConfig": true,
        "quiet": false,
        "overrideConfigFile": null,
        "overrideConfig": {
          "linterOptions": {
            "reportUnusedDisableDirectives": false
          }
        }
      }
    },
    {
      "leaks": false,
      "numFailingTests": 0,
      "numPassingTests": 1,
      "numPendingTests": 0,
      "numTodoTests": 0,
      "openHandles": [],
      "perfStats": {
        "start": 1738365572511,
        "end": 1738365572515,
        "duration": 4,
        "runtime": 4,
        "slow": false
      },
      "skipped": false,
      "snapshot": {
        "added": 0,
        "fileDeleted": false,
        "matched": 0,
        "unchecked": 0,
        "uncheckedKeys": [],
        "unmatched": 0,
        "updated": 0
      },
      "testFilePath": "/Users/pejmanhaghighatnia/Bleu.js/src/backend/tests/apiGenerateEgg.test.js",
      "testResults": [
        {
          "duration": 4,
          "ancestorTitles": [],
          "failureDetails": [],
          "failureMessages": [],
          "testFilePath": "/Users/pejmanhaghighatnia/Bleu.js/src/backend/tests/apiGenerateEgg.test.js",
          "numPassingAsserts": 1,
          "status": "passed",
          "title": "ESLint"
        }
      ],
      "cliOptions": {
        "cache": false,
        "cacheLocation": ".eslintcache",
        "fixDryRun": false,
        "maxWarnings": -1,
        "ignore": true,
        "allowInlineConfig": true,
        "quiet": false,
        "overrideConfigFile": null,
        "overrideConfig": {
          "linterOptions": {
            "reportUnusedDisableDirectives": false
          }
        }
      }
    },
    {
      "leaks": false,
      "numFailingTests": 0,
      "numPassingTests": 1,
      "numPendingTests": 0,
      "numTodoTests": 0,
      "openHandles": [],
      "perfStats": {
        "start": 1738365572520,
        "end": 1738365572521,
        "duration": 1,
        "runtime": 1,
        "slow": false
      },
      "skipped": false,
      "snapshot": {
        "added": 0,
        "fileDeleted": false,
        "matched": 0,
        "unchecked": 0,
        "uncheckedKeys": [],
        "unmatched": 0,
        "updated": 0
      },
      "testFilePath": "/Users/pejmanhaghighatnia/Bleu.js/src/backend/tests/seedDatabase.test.js",
      "testResults": [
        {
          "duration": 1,
          "ancestorTitles": [],
          "failureDetails": [],
          "failureMessages": [],
          "testFilePath": "/Users/pejmanhaghighatnia/Bleu.js/src/backend/tests/seedDatabase.test.js",
          "numPassingAsserts": 1,
          "status": "passed",
          "title": "ESLint"
        }
      ],
      "cliOptions": {
        "cache": false,
        "cacheLocation": ".eslintcache",
        "fixDryRun": false,
        "maxWarnings": -1,
        "ignore": true,
        "allowInlineConfig": true,
        "quiet": false,
        "overrideConfigFile": null,
        "overrideConfig": {
          "linterOptions": {
            "reportUnusedDisableDirectives": false
          }
        }
      }
    },
    {
      "leaks": false,
      "numFailingTests": 0,
      "numPassingTests": 1,
      "numPendingTests": 0,
      "numTodoTests": 0,
      "openHandles": [],
      "perfStats": {
        "start": 1738365572525,
        "end": 1738365572527,
        "duration": 2,
        "runtime": 2,
        "slow": false
      },
      "skipped": false,
      "snapshot": {
        "added": 0,
        "fileDeleted": false,
        "matched": 0,
        "unchecked": 0,
        "uncheckedKeys": [],
        "unmatched": 0,
        "updated": 0
      },
      "testFilePath": "/Users/pejmanhaghighatnia/Bleu.js/src/backend/tests/testSequencer.test.js",
      "testResults": [
        {
          "duration": 2,
          "ancestorTitles": [],
          "failureDetails": [],
          "failureMessages": [],
          "testFilePath": "/Users/pejmanhaghighatnia/Bleu.js/src/backend/tests/testSequencer.test.js",
          "numPassingAsserts": 1,
          "status": "passed",
          "title": "ESLint"
        }
      ],
      "cliOptions": {
        "cache": false,
        "cacheLocation": ".eslintcache",
        "fixDryRun": false,
        "maxWarnings": -1,
        "ignore": true,
        "allowInlineConfig": true,
        "quiet": false,
        "overrideConfigFile": null,
        "overrideConfig": {
          "linterOptions": {
            "reportUnusedDisableDirectives": false
          }
        }
      }
    },
    {
      "leaks": false,
      "numFailingTests": 0,
      "numPassingTests": 1,
      "numPendingTests": 0,
      "numTodoTests": 0,
      "openHandles": [],
      "perfStats": {
        "start": 1738365572531,
        "end": 1738365572532,
        "duration": 1,
        "runtime": 1,
        "slow": false
      },
      "skipped": false,
      "snapshot": {
        "added": 0,
        "fileDeleted": false,
        "matched": 0,
        "unchecked": 0,
        "uncheckedKeys": [],
        "unmatched": 0,
        "updated": 0
      },
      "testFilePath": "/Users/pejmanhaghighatnia/Bleu.js/src/backend/tests/apiController.test.js",
      "testResults": [
        {
          "duration": 1,
          "ancestorTitles": [],
          "failureDetails": [],
          "failureMessages": [],
          "testFilePath": "/Users/pejmanhaghighatnia/Bleu.js/src/backend/tests/apiController.test.js",
          "numPassingAsserts": 1,
          "status": "passed",
          "title": "ESLint"
        }
      ],
      "cliOptions": {
        "cache": false,
        "cacheLocation": ".eslintcache",
        "fixDryRun": false,
        "maxWarnings": -1,
        "ignore": true,
        "allowInlineConfig": true,
        "quiet": false,
        "overrideConfigFile": null,
        "overrideConfig": {
          "linterOptions": {
            "reportUnusedDisableDirectives": false
          }
        }
      }
    },
    {
      "leaks": false,
      "numFailingTests": 0,
      "numPassingTests": 1,
      "numPendingTests": 0,
      "numTodoTests": 0,
      "openHandles": [],
      "perfStats": {
        "start": 1738365572537,
        "end": 1738365572538,
        "duration": 1,
        "runtime": 1,
        "slow": false
      },
      "skipped": false,
      "snapshot": {
        "added": 0,
        "fileDeleted": false,
        "matched": 0,
        "unchecked": 0,
        "uncheckedKeys": [],
        "unmatched": 0,
        "updated": 0
      },
      "testFilePath": "/Users/pejmanhaghighatnia/Bleu.js/src/backend/mocks/AiQuery.js",
      "testResults": [
        {
          "duration": 1,
          "ancestorTitles": [],
          "failureDetails": [],
          "failureMessages": [],
          "testFilePath": "/Users/pejmanhaghighatnia/Bleu.js/src/backend/mocks/AiQuery.js",
          "numPassingAsserts": 1,
          "status": "passed",
          "title": "ESLint"
        }
      ],
      "cliOptions": {
        "cache": false,
        "cacheLocation": ".eslintcache",
        "fixDryRun": false,
        "maxWarnings": -1,
        "ignore": true,
        "allowInlineConfig": true,
        "quiet": false,
        "overrideConfigFile": null,
        "overrideConfig": {
          "linterOptions": {
            "reportUnusedDisableDirectives": false
          }
        }
      }
    },
    {
      "leaks": false,
      "numFailingTests": 0,
      "numPassingTests": 1,
      "numPendingTests": 0,
      "numTodoTests": 0,
      "openHandles": [],
      "perfStats": {
        "start": 1738365572542,
        "end": 1738365572543,
        "duration": 1,
        "runtime": 1,
        "slow": false
      },
      "skipped": false,
      "snapshot": {
        "added": 0,
        "fileDeleted": false,
        "matched": 0,
        "unchecked": 0,
        "uncheckedKeys": [],
        "unmatched": 0,
        "updated": 0
      },
      "testFilePath": "/Users/pejmanhaghighatnia/Bleu.js/language-plugins/javascript/src/index.js",
      "testResults": [
        {
          "duration": 1,
          "ancestorTitles": [],
          "failureDetails": [],
          "failureMessages": [],
          "testFilePath": "/Users/pejmanhaghighatnia/Bleu.js/language-plugins/javascript/src/index.js",
          "numPassingAsserts": 1,
          "status": "passed",
          "title": "ESLint"
        }
      ],
      "cliOptions": {
        "cache": false,
        "cacheLocation": ".eslintcache",
        "fixDryRun": false,
        "maxWarnings": -1,
        "ignore": true,
        "allowInlineConfig": true,
        "quiet": false,
        "overrideConfigFile": null,
        "overrideConfig": {
          "linterOptions": {
            "reportUnusedDisableDirectives": false
          }
        }
      }
    },
    {
      "leaks": false,
      "numFailingTests": 0,
      "numPassingTests": 1,
      "numPendingTests": 0,
      "numTodoTests": 0,
      "openHandles": [],
      "perfStats": {
        "start": 1738365572548,
        "end": 1738365572551,
        "duration": 3,
        "runtime": 3,
        "slow": false
      },
      "skipped": false,
      "snapshot": {
        "added": 0,
        "fileDeleted": false,
        "matched": 0,
        "unchecked": 0,
        "uncheckedKeys": [],
        "unmatched": 0,
        "updated": 0
      },
      "testFilePath": "/Users/pejmanhaghighatnia/Bleu.js/language-plugins/javascript/src/JSProcessor.js",
      "testResults": [
        {
          "duration": 3,
          "ancestorTitles": [],
          "failureDetails": [],
          "failureMessages": [],
          "testFilePath": "/Users/pejmanhaghighatnia/Bleu.js/language-plugins/javascript/src/JSProcessor.js",
          "numPassingAsserts": 1,
          "status": "passed",
          "title": "ESLint"
        }
      ],
      "cliOptions": {
        "cache": false,
        "cacheLocation": ".eslintcache",
        "fixDryRun": false,
        "maxWarnings": -1,
        "ignore": true,
        "allowInlineConfig": true,
        "quiet": false,
        "overrideConfigFile": null,
        "overrideConfig": {
          "linterOptions": {
            "reportUnusedDisableDirectives": false
          }
        }
      }
    },
    {
      "leaks": false,
      "numFailingTests": 0,
      "numPassingTests": 1,
      "numPendingTests": 0,
      "numTodoTests": 0,
      "openHandles": [],
      "perfStats": {
        "start": 1738365572556,
        "end": 1738365572557,
        "duration": 1,
        "runtime": 1,
        "slow": false
      },
      "skipped": false,
      "snapshot": {
        "added": 0,
        "fileDeleted": false,
        "matched": 0,
        "unchecked": 0,
        "uncheckedKeys": [],
        "unmatched": 0,
        "updated": 0
      },
      "testFilePath": "/Users/pejmanhaghighatnia/Bleu.js/language-plugins/javascript/tests/index.test.js",
      "testResults": [
        {
          "duration": 1,
          "ancestorTitles": [],
          "failureDetails": [],
          "failureMessages": [],
          "testFilePath": "/Users/pejmanhaghighatnia/Bleu.js/language-plugins/javascript/tests/index.test.js",
          "numPassingAsserts": 1,
          "status": "passed",
          "title": "ESLint"
        }
      ],
      "cliOptions": {
        "cache": false,
        "cacheLocation": ".eslintcache",
        "fixDryRun": false,
        "maxWarnings": -1,
        "ignore": true,
        "allowInlineConfig": true,
        "quiet": false,
        "overrideConfigFile": null,
        "overrideConfig": {
          "linterOptions": {
            "reportUnusedDisableDirectives": false
          }
        }
      }
    },
    {
      "leaks": false,
      "numFailingTests": 0,
      "numPassingTests": 1,
      "numPendingTests": 0,
      "numTodoTests": 0,
      "openHandles": [],
      "perfStats": {
        "start": 1738365572562,
        "end": 1738365572563,
        "duration": 1,
        "runtime": 1,
        "slow": false
      },
      "skipped": false,
      "snapshot": {
        "added": 0,
        "fileDeleted": false,
        "matched": 0,
        "unchecked": 0,
        "uncheckedKeys": [],
        "unmatched": 0,
        "updated": 0
      },
      "testFilePath": "/Users/pejmanhaghighatnia/Bleu.js/coverage/lcov-report/block-navigation.js",
      "testResults": [
        {
          "duration": 1,
          "ancestorTitles": [],
          "failureDetails": [],
          "failureMessages": [],
          "testFilePath": "/Users/pejmanhaghighatnia/Bleu.js/coverage/lcov-report/block-navigation.js",
          "numPassingAsserts": 1,
          "status": "passed",
          "title": "ESLint"
        }
      ],
      "cliOptions": {
        "cache": false,
        "cacheLocation": ".eslintcache",
        "fixDryRun": false,
        "maxWarnings": -1,
        "ignore": true,
        "allowInlineConfig": true,
        "quiet": false,
        "overrideConfigFile": null,
        "overrideConfig": {
          "linterOptions": {
            "reportUnusedDisableDirectives": false
          }
        }
      }
    },
    {
      "leaks": false,
      "numFailingTests": 0,
      "numPassingTests": 1,
      "numPendingTests": 0,
      "numTodoTests": 0,
      "openHandles": [],
      "perfStats": {
        "start": 1738365572568,
        "end": 1738365572569,
        "duration": 1,
        "runtime": 1,
        "slow": false
      },
      "skipped": false,
      "snapshot": {
        "added": 0,
        "fileDeleted": false,
        "matched": 0,
        "unchecked": 0,
        "uncheckedKeys": [],
        "unmatched": 0,
        "updated": 0
      },
      "testFilePath": "/Users/pejmanhaghighatnia/Bleu.js/.simple-git-hooks.js",
      "testResults": [
        {
          "duration": 1,
          "ancestorTitles": [],
          "failureDetails": [],
          "failureMessages": [],
          "testFilePath": "/Users/pejmanhaghighatnia/Bleu.js/.simple-git-hooks.js",
          "numPassingAsserts": 1,
          "status": "passed",
          "title": "ESLint"
        }
      ],
      "cliOptions": {
        "cache": false,
        "cacheLocation": ".eslintcache",
        "fixDryRun": false,
        "maxWarnings": -1,
        "ignore": true,
        "allowInlineConfig": true,
        "quiet": false,
        "overrideConfigFile": null,
        "overrideConfig": {
          "linterOptions": {
            "reportUnusedDisableDirectives": false
          }
        }
      }
    },
    {
      "leaks": false,
      "numFailingTests": 0,
      "numPassingTests": 1,
      "numPendingTests": 0,
      "numTodoTests": 0,
      "openHandles": [],
      "perfStats": {
        "start": 1738365572573,
        "end": 1738365572575,
        "duration": 2,
        "runtime": 2,
        "slow": false
      },
      "skipped": false,
      "snapshot": {
        "added": 0,
        "fileDeleted": false,
        "matched": 0,
        "unchecked": 0,
        "uncheckedKeys": [],
        "unmatched": 0,
        "updated": 0
      },
      "testFilePath": "/Users/pejmanhaghighatnia/Bleu.js/dependency-management/test.js",
      "testResults": [
        {
          "duration": 2,
          "ancestorTitles": [],
          "failureDetails": [],
          "failureMessages": [],
          "testFilePath": "/Users/pejmanhaghighatnia/Bleu.js/dependency-management/test.js",
          "numPassingAsserts": 1,
          "status": "passed",
          "title": "ESLint"
        }
      ],
      "cliOptions": {
        "cache": false,
        "cacheLocation": ".eslintcache",
        "fixDryRun": false,
        "maxWarnings": -1,
        "ignore": true,
        "allowInlineConfig": true,
        "quiet": false,
        "overrideConfigFile": null,
        "overrideConfig": {
          "linterOptions": {
            "reportUnusedDisableDirectives": false
          }
        }
      }
    },
    {
      "leaks": false,
      "numFailingTests": 0,
      "numPassingTests": 1,
      "numPendingTests": 0,
      "numTodoTests": 0,
      "openHandles": [],
      "perfStats": {
        "start": 1738365572579,
        "end": 1738365572581,
        "duration": 2,
        "runtime": 2,
        "slow": false
      },
      "skipped": false,
      "snapshot": {
        "added": 0,
        "fileDeleted": false,
        "matched": 0,
        "unchecked": 0,
        "uncheckedKeys": [],
        "unmatched": 0,
        "updated": 0
      },
      "testFilePath": "/Users/pejmanhaghighatnia/Bleu.js/manualConnectionTest.js",
      "testResults": [
        {
          "duration": 2,
          "ancestorTitles": [],
          "failureDetails": [],
          "failureMessages": [],
          "testFilePath": "/Users/pejmanhaghighatnia/Bleu.js/manualConnectionTest.js",
          "numPassingAsserts": 1,
          "status": "passed",
          "title": "ESLint"
        }
      ],
      "cliOptions": {
        "cache": false,
        "cacheLocation": ".eslintcache",
        "fixDryRun": false,
        "maxWarnings": -1,
        "ignore": true,
        "allowInlineConfig": true,
        "quiet": false,
        "overrideConfigFile": null,
        "overrideConfig": {
          "linterOptions": {
            "reportUnusedDisableDirectives": false
          }
        }
      }
    },
    {
      "leaks": false,
      "numFailingTests": 0,
      "numPassingTests": 1,
      "numPendingTests": 0,
      "numTodoTests": 0,
      "openHandles": [],
      "perfStats": {
        "start": 1738365572586,
        "end": 1738365572587,
        "duration": 1,
        "runtime": 1,
        "slow": false
      },
      "skipped": false,
      "snapshot": {
        "added": 0,
        "fileDeleted": false,
        "matched": 0,
        "unchecked": 0,
        "uncheckedKeys": [],
        "unmatched": 0,
        "updated": 0
      },
      "testFilePath": "/Users/pejmanhaghighatnia/Bleu.js/output/lcov-report/block-navigation.js",
      "testResults": [
        {
          "duration": 1,
          "ancestorTitles": [],
          "failureDetails": [],
          "failureMessages": [],
          "testFilePath": "/Users/pejmanhaghighatnia/Bleu.js/output/lcov-report/block-navigation.js",
          "numPassingAsserts": 1,
          "status": "passed",
          "title": "ESLint"
        }
      ],
      "cliOptions": {
        "cache": false,
        "cacheLocation": ".eslintcache",
        "fixDryRun": false,
        "maxWarnings": -1,
        "ignore": true,
        "allowInlineConfig": true,
        "quiet": false,
        "overrideConfigFile": null,
        "overrideConfig": {
          "linterOptions": {
            "reportUnusedDisableDirectives": false
          }
        }
      }
    },
    {
      "leaks": false,
      "numFailingTests": 0,
      "numPassingTests": 1,
      "numPendingTests": 0,
      "numTodoTests": 0,
      "openHandles": [],
      "perfStats": {
        "start": 1738365572591,
        "end": 1738365572594,
        "duration": 3,
        "runtime": 3,
        "slow": false
      },
      "skipped": false,
      "snapshot": {
        "added": 0,
        "fileDeleted": false,
        "matched": 0,
        "unchecked": 0,
        "uncheckedKeys": [],
        "unmatched": 0,
        "updated": 0
      },
      "testFilePath": "/Users/pejmanhaghighatnia/Bleu.js/eslint.generated.config.js",
      "testResults": [
        {
          "duration": 3,
          "ancestorTitles": [],
          "failureDetails": [],
          "failureMessages": [],
          "testFilePath": "/Users/pejmanhaghighatnia/Bleu.js/eslint.generated.config.js",
          "numPassingAsserts": 1,
          "status": "passed",
          "title": "ESLint"
        }
      ],
      "cliOptions": {
        "cache": false,
        "cacheLocation": ".eslintcache",
        "fixDryRun": false,
        "maxWarnings": -1,
        "ignore": true,
        "allowInlineConfig": true,
        "quiet": false,
        "overrideConfigFile": null,
        "overrideConfig": {
          "linterOptions": {
            "reportUnusedDisableDirectives": false
          }
        }
      }
    },
    {
      "leaks": false,
      "numFailingTests": 0,
      "numPassingTests": 1,
      "numPendingTests": 0,
      "numTodoTests": 0,
      "openHandles": [],
      "perfStats": {
        "start": 1738365572598,
        "end": 1738365572599,
        "duration": 1,
        "runtime": 1,
        "slow": false
      },
      "skipped": false,
      "snapshot": {
        "added": 0,
        "fileDeleted": false,
        "matched": 0,
        "unchecked": 0,
        "uncheckedKeys": [],
        "unmatched": 0,
        "updated": 0
      },
      "testFilePath": "/Users/pejmanhaghighatnia/Bleu.js/eggs-generator/src/generateEgg.js",
      "testResults": [
        {
          "duration": 1,
          "ancestorTitles": [],
          "failureDetails": [],
          "failureMessages": [],
          "testFilePath": "/Users/pejmanhaghighatnia/Bleu.js/eggs-generator/src/generateEgg.js",
          "numPassingAsserts": 1,
          "status": "passed",
          "title": "ESLint"
        }
      ],
      "cliOptions": {
        "cache": false,
        "cacheLocation": ".eslintcache",
        "fixDryRun": false,
        "maxWarnings": -1,
        "ignore": true,
        "allowInlineConfig": true,
        "quiet": false,
        "overrideConfigFile": null,
        "overrideConfig": {
          "linterOptions": {
            "reportUnusedDisableDirectives": false
          }
        }
      }
    },
    {
      "leaks": false,
      "numFailingTests": 0,
      "numPassingTests": 1,
      "numPendingTests": 0,
      "numTodoTests": 0,
      "openHandles": [],
      "perfStats": {
        "start": 1738365572604,
        "end": 1738365572605,
        "duration": 1,
        "runtime": 1,
        "slow": false
      },
      "skipped": false,
      "snapshot": {
        "added": 0,
        "fileDeleted": false,
        "matched": 0,
        "unchecked": 0,
        "uncheckedKeys": [],
        "unmatched": 0,
        "updated": 0
      },
      "testFilePath": "/Users/pejmanhaghighatnia/Bleu.js/eggs-generator/coverage/block-navigation.js",
      "testResults": [
        {
          "duration": 1,
          "ancestorTitles": [],
          "failureDetails": [],
          "failureMessages": [],
          "testFilePath": "/Users/pejmanhaghighatnia/Bleu.js/eggs-generator/coverage/block-navigation.js",
          "numPassingAsserts": 1,
          "status": "passed",
          "title": "ESLint"
        }
      ],
      "cliOptions": {
        "cache": false,
        "cacheLocation": ".eslintcache",
        "fixDryRun": false,
        "maxWarnings": -1,
        "ignore": true,
        "allowInlineConfig": true,
        "quiet": false,
        "overrideConfigFile": null,
        "overrideConfig": {
          "linterOptions": {
            "reportUnusedDisableDirectives": false
          }
        }
      }
    },
    {
      "leaks": false,
      "numFailingTests": 0,
      "numPassingTests": 1,
      "numPendingTests": 0,
      "numTodoTests": 0,
      "openHandles": [],
      "perfStats": {
        "start": 1738365572610,
        "end": 1738365572611,
        "duration": 1,
        "runtime": 1,
        "slow": false
      },
      "skipped": false,
      "snapshot": {
        "added": 0,
        "fileDeleted": false,
        "matched": 0,
        "unchecked": 0,
        "uncheckedKeys": [],
        "unmatched": 0,
        "updated": 0
      },
      "testFilePath": "/Users/pejmanhaghighatnia/Bleu.js/eggs-generator/tests/index.js",
      "testResults": [
        {
          "duration": 1,
          "ancestorTitles": [],
          "failureDetails": [],
          "failureMessages": [],
          "testFilePath": "/Users/pejmanhaghighatnia/Bleu.js/eggs-generator/tests/index.js",
          "numPassingAsserts": 1,
          "status": "passed",
          "title": "ESLint"
        }
      ],
      "cliOptions": {
        "cache": false,
        "cacheLocation": ".eslintcache",
        "fixDryRun": false,
        "maxWarnings": -1,
        "ignore": true,
        "allowInlineConfig": true,
        "quiet": false,
        "overrideConfigFile": null,
        "overrideConfig": {
          "linterOptions": {
            "reportUnusedDisableDirectives": false
          }
        }
      }
    },
    {
      "leaks": false,
      "numFailingTests": 0,
      "numPassingTests": 1,
      "numPendingTests": 0,
      "numTodoTests": 0,
      "openHandles": [],
      "perfStats": {
        "start": 1738365572616,
        "end": 1738365572618,
        "duration": 2,
        "runtime": 2,
        "slow": false
      },
      "skipped": false,
      "snapshot": {
        "added": 0,
        "fileDeleted": false,
        "matched": 0,
        "unchecked": 0,
        "uncheckedKeys": [],
        "unmatched": 0,
        "updated": 0
      },
      "testFilePath": "/Users/pejmanhaghighatnia/Bleu.js/eggs-generator/__mocks__/HenFarm.js",
      "testResults": [
        {
          "duration": 2,
[...]
          "numPassingAsserts": 1,
          "status": "passed",
          "title": "ESLint"
        }
      ],
      "cliOptions": {
        "cache": false,
        "cacheLocation": ".eslintcache",
        "fixDryRun": false,
        "maxWarnings": -1,
        "ignore": true,
        "allowInlineConfig": true,
        "quiet": false,
        "overrideConfigFile": null,
        "overrideConfig": {
          "linterOptions": {
            "reportUnusedDisableDirectives": false
          }
        }
      }
    },
    {
      "leaks": false,
      "numFailingTests": 0,
      "numPassingTests": 1,
      "numPendingTests": 0,
      "numTodoTests": 0,
      "openHandles": [],
      "perfStats": {
        "start": 1738365572741,
        "end": 1738365572742,
        "duration": 1,
        "runtime": 1,
        "slow": false
      },
      "skipped": false,
      "snapshot": {
        "added": 0,
        "fileDeleted": false,
        "matched": 0,
        "unchecked": 0,
        "uncheckedKeys": [],
        "unmatched": 0,
        "updated": 0
      },
      "testFilePath": "/Users/pejmanhaghighatnia/Bleu.js/eslint.config.js",
      "testResults": [
        {
          "duration": 1,
          "ancestorTitles": [],
          "failureDetails": [],
          "failureMessages": [],
          "testFilePath": "/Users/pejmanhaghighatnia/Bleu.js/eslint.config.js",
          "numPassingAsserts": 1,
          "status": "passed",
          "title": "ESLint"
        }
      ],
      "cliOptions": {
        "cache": false,
        "cacheLocation": ".eslintcache",
        "fixDryRun": false,
        "maxWarnings": -1,
        "ignore": true,
        "allowInlineConfig": true,
        "quiet": false,
        "overrideConfigFile": null,
        "overrideConfig": {
          "linterOptions": {
            "reportUnusedDisableDirectives": false
          }
        }
      }
    },
    {
      "leaks": false,
      "numFailingTests": 0,
      "numPassingTests": 1,
      "numPendingTests": 0,
      "numTodoTests": 0,
      "openHandles": [],
      "perfStats": {
        "start": 1738365572747,
        "end": 1738365572749,
        "duration": 2,
        "runtime": 2,
        "slow": false
      },
      "skipped": false,
      "snapshot": {
        "added": 0,
        "fileDeleted": false,
        "matched": 0,
        "unchecked": 0,
        "uncheckedKeys": [],
        "unmatched": 0,
        "updated": 0
      },
      "testFilePath": "/Users/pejmanhaghighatnia/Bleu.js/scripts/preinstall.js",
      "testResults": [
        {
          "duration": 2,
          "ancestorTitles": [],
          "failureDetails": [],
          "failureMessages": [],
          "testFilePath": "/Users/pejmanhaghighatnia/Bleu.js/scripts/preinstall.js",
          "numPassingAsserts": 1,
          "status": "passed",
          "title": "ESLint"
        }
      ],
      "cliOptions": {
        "cache": false,
        "cacheLocation": ".eslintcache",
        "fixDryRun": false,
        "maxWarnings": -1,
        "ignore": true,
        "allowInlineConfig": true,
        "quiet": false,
        "overrideConfigFile": null,
        "overrideConfig": {
          "linterOptions": {
            "reportUnusedDisableDirectives": false
          }
        }
      }
    },
    {
      "leaks": false,
      "numFailingTests": 0,
      "numPassingTests": 1,
      "numPendingTests": 0,
      "numTodoTests": 0,
      "openHandles": [],
      "perfStats": {
        "start": 1738365572755,
        "end": 1738365572760,
        "duration": 5,
        "runtime": 5,
        "slow": false
      },
      "skipped": false,
      "snapshot": {
        "added": 0,
        "fileDeleted": false,
        "matched": 0,
        "unchecked": 0,
        "uncheckedKeys": [],
        "unmatched": 0,
        "updated": 0
      },
      "testFilePath": "/Users/pejmanhaghighatnia/Bleu.js/generateRuleId.js",
      "testResults": [
        {
          "duration": 5,
          "ancestorTitles": [],
          "failureDetails": [],
          "failureMessages": [],
          "testFilePath": "/Users/pejmanhaghighatnia/Bleu.js/generateRuleId.js",
          "numPassingAsserts": 1,
          "status": "passed",
          "title": "ESLint"
        }
      ],
      "cliOptions": {
        "cache": false,
        "cacheLocation": ".eslintcache",
        "fixDryRun": false,
        "maxWarnings": -1,
        "ignore": true,
        "allowInlineConfig": true,
        "quiet": false,
        "overrideConfigFile": null,
        "overrideConfig": {
          "linterOptions": {
            "reportUnusedDisableDirectives": false
          }
        }
      }
    },
    {
      "leaks": false,
      "numFailingTests": 0,
      "numPassingTests": 1,
      "numPendingTests": 0,
      "numTodoTests": 0,
      "openHandles": [],
      "perfStats": {
        "start": 1738365572789,
        "end": 1738365572793,
        "duration": 4,
        "runtime": 4,
        "slow": false
      },
      "skipped": false,
      "snapshot": {
        "added": 0,
        "fileDeleted": false,
        "matched": 0,
        "unchecked": 0,
        "uncheckedKeys": [],
        "unmatched": 0,
        "updated": 0
      },
      "testFilePath": "/Users/pejmanhaghighatnia/Bleu.js/collaboration-tools/src/index.js",
      "testResults": [
        {
          "duration": 4,
          "ancestorTitles": [],
          "failureDetails": [],
          "failureMessages": [],
          "testFilePath": "/Users/pejmanhaghighatnia/Bleu.js/collaboration-tools/src/index.js",
          "numPassingAsserts": 1,
          "status": "passed",
          "title": "ESLint"
        }
      ],
      "cliOptions": {
        "cache": false,
        "cacheLocation": ".eslintcache",
        "fixDryRun": false,
        "maxWarnings": -1,
        "ignore": true,
        "allowInlineConfig": true,
        "quiet": false,
        "overrideConfigFile": null,
        "overrideConfig": {
          "linterOptions": {
            "reportUnusedDisableDirectives": false
          }
        }
      }
    },
    {
      "leaks": false,
      "numFailingTests": 0,
      "numPassingTests": 1,
      "numPendingTests": 0,
      "numTodoTests": 0,
      "openHandles": [],
      "perfStats": {
        "start": 1738365572805,
        "end": 1738365572806,
        "duration": 1,
        "runtime": 1,
        "slow": false
      },
      "skipped": false,
      "snapshot": {
        "added": 0,
        "fileDeleted": false,
        "matched": 0,
        "unchecked": 0,
        "uncheckedKeys": [],
        "unmatched": 0,
        "updated": 0
      },
      "testFilePath": "/Users/pejmanhaghighatnia/Bleu.js/vite.config.js",
      "testResults": [
        {
          "duration": 1,
          "ancestorTitles": [],
          "failureDetails": [],
          "failureMessages": [],
          "testFilePath": "/Users/pejmanhaghighatnia/Bleu.js/vite.config.js",
          "numPassingAsserts": 1,
          "status": "passed",
          "title": "ESLint"
        }
      ],
      "cliOptions": {
        "cache": false,
        "cacheLocation": ".eslintcache",
        "fixDryRun": false,
        "maxWarnings": -1,
        "ignore": true,
        "allowInlineConfig": true,
        "quiet": false,
        "overrideConfigFile": null,
        "overrideConfig": {
          "linterOptions": {
            "reportUnusedDisableDirectives": false
          }
        }
      }
    },
    {
      "leaks": false,
      "numFailingTests": 0,
      "numPassingTests": 1,
      "numPendingTests": 0,
      "numTodoTests": 0,
      "openHandles": [],
      "perfStats": {
        "start": 1738365572812,
        "end": 1738365572814,
        "duration": 2,
        "runtime": 2,
        "slow": false
      },
      "skipped": false,
      "snapshot": {
        "added": 0,
        "fileDeleted": false,
        "matched": 0,
        "unchecked": 0,
        "uncheckedKeys": [],
        "unmatched": 0,
        "updated": 0
      },
      "testFilePath": "/Users/pejmanhaghighatnia/Bleu.js/output/block-navigation.js",
      "testResults": [
        {
          "duration": 2,
          "ancestorTitles": [],
          "failureDetails": [],
          "failureMessages": [],
          "testFilePath": "/Users/pejmanhaghighatnia/Bleu.js/output/block-navigation.js",
          "numPassingAsserts": 1,
          "status": "passed",
          "title": "ESLint"
        }
      ],
      "cliOptions": {
        "cache": false,
        "cacheLocation": ".eslintcache",
        "fixDryRun": false,
        "maxWarnings": -1,
        "ignore": true,
        "allowInlineConfig": true,
        "quiet": false,
        "overrideConfigFile": null,
        "overrideConfig": {
          "linterOptions": {
            "reportUnusedDisableDirectives": false
          }
        }
      }
    },
    {
      "leaks": false,
      "numFailingTests": 0,
      "numPassingTests": 1,
      "numPendingTests": 0,
      "numTodoTests": 0,
      "openHandles": [],
      "perfStats": {
        "start": 1738365572819,
        "end": 1738365572821,
        "duration": 2,
        "runtime": 2,
        "slow": false
      },
      "skipped": false,
      "snapshot": {
        "added": 0,
        "fileDeleted": false,
        "matched": 0,
        "unchecked": 0,
        "uncheckedKeys": [],
        "unmatched": 0,
        "updated": 0
      },
      "testFilePath": "/Users/pejmanhaghighatnia/Bleu.js/eggs-generator/coverage/lcov-report/block-navigation.js",
      "testResults": [
        {
          "duration": 2,
          "ancestorTitles": [],
          "failureDetails": [],
          "failureMessages": [],
          "testFilePath": "/Users/pejmanhaghighatnia/Bleu.js/eggs-generator/coverage/lcov-report/block-navigation.js",
          "numPassingAsserts": 1,
          "status": "passed",
          "title": "ESLint"
        }
      ],
      "cliOptions": {
        "cache": false,
        "cacheLocation": ".eslintcache",
        "fixDryRun": false,
        "maxWarnings": -1,
        "ignore": true,
        "allowInlineConfig": true,
        "quiet": false,
        "overrideConfigFile": null,
        "overrideConfig": {
          "linterOptions": {
            "reportUnusedDisableDirectives": false
          }
        }
      }
    },
    {
      "leaks": false,
      "numFailingTests": 0,
      "numPassingTests": 1,
      "numPendingTests": 0,
      "numTodoTests": 0,
      "openHandles": [],
      "perfStats": {
        "start": 1738365572826,
        "end": 1738365572827,
        "duration": 1,
        "runtime": 1,
        "slow": false
      },
      "skipped": false,
      "snapshot": {
        "added": 0,
        "fileDeleted": false,
        "matched": 0,
        "unchecked": 0,
        "uncheckedKeys": [],
        "unmatched": 0,
        "updated": 0
      },
      "testFilePath": "/Users/pejmanhaghighatnia/Bleu.js/eggs-generator/jest.setup.js",
      "testResults": [
        {
          "duration": 1,
          "ancestorTitles": [],
          "failureDetails": [],
          "failureMessages": [],
          "testFilePath": "/Users/pejmanhaghighatnia/Bleu.js/eggs-generator/jest.setup.js",
          "numPassingAsserts": 1,
          "status": "passed",
          "title": "ESLint"
        }
      ],
      "cliOptions": {
        "cache": false,
        "cacheLocation": ".eslintcache",
        "fixDryRun": false,
        "maxWarnings": -1,
        "ignore": true,
        "allowInlineConfig": true,
        "quiet": false,
        "overrideConfigFile": null,
        "overrideConfig": {
          "linterOptions": {
            "reportUnusedDisableDirectives": false
          }
        }
      }
    },
    {
      "leaks": false,
      "numFailingTests": 0,
      "numPassingTests": 1,
      "numPendingTests": 0,
      "numTodoTests": 0,
      "openHandles": [],
      "perfStats": {
        "start": 1738365572832,
        "end": 1738365572833,
        "duration": 1,
        "runtime": 1,
        "slow": false
      },
      "skipped": false,
      "snapshot": {
        "added": 0,
        "fileDeleted": false,
        "matched": 0,
        "unchecked": 0,
        "uncheckedKeys": [],
        "unmatched": 0,
        "updated": 0
      },
      "testFilePath": "/Users/pejmanhaghighatnia/Bleu.js/jest.setup.js",
      "testResults": [
        {
          "duration": 1,
          "ancestorTitles": [],
          "failureDetails": [],
          "failureMessages": [],
          "testFilePath": "/Users/pejmanhaghighatnia/Bleu.js/jest.setup.js",
          "numPassingAsserts": 1,
          "status": "passed",
          "title": "ESLint"
        }
      ],
      "cliOptions": {
        "cache": false,
        "cacheLocation": ".eslintcache",
        "fixDryRun": false,
        "maxWarnings": -1,
        "ignore": true,
        "allowInlineConfig": true,
        "quiet": false,
        "overrideConfigFile": null,
        "overrideConfig": {
          "linterOptions": {
            "reportUnusedDisableDirectives": false
          }
        }
      }
    },
    {
      "leaks": false,
      "numFailingTests": 0,
      "numPassingTests": 1,
      "numPendingTests": 0,
      "numTodoTests": 0,
      "openHandles": [],
      "perfStats": {
        "start": 1738365572839,
        "end": 1738365572839,
        "duration": 0,
        "runtime": 0,
        "slow": false
      },
      "skipped": false,
      "snapshot": {
        "added": 0,
        "fileDeleted": false,
        "matched": 0,
        "unchecked": 0,
        "uncheckedKeys": [],
        "unmatched": 0,
        "updated": 0
      },
      "testFilePath": "/Users/pejmanhaghighatnia/Bleu.js/preinstall.js",
      "testResults": [
        {
          "duration": 0,
          "ancestorTitles": [],
          "failureDetails": [],
          "failureMessages": [],
          "testFilePath": "/Users/pejmanhaghighatnia/Bleu.js/preinstall.js",
          "numPassingAsserts": 1,
          "status": "passed",
          "title": "ESLint"
        }
      ],
      "cliOptions": {
        "cache": false,
        "cacheLocation": ".eslintcache",
        "fixDryRun": false,
        "maxWarnings": -1,
        "ignore": true,
        "allowInlineConfig": true,
        "quiet": false,
        "overrideConfigFile": null,
        "overrideConfig": {
          "linterOptions": {
            "reportUnusedDisableDirectives": false
          }
        }
      }
    },
    {
      "leaks": false,
      "numFailingTests": 0,
      "numPassingTests": 1,
      "numPendingTests": 0,
      "numTodoTests": 0,
      "openHandles": [],
      "perfStats": {
        "start": 1738365572844,
        "end": 1738365572845,
        "duration": 1,
        "runtime": 1,
        "slow": false
      },
      "skipped": false,
      "snapshot": {
        "added": 0,
        "fileDeleted": false,
        "matched": 0,
        "unchecked": 0,
        "uncheckedKeys": [],
        "unmatched": 0,
        "updated": 0
      },
      "testFilePath": "/Users/pejmanhaghighatnia/Bleu.js/simple-git-hooks.js",
      "testResults": [
        {
          "duration": 1,
          "ancestorTitles": [],
          "failureDetails": [],
          "failureMessages": [],
          "testFilePath": "/Users/pejmanhaghighatnia/Bleu.js/simple-git-hooks.js",
          "numPassingAsserts": 1,
          "status": "passed",
          "title": "ESLint"
        }
      ],
      "cliOptions": {
        "cache": false,
        "cacheLocation": ".eslintcache",
        "fixDryRun": false,
        "maxWarnings": -1,
        "ignore": true,
        "allowInlineConfig": true,
        "quiet": false,
        "overrideConfigFile": null,
        "overrideConfig": {
          "linterOptions": {
            "reportUnusedDisableDirectives": false
          }
        }
      }
    },
    {
      "leaks": false,
      "numFailingTests": 0,
      "numPassingTests": 1,
      "numPendingTests": 0,
      "numTodoTests": 0,
      "openHandles": [],
      "perfStats": {
        "start": 1738365572850,
        "end": 1738365572851,
        "duration": 1,
        "runtime": 1,
        "slow": false
      },
      "skipped": false,
      "snapshot": {
        "added": 0,
        "fileDeleted": false,
        "matched": 0,
        "unchecked": 0,
        "uncheckedKeys": [],
        "unmatched": 0,
        "updated": 0
      },
      "testFilePath": "/Users/pejmanhaghighatnia/Bleu.js/src/backend/src/models/AiQuery.js",
      "testResults": [
        {
          "duration": 1,
          "ancestorTitles": [],
          "failureDetails": [],
          "failureMessages": [],
          "testFilePath": "/Users/pejmanhaghighatnia/Bleu.js/src/backend/src/models/AiQuery.js",
          "numPassingAsserts": 1,
          "status": "passed",
          "title": "ESLint"
        }
      ],
      "cliOptions": {
        "cache": false,
        "cacheLocation": ".eslintcache",
        "fixDryRun": false,
        "maxWarnings": -1,
        "ignore": true,
        "allowInlineConfig": true,
        "quiet": false,
        "overrideConfigFile": null,
        "overrideConfig": {
          "linterOptions": {
            "reportUnusedDisableDirectives": false
          }
        }
      }
    },
    {
      "leaks": false,
      "numFailingTests": 0,
      "numPassingTests": 1,
      "numPendingTests": 0,
      "numTodoTests": 0,
      "openHandles": [],
      "perfStats": {
        "start": 1738365572856,
        "end": 1738365572857,
        "duration": 1,
        "runtime": 1,
        "slow": false
      },
      "skipped": false,
      "snapshot": {
        "added": 0,
        "fileDeleted": false,
        "matched": 0,
        "unchecked": 0,
        "uncheckedKeys": [],
        "unmatched": 0,
        "updated": 0
      },
      "testFilePath": "/Users/pejmanhaghighatnia/Bleu.js/src/backend/src/utils/lib/Bleu.js",
      "testResults": [
        {
          "duration": 1,
          "ancestorTitles": [],
          "failureDetails": [],
          "failureMessages": [],
          "testFilePath": "/Users/pejmanhaghighatnia/Bleu.js/src/backend/src/utils/lib/Bleu.js",
          "numPassingAsserts": 1,
          "status": "passed",
          "title": "ESLint"
        }
      ],
      "cliOptions": {
        "cache": false,
        "cacheLocation": ".eslintcache",
        "fixDryRun": false,
        "maxWarnings": -1,
        "ignore": true,
        "allowInlineConfig": true,
        "quiet": false,
        "overrideConfigFile": null,
        "overrideConfig": {
          "linterOptions": {
            "reportUnusedDisableDirectives": false
          }
        }
      }
    },
    {
      "leaks": false,
      "numFailingTests": 0,
      "numPassingTests": 1,
      "numPendingTests": 0,
      "numTodoTests": 0,
      "openHandles": [],
      "perfStats": {
        "start": 1738365572861,
        "end": 1738365572862,
        "duration": 1,
        "runtime": 1,
        "slow": false
      },
      "skipped": false,
      "snapshot": {
        "added": 0,
        "fileDeleted": false,
        "matched": 0,
        "unchecked": 0,
        "uncheckedKeys": [],
        "unmatched": 0,
        "updated": 0
      },
      "testFilePath": "/Users/pejmanhaghighatnia/Bleu.js/simpleServer.js",
      "testResults": [
        {
          "duration": 1,
          "ancestorTitles": [],
          "failureDetails": [],
          "failureMessages": [],
          "testFilePath": "/Users/pejmanhaghighatnia/Bleu.js/simpleServer.js",
          "numPassingAsserts": 1,
          "status": "passed",
          "title": "ESLint"
        }
      ],
      "cliOptions": {
        "cache": false,
        "cacheLocation": ".eslintcache",
        "fixDryRun": false,
        "maxWarnings": -1,
        "ignore": true,
        "allowInlineConfig": true,
        "quiet": false,
        "overrideConfigFile": null,
        "overrideConfig": {
          "linterOptions": {
            "reportUnusedDisableDirectives": false
          }
        }
      }
    }
  ],
  "wasInterrupted": false,
  "coverageMap": {}
}